{"numFailedTestSuites":5,"numFailedTests":22,"numPassedTestSuites":18,"numPassedTests":164,"numPendingTestSuites":0,"numPendingTests":0,"numRuntimeErrorTestSuites":0,"numTodoTests":0,"numTotalTestSuites":23,"numTotalTests":186,"openHandles":[],"snapshot":{"added":0,"didUpdate":false,"failure":false,"filesAdded":0,"filesRemoved":0,"filesRemovedList":[],"filesUnmatched":0,"filesUpdated":0,"matched":0,"total":0,"unchecked":0,"uncheckedKeysByFile":[],"unmatched":0,"updated":0},"startTime":1741830237679,"success":false,"testResults":[{"assertionResults":[{"ancestorTitles":["MIDI File Export Module","exportMidiFile"],"duration":10,"failureDetails":[],"failureMessages":[],"fullName":"MIDI File Export Module exportMidiFile should export a MIDI file with a single track","invocations":1,"location":null,"numPassingAsserts":2,"retryReasons":[],"status":"passed","title":"should export a MIDI file with a single track"},{"ancestorTitles":["MIDI File Export Module","exportMidiFile"],"duration":8,"failureDetails":[],"failureMessages":[],"fullName":"MIDI File Export Module exportMidiFile should export a MIDI file with multiple tracks","invocations":1,"location":null,"numPassingAsserts":2,"retryReasons":[],"status":"passed","title":"should export a MIDI file with multiple tracks"},{"ancestorTitles":["MIDI File Export Module","exportMidiFile"],"duration":1,"failureDetails":[],"failureMessages":[],"fullName":"MIDI File Export Module exportMidiFile should handle empty tracks","invocations":1,"location":null,"numPassingAsserts":1,"retryReasons":[],"status":"passed","title":"should handle empty tracks"},{"ancestorTitles":["MIDI File Export Module","exportMidiFile"],"duration":1,"failureDetails":[],"failureMessages":[],"fullName":"MIDI File Export Module exportMidiFile should apply tempo and time signature settings","invocations":1,"location":null,"numPassingAsserts":1,"retryReasons":[],"status":"passed","title":"should apply tempo and time signature settings"},{"ancestorTitles":["MIDI File Export Module","exportMidiFile"],"duration":21,"failureDetails":[],"failureMessages":[],"fullName":"MIDI File Export Module exportMidiFile should throw an error when given an invalid output path","invocations":1,"location":null,"numPassingAsserts":1,"retryReasons":[],"status":"passed","title":"should throw an error when given an invalid output path"},{"ancestorTitles":["MIDI File Export Module","createMidiBuffer"],"duration":1,"failureDetails":[],"failureMessages":[],"fullName":"MIDI File Export Module createMidiBuffer should create a valid MIDI buffer from a sequence","invocations":1,"location":null,"numPassingAsserts":6,"retryReasons":[],"status":"passed","title":"should create a valid MIDI buffer from a sequence"},{"ancestorTitles":["MIDI File Export Module","createMidiBuffer"],"duration":1,"failureDetails":[],"failureMessages":[],"fullName":"MIDI File Export Module createMidiBuffer should include all tracks in the MIDI buffer","invocations":1,"location":null,"numPassingAsserts":1,"retryReasons":[],"status":"passed","title":"should include all tracks in the MIDI buffer"}],"endTime":1741830238524,"message":"","name":"/home/asabaal/asabaal_ventures/repos/midi_song_creation_tool/tests/unit/core/midiFileExport.test.js","startTime":1741830237806,"status":"passed","summary":""},{"assertionResults":[{"ancestorTitles":["Pattern Generators","ChordGenerator"],"duration":6,"failureDetails":[],"failureMessages":[],"fullName":"Pattern Generators ChordGenerator should generate major chord correctly","invocations":1,"location":null,"numPassingAsserts":4,"retryReasons":[],"status":"passed","title":"should generate major chord correctly"},{"ancestorTitles":["Pattern Generators","ChordGenerator"],"duration":6,"failureDetails":[],"failureMessages":[],"fullName":"Pattern Generators ChordGenerator should generate minor chord correctly","invocations":1,"location":null,"numPassingAsserts":4,"retryReasons":[],"status":"passed","title":"should generate minor chord correctly"},{"ancestorTitles":["Pattern Generators","ChordGenerator"],"duration":3,"failureDetails":[],"failureMessages":[],"fullName":"Pattern Generators ChordGenerator should generate chord progression","invocations":1,"location":null,"numPassingAsserts":5,"retryReasons":[],"status":"passed","title":"should generate chord progression"},{"ancestorTitles":["Pattern Generators","ChordGenerator"],"duration":36,"failureDetails":[],"failureMessages":[],"fullName":"Pattern Generators ChordGenerator should handle invalid chord type","invocations":1,"location":null,"numPassingAsserts":1,"retryReasons":[],"status":"passed","title":"should handle invalid chord type"},{"ancestorTitles":["Pattern Generators","BasslineGenerator"],"duration":1,"failureDetails":[],"failureMessages":[],"fullName":"Pattern Generators BasslineGenerator should generate walking bassline","invocations":1,"location":null,"numPassingAsserts":5,"retryReasons":[],"status":"passed","title":"should generate walking bassline"},{"ancestorTitles":["Pattern Generators","BasslineGenerator"],"duration":1,"failureDetails":[],"failureMessages":[],"fullName":"Pattern Generators BasslineGenerator should generate pattern bassline","invocations":1,"location":null,"numPassingAsserts":5,"retryReasons":[],"status":"passed","title":"should generate pattern bassline"},{"ancestorTitles":["Pattern Generators","DrumPatternGenerator"],"duration":1,"failureDetails":[],"failureMessages":[],"fullName":"Pattern Generators DrumPatternGenerator should generate basic drum pattern","invocations":1,"location":null,"numPassingAsserts":5,"retryReasons":[],"status":"passed","title":"should generate basic drum pattern"},{"ancestorTitles":["Pattern Generators","DrumPatternGenerator"],"duration":1,"failureDetails":[],"failureMessages":[],"fullName":"Pattern Generators DrumPatternGenerator should handle different time signatures","invocations":1,"location":null,"numPassingAsserts":3,"retryReasons":[],"status":"passed","title":"should handle different time signatures"},{"ancestorTitles":["Pattern Generators","DrumPatternGenerator"],"duration":1,"failureDetails":[],"failureMessages":[],"fullName":"Pattern Generators DrumPatternGenerator should generate fill patterns","invocations":1,"location":null,"numPassingAsserts":1,"retryReasons":[],"status":"passed","title":"should generate fill patterns"}],"endTime":1741830238588,"message":"","name":"/home/asabaal/asabaal_ventures/repos/midi_song_creation_tool/tests/unit/core/patternGenerator.test.js","startTime":1741830237794,"status":"passed","summary":""},{"assertionResults":[{"ancestorTitles":["MIDI Export Functionality","sessionToMidiFile"],"duration":7,"failureDetails":[],"failureMessages":[],"fullName":"MIDI Export Functionality sessionToMidiFile should export a session to MIDI format","invocations":1,"location":null,"numPassingAsserts":2,"retryReasons":[],"status":"passed","title":"should export a session to MIDI format"},{"ancestorTitles":["MIDI Export Functionality","sessionToMidiFile"],"duration":1,"failureDetails":[],"failureMessages":[],"fullName":"MIDI Export Functionality sessionToMidiFile should handle sessions with no tracks","invocations":1,"location":null,"numPassingAsserts":2,"retryReasons":[],"status":"passed","title":"should handle sessions with no tracks"},{"ancestorTitles":["MIDI Export Functionality","sessionToMidiFile"],"duration":1,"failureDetails":[],"failureMessages":[],"fullName":"MIDI Export Functionality sessionToMidiFile should handle sessions with no notes","invocations":1,"location":null,"numPassingAsserts":2,"retryReasons":[],"status":"passed","title":"should handle sessions with no notes"},{"ancestorTitles":["MIDI Export Functionality","sessionToMidiFile"],"duration":39,"failureDetails":[],"failureMessages":[],"fullName":"MIDI Export Functionality sessionToMidiFile should handle errors gracefully","invocations":1,"location":null,"numPassingAsserts":1,"retryReasons":[],"status":"passed","title":"should handle errors gracefully"},{"ancestorTitles":["MIDI Export Functionality","sequenceToMidiFile"],"duration":3,"failureDetails":[],"failureMessages":[],"fullName":"MIDI Export Functionality sequenceToMidiFile should export a sequence to MIDI format","invocations":1,"location":null,"numPassingAsserts":2,"retryReasons":[],"status":"passed","title":"should export a sequence to MIDI format"},{"ancestorTitles":["MIDI Export Functionality","sequenceToMidiFile"],"duration":1,"failureDetails":[],"failureMessages":[],"fullName":"MIDI Export Functionality sequenceToMidiFile should handle sequences with no notes","invocations":1,"location":null,"numPassingAsserts":2,"retryReasons":[],"status":"passed","title":"should handle sequences with no notes"},{"ancestorTitles":["MIDI Export Functionality","sequenceToMidiFile"],"duration":0,"failureDetails":[],"failureMessages":[],"fullName":"MIDI Export Functionality sequenceToMidiFile should handle alternative timeSignature formats","invocations":1,"location":null,"numPassingAsserts":2,"retryReasons":[],"status":"passed","title":"should handle alternative timeSignature formats"},{"ancestorTitles":["MIDI Export Functionality","sequenceToMidiFile"],"duration":1,"failureDetails":[],"failureMessages":[],"fullName":"MIDI Export Functionality sequenceToMidiFile should use default values when properties are missing","invocations":1,"location":null,"numPassingAsserts":2,"retryReasons":[],"status":"passed","title":"should use default values when properties are missing"},{"ancestorTitles":["MIDI Export Functionality","Duration conversion"],"duration":1,"failureDetails":[],"failureMessages":[],"fullName":"MIDI Export Functionality Duration conversion should convert duration to appropriate MIDI format","invocations":1,"location":null,"numPassingAsserts":2,"retryReasons":[],"status":"passed","title":"should convert duration to appropriate MIDI format"}],"endTime":1741830238604,"message":"","name":"/home/asabaal/asabaal_ventures/repos/midi_song_creation_tool/tests/unit/core/midiExport.test.js","startTime":1741830237809,"status":"passed","summary":""},{"assertionResults":[{"ancestorTitles":["MidiSequence"],"duration":2,"failureDetails":[],"failureMessages":[],"fullName":"MidiSequence should initialize with correct default values","invocations":1,"location":null,"numPassingAsserts":3,"retryReasons":[],"status":"passed","title":"should initialize with correct default values"},{"ancestorTitles":["MidiSequence"],"duration":1,"failureDetails":[],"failureMessages":[],"fullName":"MidiSequence should add a note correctly","invocations":1,"location":null,"numPassingAsserts":5,"retryReasons":[],"status":"passed","title":"should add a note correctly"},{"ancestorTitles":["MidiSequence"],"duration":0,"failureDetails":[],"failureMessages":[],"fullName":"MidiSequence should remove a note correctly","invocations":1,"location":null,"numPassingAsserts":2,"retryReasons":[],"status":"passed","title":"should remove a note correctly"},{"ancestorTitles":["MidiSequence"],"duration":1,"failureDetails":[],"failureMessages":[],"fullName":"MidiSequence should calculate sequence duration correctly","invocations":1,"location":null,"numPassingAsserts":1,"retryReasons":[],"status":"passed","title":"should calculate sequence duration correctly"},{"ancestorTitles":["MidiSequence"],"duration":0,"failureDetails":[],"failureMessages":[],"fullName":"MidiSequence should quantize notes correctly","invocations":1,"location":null,"numPassingAsserts":2,"retryReasons":[],"status":"passed","title":"should quantize notes correctly"},{"ancestorTitles":["MidiSequence"],"duration":0,"failureDetails":[],"failureMessages":[],"fullName":"MidiSequence should transpose notes correctly","invocations":1,"location":null,"numPassingAsserts":1,"retryReasons":[],"status":"passed","title":"should transpose notes correctly"},{"ancestorTitles":["MidiSequence"],"duration":1,"failureDetails":[],"failureMessages":[],"fullName":"MidiSequence should handle note collisions","invocations":1,"location":null,"numPassingAsserts":1,"retryReasons":[],"status":"passed","title":"should handle note collisions"}],"endTime":1741830238653,"message":"","name":"/home/asabaal/asabaal_ventures/repos/midi_song_creation_tool/tests/unit/core/midiSequence.test.js","startTime":1741830238594,"status":"passed","summary":""},{"assertionResults":[{"ancestorTitles":["Music Theory Module","Note Conversion"],"duration":2,"failureDetails":[],"failureMessages":[],"fullName":"Music Theory Module Note Conversion should convert note names to MIDI note numbers","invocations":1,"location":null,"numPassingAsserts":9,"retryReasons":[],"status":"passed","title":"should convert note names to MIDI note numbers"},{"ancestorTitles":["Music Theory Module","Note Conversion"],"duration":0,"failureDetails":[],"failureMessages":[],"fullName":"Music Theory Module Note Conversion should handle flat note names","invocations":1,"location":null,"numPassingAsserts":3,"retryReasons":[],"status":"passed","title":"should handle flat note names"},{"ancestorTitles":["Music Theory Module","Note Conversion"],"duration":1,"failureDetails":[],"failureMessages":[],"fullName":"Music Theory Module Note Conversion should handle different octaves","invocations":1,"location":null,"numPassingAsserts":9,"retryReasons":[],"status":"passed","title":"should handle different octaves"},{"ancestorTitles":["Music Theory Module","Note Conversion"],"duration":24,"failureDetails":[],"failureMessages":[],"fullName":"Music Theory Module Note Conversion should throw error for invalid note names","invocations":1,"location":null,"numPassingAsserts":2,"retryReasons":[],"status":"passed","title":"should throw error for invalid note names"},{"ancestorTitles":["Music Theory Module","Note Conversion"],"duration":2,"failureDetails":[],"failureMessages":[],"fullName":"Music Theory Module Note Conversion should convert MIDI note numbers to note names","invocations":1,"location":null,"numPassingAsserts":9,"retryReasons":[],"status":"passed","title":"should convert MIDI note numbers to note names"},{"ancestorTitles":["Music Theory Module","Note Conversion"],"duration":1,"failureDetails":[],"failureMessages":[],"fullName":"Music Theory Module Note Conversion should be able to convert back and forth","invocations":1,"location":null,"numPassingAsserts":6,"retryReasons":[],"status":"passed","title":"should be able to convert back and forth"},{"ancestorTitles":["Music Theory Module","Scale Generation"],"duration":1,"failureDetails":[],"failureMessages":[],"fullName":"Music Theory Module Scale Generation should generate major scale correctly","invocations":1,"location":null,"numPassingAsserts":1,"retryReasons":[],"status":"passed","title":"should generate major scale correctly"},{"ancestorTitles":["Music Theory Module","Scale Generation"],"duration":1,"failureDetails":[],"failureMessages":[],"fullName":"Music Theory Module Scale Generation should generate minor scale correctly","invocations":1,"location":null,"numPassingAsserts":1,"retryReasons":[],"status":"passed","title":"should generate minor scale correctly"},{"ancestorTitles":["Music Theory Module","Scale Generation"],"duration":0,"failureDetails":[],"failureMessages":[],"fullName":"Music Theory Module Scale Generation should generate pentatonic scale correctly","invocations":1,"location":null,"numPassingAsserts":2,"retryReasons":[],"status":"passed","title":"should generate pentatonic scale correctly"},{"ancestorTitles":["Music Theory Module","Scale Generation"],"duration":0,"failureDetails":[],"failureMessages":[],"fullName":"Music Theory Module Scale Generation should generate blues scale correctly","invocations":1,"location":null,"numPassingAsserts":1,"retryReasons":[],"status":"passed","title":"should generate blues scale correctly"},{"ancestorTitles":["Music Theory Module","Scale Generation"],"duration":1,"failureDetails":[],"failureMessages":[],"fullName":"Music Theory Module Scale Generation should generate modal scales correctly","invocations":1,"location":null,"numPassingAsserts":4,"retryReasons":[],"status":"passed","title":"should generate modal scales correctly"},{"ancestorTitles":["Music Theory Module","Scale Generation"],"duration":1,"failureDetails":[],"failureMessages":[],"fullName":"Music Theory Module Scale Generation should throw error for unknown scale type","invocations":1,"location":null,"numPassingAsserts":1,"retryReasons":[],"status":"passed","title":"should throw error for unknown scale type"},{"ancestorTitles":["Music Theory Module","Chord Generation"],"duration":1,"failureDetails":[],"failureMessages":[],"fullName":"Music Theory Module Chord Generation should generate major chord correctly","invocations":1,"location":null,"numPassingAsserts":1,"retryReasons":[],"status":"passed","title":"should generate major chord correctly"},{"ancestorTitles":["Music Theory Module","Chord Generation"],"duration":0,"failureDetails":[],"failureMessages":[],"fullName":"Music Theory Module Chord Generation should generate minor chord correctly","invocations":1,"location":null,"numPassingAsserts":1,"retryReasons":[],"status":"passed","title":"should generate minor chord correctly"},{"ancestorTitles":["Music Theory Module","Chord Generation"],"duration":1,"failureDetails":[],"failureMessages":[],"fullName":"Music Theory Module Chord Generation should generate seventh chords correctly","invocations":1,"location":null,"numPassingAsserts":3,"retryReasons":[],"status":"passed","title":"should generate seventh chords correctly"},{"ancestorTitles":["Music Theory Module","Chord Generation"],"duration":0,"failureDetails":[],"failureMessages":[],"fullName":"Music Theory Module Chord Generation should generate diminished and augmented chords correctly","invocations":1,"location":null,"numPassingAsserts":2,"retryReasons":[],"status":"passed","title":"should generate diminished and augmented chords correctly"},{"ancestorTitles":["Music Theory Module","Chord Generation"],"duration":1,"failureDetails":[],"failureMessages":[],"fullName":"Music Theory Module Chord Generation should generate suspended chords correctly","invocations":1,"location":null,"numPassingAsserts":2,"retryReasons":[],"status":"passed","title":"should generate suspended chords correctly"},{"ancestorTitles":["Music Theory Module","Chord Generation"],"duration":1,"failureDetails":[],"failureMessages":[],"fullName":"Music Theory Module Chord Generation should throw error for unknown chord type","invocations":1,"location":null,"numPassingAsserts":1,"retryReasons":[],"status":"passed","title":"should throw error for unknown chord type"},{"ancestorTitles":["Music Theory Module","Key Signature"],"duration":1,"failureDetails":[],"failureMessages":[],"fullName":"Music Theory Module Key Signature should return correct key signature for major keys","invocations":1,"location":null,"numPassingAsserts":5,"retryReasons":[],"status":"passed","title":"should return correct key signature for major keys"},{"ancestorTitles":["Music Theory Module","Key Signature"],"duration":1,"failureDetails":[],"failureMessages":[],"fullName":"Music Theory Module Key Signature should return correct key signature for minor keys","invocations":1,"location":null,"numPassingAsserts":3,"retryReasons":[],"status":"passed","title":"should return correct key signature for minor keys"},{"ancestorTitles":["Music Theory Module","Key Signature"],"duration":3,"failureDetails":[],"failureMessages":[],"fullName":"Music Theory Module Key Signature should throw error for invalid mode","invocations":1,"location":null,"numPassingAsserts":1,"retryReasons":[],"status":"passed","title":"should throw error for invalid mode"},{"ancestorTitles":["Music Theory Module","Chord Progression"],"duration":9,"failureDetails":[],"failureMessages":[],"fullName":"Music Theory Module Chord Progression should generate a I-IV-V-I progression in C major","invocations":1,"location":null,"numPassingAsserts":12,"retryReasons":[],"status":"passed","title":"should generate a I-IV-V-I progression in C major"},{"ancestorTitles":["Music Theory Module","Chord Progression"],"duration":1,"failureDetails":[],"failureMessages":[],"fullName":"Music Theory Module Chord Progression should generate a i-iv-v-i progression in A minor","invocations":1,"location":null,"numPassingAsserts":10,"retryReasons":[],"status":"passed","title":"should generate a i-iv-v-i progression in A minor"},{"ancestorTitles":["Music Theory Module","Chord Progression"],"duration":9,"failureDetails":[],"failureMessages":[],"fullName":"Music Theory Module Chord Progression should throw error for invalid Roman numeral","invocations":1,"location":null,"numPassingAsserts":1,"retryReasons":[],"status":"passed","title":"should throw error for invalid Roman numeral"}],"endTime":1741830238655,"message":"","name":"/home/asabaal/asabaal_ventures/repos/midi_song_creation_tool/tests/unit/core/musicTheory.test.js","startTime":1741830238531,"status":"passed","summary":""},{"assertionResults":[{"ancestorTitles":["Placeholder Tests"],"duration":0,"failureDetails":[],"failureMessages":[],"fullName":"Placeholder Tests should run basic tests in Node environment","invocations":1,"location":null,"numPassingAsserts":1,"retryReasons":[],"status":"passed","title":"should run basic tests in Node environment"},{"ancestorTitles":["Placeholder Tests"],"duration":0,"failureDetails":[],"failureMessages":[],"fullName":"Placeholder Tests should not have window object in Node environment","invocations":1,"location":null,"numPassingAsserts":1,"retryReasons":[],"status":"passed","title":"should not have window object in Node environment"},{"ancestorTitles":["Placeholder Tests"],"duration":1,"failureDetails":[],"failureMessages":[],"fullName":"Placeholder Tests should have process object in Node environment","invocations":1,"location":null,"numPassingAsserts":1,"retryReasons":[],"status":"passed","title":"should have process object in Node environment"}],"endTime":1741830238662,"message":"","name":"/home/asabaal/asabaal_ventures/repos/midi_song_creation_tool/tests/integration/placeholder.test.js","startTime":1741830238608,"status":"passed","summary":""},{"assertionResults":[{"ancestorTitles":["Server Placeholder"],"duration":1,"failureDetails":[],"failureMessages":[],"fullName":"Server Placeholder should pass a simple test","invocations":1,"location":null,"numPassingAsserts":1,"retryReasons":[],"status":"passed","title":"should pass a simple test"}],"endTime":1741830238698,"message":"","name":"/home/asabaal/asabaal_ventures/repos/midi_song_creation_tool/tests/unit/server/placeholder.test.js","startTime":1741830238657,"status":"passed","summary":""},{"assertionResults":[{"ancestorTitles":["PianoRoll"],"duration":50,"failureDetails":[],"failureMessages":[],"fullName":"PianoRoll renders piano roll component","invocations":1,"location":null,"numPassingAsserts":1,"retryReasons":[],"status":"passed","title":"renders piano roll component"},{"ancestorTitles":["PianoRoll"],"duration":17,"failureDetails":[{"matcherResult":{"message":"expect(received).toBeTruthy()\n\nReceived: null","pass":false}}],"failureMessages":["Error: expect(received).toBeTruthy()\n\nReceived: null\n    at Object.toBeTruthy (/home/asabaal/asabaal_ventures/repos/midi_song_creation_tool/tests/unit/client/components/PianoRoll.test.jsx:99:20)\n    at Promise.then.completed (/home/asabaal/asabaal_ventures/repos/midi_song_creation_tool/node_modules/jest-circus/build/utils.js:298:28)\n    at new Promise (<anonymous>)\n    at callAsyncCircusFn (/home/asabaal/asabaal_ventures/repos/midi_song_creation_tool/node_modules/jest-circus/build/utils.js:231:10)\n    at _callCircusTest (/home/asabaal/asabaal_ventures/repos/midi_song_creation_tool/node_modules/jest-circus/build/run.js:316:40)\n    at processTicksAndRejections (node:internal/process/task_queues:105:5)\n    at _runTest (/home/asabaal/asabaal_ventures/repos/midi_song_creation_tool/node_modules/jest-circus/build/run.js:252:3)\n    at _runTestsForDescribeBlock (/home/asabaal/asabaal_ventures/repos/midi_song_creation_tool/node_modules/jest-circus/build/run.js:126:9)\n    at _runTestsForDescribeBlock (/home/asabaal/asabaal_ventures/repos/midi_song_creation_tool/node_modules/jest-circus/build/run.js:121:9)\n    at run (/home/asabaal/asabaal_ventures/repos/midi_song_creation_tool/node_modules/jest-circus/build/run.js:71:3)\n    at runAndTransformResultsToJestFormat (/home/asabaal/asabaal_ventures/repos/midi_song_creation_tool/node_modules/jest-circus/build/legacy-code-todo-rewrite/jestAdapterInit.js:122:21)\n    at jestAdapter (/home/asabaal/asabaal_ventures/repos/midi_song_creation_tool/node_modules/jest-circus/build/legacy-code-todo-rewrite/jestAdapter.js:79:19)\n    at runTestInternal (/home/asabaal/asabaal_ventures/repos/midi_song_creation_tool/node_modules/jest-runner/build/runTest.js:367:16)\n    at runTest (/home/asabaal/asabaal_ventures/repos/midi_song_creation_tool/node_modules/jest-runner/build/runTest.js:444:34)\n    at Object.worker (/home/asabaal/asabaal_ventures/repos/midi_song_creation_tool/node_modules/jest-runner/build/testWorker.js:106:12)"],"fullName":"PianoRoll adds a note when clicking on the canvas","invocations":1,"location":null,"numPassingAsserts":0,"retryReasons":[],"status":"failed","title":"adds a note when clicking on the canvas"}],"endTime":1741830239288,"message":"  ● PianoRoll › adds a note when clicking on the canvas\n\n    expect(received).toBeTruthy()\n\n    Received: null\n\n       97 |     // Get the first canvas element\n       98 |     const canvas = container.querySelector('canvas');\n    >  99 |     expect(canvas).toBeTruthy();\n          |                    ^\n      100 |     \n      101 |     // Simulate a click on the canvas\n      102 |     fireEvent.mouseDown(canvas, { clientX: 100, clientY: 200 });\n\n      at Object.toBeTruthy (tests/unit/client/components/PianoRoll.test.jsx:99:20)\n","name":"/home/asabaal/asabaal_ventures/repos/midi_song_creation_tool/tests/unit/client/components/PianoRoll.test.jsx","startTime":1741830238211,"status":"failed","summary":""},{"assertionResults":[{"ancestorTitles":["PianoRoll Component State Management"],"duration":88,"failureDetails":[{}],"failureMessages":["Error: Element type is invalid: expected a string (for built-in components) or a class/function (for composite components) but got: undefined. You likely forgot to export your component from the file it's defined in, or you might have mixed up default and named imports.\n    at createFiberFromTypeAndProps (/home/asabaal/asabaal_ventures/repos/midi_song_creation_tool/node_modules/react-dom/cjs/react-dom.development.js:28478:17)\n    at createFiberFromElement (/home/asabaal/asabaal_ventures/repos/midi_song_creation_tool/node_modules/react-dom/cjs/react-dom.development.js:28504:15)\n    at reconcileSingleElement (/home/asabaal/asabaal_ventures/repos/midi_song_creation_tool/node_modules/react-dom/cjs/react-dom.development.js:13986:23)\n    at reconcileChildFibers (/home/asabaal/asabaal_ventures/repos/midi_song_creation_tool/node_modules/react-dom/cjs/react-dom.development.js:14044:35)\n    at reconcileChildren (/home/asabaal/asabaal_ventures/repos/midi_song_creation_tool/node_modules/react-dom/cjs/react-dom.development.js:19193:28)\n    at updateHostRoot (/home/asabaal/asabaal_ventures/repos/midi_song_creation_tool/node_modules/react-dom/cjs/react-dom.development.js:19912:5)\n    at beginWork (/home/asabaal/asabaal_ventures/repos/midi_song_creation_tool/node_modules/react-dom/cjs/react-dom.development.js:21654:14)\n    at beginWork$1 (/home/asabaal/asabaal_ventures/repos/midi_song_creation_tool/node_modules/react-dom/cjs/react-dom.development.js:27465:14)\n    at performUnitOfWork (/home/asabaal/asabaal_ventures/repos/midi_song_creation_tool/node_modules/react-dom/cjs/react-dom.development.js:26599:12)\n    at workLoopSync (/home/asabaal/asabaal_ventures/repos/midi_song_creation_tool/node_modules/react-dom/cjs/react-dom.development.js:26505:5)\n    at renderRootSync (/home/asabaal/asabaal_ventures/repos/midi_song_creation_tool/node_modules/react-dom/cjs/react-dom.development.js:26473:7)\n    at performConcurrentWorkOnRoot (/home/asabaal/asabaal_ventures/repos/midi_song_creation_tool/node_modules/react-dom/cjs/react-dom.development.js:25777:74)\n    at flushActQueue (/home/asabaal/asabaal_ventures/repos/midi_song_creation_tool/node_modules/react/cjs/react.development.js:2667:24)\n    at act (/home/asabaal/asabaal_ventures/repos/midi_song_creation_tool/node_modules/react/cjs/react.development.js:2582:11)\n    at /home/asabaal/asabaal_ventures/repos/midi_song_creation_tool/node_modules/@testing-library/react/dist/act-compat.js:47:25\n    at renderRoot (/home/asabaal/asabaal_ventures/repos/midi_song_creation_tool/node_modules/@testing-library/react/dist/pure.js:180:26)\n    at render (/home/asabaal/asabaal_ventures/repos/midi_song_creation_tool/node_modules/@testing-library/react/dist/pure.js:271:10)\n    at Object.<anonymous> (/home/asabaal/asabaal_ventures/repos/midi_song_creation_tool/tests/unit/client/components/PianoRollState.test.jsx:72:11)\n    at Promise.then.completed (/home/asabaal/asabaal_ventures/repos/midi_song_creation_tool/node_modules/jest-circus/build/utils.js:298:28)\n    at new Promise (<anonymous>)\n    at callAsyncCircusFn (/home/asabaal/asabaal_ventures/repos/midi_song_creation_tool/node_modules/jest-circus/build/utils.js:231:10)\n    at _callCircusTest (/home/asabaal/asabaal_ventures/repos/midi_song_creation_tool/node_modules/jest-circus/build/run.js:316:40)\n    at processTicksAndRejections (node:internal/process/task_queues:105:5)\n    at _runTest (/home/asabaal/asabaal_ventures/repos/midi_song_creation_tool/node_modules/jest-circus/build/run.js:252:3)\n    at _runTestsForDescribeBlock (/home/asabaal/asabaal_ventures/repos/midi_song_creation_tool/node_modules/jest-circus/build/run.js:126:9)\n    at _runTestsForDescribeBlock (/home/asabaal/asabaal_ventures/repos/midi_song_creation_tool/node_modules/jest-circus/build/run.js:121:9)\n    at run (/home/asabaal/asabaal_ventures/repos/midi_song_creation_tool/node_modules/jest-circus/build/run.js:71:3)\n    at runAndTransformResultsToJestFormat (/home/asabaal/asabaal_ventures/repos/midi_song_creation_tool/node_modules/jest-circus/build/legacy-code-todo-rewrite/jestAdapterInit.js:122:21)\n    at jestAdapter (/home/asabaal/asabaal_ventures/repos/midi_song_creation_tool/node_modules/jest-circus/build/legacy-code-todo-rewrite/jestAdapter.js:79:19)\n    at runTestInternal (/home/asabaal/asabaal_ventures/repos/midi_song_creation_tool/node_modules/jest-runner/build/runTest.js:367:16)\n    at runTest (/home/asabaal/asabaal_ventures/repos/midi_song_creation_tool/node_modules/jest-runner/build/runTest.js:444:34)\n    at Object.worker (/home/asabaal/asabaal_ventures/repos/midi_song_creation_tool/node_modules/jest-runner/build/testWorker.js:106:12)"],"fullName":"PianoRoll Component State Management should render the piano roll with initial state","invocations":1,"location":null,"numPassingAsserts":0,"retryReasons":[],"status":"failed","title":"should render the piano roll with initial state"},{"ancestorTitles":["PianoRoll Component State Management"],"duration":7,"failureDetails":[{}],"failureMessages":["Error: Element type is invalid: expected a string (for built-in components) or a class/function (for composite components) but got: undefined. You likely forgot to export your component from the file it's defined in, or you might have mixed up default and named imports.\n    at createFiberFromTypeAndProps (/home/asabaal/asabaal_ventures/repos/midi_song_creation_tool/node_modules/react-dom/cjs/react-dom.development.js:28478:17)\n    at createFiberFromElement (/home/asabaal/asabaal_ventures/repos/midi_song_creation_tool/node_modules/react-dom/cjs/react-dom.development.js:28504:15)\n    at reconcileSingleElement (/home/asabaal/asabaal_ventures/repos/midi_song_creation_tool/node_modules/react-dom/cjs/react-dom.development.js:13986:23)\n    at reconcileChildFibers (/home/asabaal/asabaal_ventures/repos/midi_song_creation_tool/node_modules/react-dom/cjs/react-dom.development.js:14044:35)\n    at reconcileChildren (/home/asabaal/asabaal_ventures/repos/midi_song_creation_tool/node_modules/react-dom/cjs/react-dom.development.js:19193:28)\n    at updateHostRoot (/home/asabaal/asabaal_ventures/repos/midi_song_creation_tool/node_modules/react-dom/cjs/react-dom.development.js:19912:5)\n    at beginWork (/home/asabaal/asabaal_ventures/repos/midi_song_creation_tool/node_modules/react-dom/cjs/react-dom.development.js:21654:14)\n    at beginWork$1 (/home/asabaal/asabaal_ventures/repos/midi_song_creation_tool/node_modules/react-dom/cjs/react-dom.development.js:27465:14)\n    at performUnitOfWork (/home/asabaal/asabaal_ventures/repos/midi_song_creation_tool/node_modules/react-dom/cjs/react-dom.development.js:26599:12)\n    at workLoopSync (/home/asabaal/asabaal_ventures/repos/midi_song_creation_tool/node_modules/react-dom/cjs/react-dom.development.js:26505:5)\n    at renderRootSync (/home/asabaal/asabaal_ventures/repos/midi_song_creation_tool/node_modules/react-dom/cjs/react-dom.development.js:26473:7)\n    at performConcurrentWorkOnRoot (/home/asabaal/asabaal_ventures/repos/midi_song_creation_tool/node_modules/react-dom/cjs/react-dom.development.js:25777:74)\n    at flushActQueue (/home/asabaal/asabaal_ventures/repos/midi_song_creation_tool/node_modules/react/cjs/react.development.js:2667:24)\n    at act (/home/asabaal/asabaal_ventures/repos/midi_song_creation_tool/node_modules/react/cjs/react.development.js:2582:11)\n    at /home/asabaal/asabaal_ventures/repos/midi_song_creation_tool/node_modules/@testing-library/react/dist/act-compat.js:47:25\n    at renderRoot (/home/asabaal/asabaal_ventures/repos/midi_song_creation_tool/node_modules/@testing-library/react/dist/pure.js:180:26)\n    at render (/home/asabaal/asabaal_ventures/repos/midi_song_creation_tool/node_modules/@testing-library/react/dist/pure.js:271:10)\n    at _callee$ (/home/asabaal/asabaal_ventures/repos/midi_song_creation_tool/tests/unit/client/components/PianoRollState.test.jsx:80:11)\n    at call (/home/asabaal/asabaal_ventures/repos/midi_song_creation_tool/tests/unit/client/components/PianoRollState.test.jsx:2:1)\n    at Generator.tryCatch (/home/asabaal/asabaal_ventures/repos/midi_song_creation_tool/tests/unit/client/components/PianoRollState.test.jsx:2:1)\n    at Generator._invoke [as next] (/home/asabaal/asabaal_ventures/repos/midi_song_creation_tool/tests/unit/client/components/PianoRollState.test.jsx:2:1)\n    at asyncGeneratorStep (/home/asabaal/asabaal_ventures/repos/midi_song_creation_tool/tests/unit/client/components/PianoRollState.test.jsx:2:1)\n    at asyncGeneratorStep (/home/asabaal/asabaal_ventures/repos/midi_song_creation_tool/tests/unit/client/components/PianoRollState.test.jsx:2:1)\n    at _next (/home/asabaal/asabaal_ventures/repos/midi_song_creation_tool/tests/unit/client/components/PianoRollState.test.jsx:2:1)\n    at new Promise (<anonymous>)\n    at Object.<anonymous> (/home/asabaal/asabaal_ventures/repos/midi_song_creation_tool/tests/unit/client/components/PianoRollState.test.jsx:2:1)\n    at Promise.then.completed (/home/asabaal/asabaal_ventures/repos/midi_song_creation_tool/node_modules/jest-circus/build/utils.js:298:28)\n    at new Promise (<anonymous>)\n    at callAsyncCircusFn (/home/asabaal/asabaal_ventures/repos/midi_song_creation_tool/node_modules/jest-circus/build/utils.js:231:10)\n    at _callCircusTest (/home/asabaal/asabaal_ventures/repos/midi_song_creation_tool/node_modules/jest-circus/build/run.js:316:40)\n    at processTicksAndRejections (node:internal/process/task_queues:105:5)\n    at _runTest (/home/asabaal/asabaal_ventures/repos/midi_song_creation_tool/node_modules/jest-circus/build/run.js:252:3)\n    at _runTestsForDescribeBlock (/home/asabaal/asabaal_ventures/repos/midi_song_creation_tool/node_modules/jest-circus/build/run.js:126:9)\n    at _runTestsForDescribeBlock (/home/asabaal/asabaal_ventures/repos/midi_song_creation_tool/node_modules/jest-circus/build/run.js:121:9)\n    at run (/home/asabaal/asabaal_ventures/repos/midi_song_creation_tool/node_modules/jest-circus/build/run.js:71:3)\n    at runAndTransformResultsToJestFormat (/home/asabaal/asabaal_ventures/repos/midi_song_creation_tool/node_modules/jest-circus/build/legacy-code-todo-rewrite/jestAdapterInit.js:122:21)\n    at jestAdapter (/home/asabaal/asabaal_ventures/repos/midi_song_creation_tool/node_modules/jest-circus/build/legacy-code-todo-rewrite/jestAdapter.js:79:19)\n    at runTestInternal (/home/asabaal/asabaal_ventures/repos/midi_song_creation_tool/node_modules/jest-runner/build/runTest.js:367:16)\n    at runTest (/home/asabaal/asabaal_ventures/repos/midi_song_creation_tool/node_modules/jest-runner/build/runTest.js:444:34)\n    at Object.worker (/home/asabaal/asabaal_ventures/repos/midi_song_creation_tool/node_modules/jest-runner/build/testWorker.js:106:12)"],"fullName":"PianoRoll Component State Management should handle note selection state","invocations":1,"location":null,"numPassingAsserts":0,"retryReasons":[],"status":"failed","title":"should handle note selection state"},{"ancestorTitles":["PianoRoll Component State Management"],"duration":5,"failureDetails":[{}],"failureMessages":["Error: Element type is invalid: expected a string (for built-in components) or a class/function (for composite components) but got: undefined. You likely forgot to export your component from the file it's defined in, or you might have mixed up default and named imports.\n    at createFiberFromTypeAndProps (/home/asabaal/asabaal_ventures/repos/midi_song_creation_tool/node_modules/react-dom/cjs/react-dom.development.js:28478:17)\n    at createFiberFromElement (/home/asabaal/asabaal_ventures/repos/midi_song_creation_tool/node_modules/react-dom/cjs/react-dom.development.js:28504:15)\n    at reconcileSingleElement (/home/asabaal/asabaal_ventures/repos/midi_song_creation_tool/node_modules/react-dom/cjs/react-dom.development.js:13986:23)\n    at reconcileChildFibers (/home/asabaal/asabaal_ventures/repos/midi_song_creation_tool/node_modules/react-dom/cjs/react-dom.development.js:14044:35)\n    at reconcileChildren (/home/asabaal/asabaal_ventures/repos/midi_song_creation_tool/node_modules/react-dom/cjs/react-dom.development.js:19193:28)\n    at updateHostRoot (/home/asabaal/asabaal_ventures/repos/midi_song_creation_tool/node_modules/react-dom/cjs/react-dom.development.js:19912:5)\n    at beginWork (/home/asabaal/asabaal_ventures/repos/midi_song_creation_tool/node_modules/react-dom/cjs/react-dom.development.js:21654:14)\n    at beginWork$1 (/home/asabaal/asabaal_ventures/repos/midi_song_creation_tool/node_modules/react-dom/cjs/react-dom.development.js:27465:14)\n    at performUnitOfWork (/home/asabaal/asabaal_ventures/repos/midi_song_creation_tool/node_modules/react-dom/cjs/react-dom.development.js:26599:12)\n    at workLoopSync (/home/asabaal/asabaal_ventures/repos/midi_song_creation_tool/node_modules/react-dom/cjs/react-dom.development.js:26505:5)\n    at renderRootSync (/home/asabaal/asabaal_ventures/repos/midi_song_creation_tool/node_modules/react-dom/cjs/react-dom.development.js:26473:7)\n    at performConcurrentWorkOnRoot (/home/asabaal/asabaal_ventures/repos/midi_song_creation_tool/node_modules/react-dom/cjs/react-dom.development.js:25777:74)\n    at flushActQueue (/home/asabaal/asabaal_ventures/repos/midi_song_creation_tool/node_modules/react/cjs/react.development.js:2667:24)\n    at act (/home/asabaal/asabaal_ventures/repos/midi_song_creation_tool/node_modules/react/cjs/react.development.js:2582:11)\n    at /home/asabaal/asabaal_ventures/repos/midi_song_creation_tool/node_modules/@testing-library/react/dist/act-compat.js:47:25\n    at renderRoot (/home/asabaal/asabaal_ventures/repos/midi_song_creation_tool/node_modules/@testing-library/react/dist/pure.js:180:26)\n    at render (/home/asabaal/asabaal_ventures/repos/midi_song_creation_tool/node_modules/@testing-library/react/dist/pure.js:271:10)\n    at _callee2$ (/home/asabaal/asabaal_ventures/repos/midi_song_creation_tool/tests/unit/client/components/PianoRollState.test.jsx:85:11)\n    at call (/home/asabaal/asabaal_ventures/repos/midi_song_creation_tool/tests/unit/client/components/PianoRollState.test.jsx:2:1)\n    at Generator.tryCatch (/home/asabaal/asabaal_ventures/repos/midi_song_creation_tool/tests/unit/client/components/PianoRollState.test.jsx:2:1)\n    at Generator._invoke [as next] (/home/asabaal/asabaal_ventures/repos/midi_song_creation_tool/tests/unit/client/components/PianoRollState.test.jsx:2:1)\n    at asyncGeneratorStep (/home/asabaal/asabaal_ventures/repos/midi_song_creation_tool/tests/unit/client/components/PianoRollState.test.jsx:2:1)\n    at asyncGeneratorStep (/home/asabaal/asabaal_ventures/repos/midi_song_creation_tool/tests/unit/client/components/PianoRollState.test.jsx:2:1)\n    at _next (/home/asabaal/asabaal_ventures/repos/midi_song_creation_tool/tests/unit/client/components/PianoRollState.test.jsx:2:1)\n    at new Promise (<anonymous>)\n    at Object.<anonymous> (/home/asabaal/asabaal_ventures/repos/midi_song_creation_tool/tests/unit/client/components/PianoRollState.test.jsx:2:1)\n    at Promise.then.completed (/home/asabaal/asabaal_ventures/repos/midi_song_creation_tool/node_modules/jest-circus/build/utils.js:298:28)\n    at new Promise (<anonymous>)\n    at callAsyncCircusFn (/home/asabaal/asabaal_ventures/repos/midi_song_creation_tool/node_modules/jest-circus/build/utils.js:231:10)\n    at _callCircusTest (/home/asabaal/asabaal_ventures/repos/midi_song_creation_tool/node_modules/jest-circus/build/run.js:316:40)\n    at processTicksAndRejections (node:internal/process/task_queues:105:5)\n    at _runTest (/home/asabaal/asabaal_ventures/repos/midi_song_creation_tool/node_modules/jest-circus/build/run.js:252:3)\n    at _runTestsForDescribeBlock (/home/asabaal/asabaal_ventures/repos/midi_song_creation_tool/node_modules/jest-circus/build/run.js:126:9)\n    at _runTestsForDescribeBlock (/home/asabaal/asabaal_ventures/repos/midi_song_creation_tool/node_modules/jest-circus/build/run.js:121:9)\n    at run (/home/asabaal/asabaal_ventures/repos/midi_song_creation_tool/node_modules/jest-circus/build/run.js:71:3)\n    at runAndTransformResultsToJestFormat (/home/asabaal/asabaal_ventures/repos/midi_song_creation_tool/node_modules/jest-circus/build/legacy-code-todo-rewrite/jestAdapterInit.js:122:21)\n    at jestAdapter (/home/asabaal/asabaal_ventures/repos/midi_song_creation_tool/node_modules/jest-circus/build/legacy-code-todo-rewrite/jestAdapter.js:79:19)\n    at runTestInternal (/home/asabaal/asabaal_ventures/repos/midi_song_creation_tool/node_modules/jest-runner/build/runTest.js:367:16)\n    at runTest (/home/asabaal/asabaal_ventures/repos/midi_song_creation_tool/node_modules/jest-runner/build/runTest.js:444:34)\n    at Object.worker (/home/asabaal/asabaal_ventures/repos/midi_song_creation_tool/node_modules/jest-runner/build/testWorker.js:106:12)"],"fullName":"PianoRoll Component State Management should handle zoom state changes","invocations":1,"location":null,"numPassingAsserts":0,"retryReasons":[],"status":"failed","title":"should handle zoom state changes"},{"ancestorTitles":["PianoRoll Component State Management"],"duration":5,"failureDetails":[{}],"failureMessages":["Error: Element type is invalid: expected a string (for built-in components) or a class/function (for composite components) but got: undefined. You likely forgot to export your component from the file it's defined in, or you might have mixed up default and named imports.\n    at createFiberFromTypeAndProps (/home/asabaal/asabaal_ventures/repos/midi_song_creation_tool/node_modules/react-dom/cjs/react-dom.development.js:28478:17)\n    at createFiberFromElement (/home/asabaal/asabaal_ventures/repos/midi_song_creation_tool/node_modules/react-dom/cjs/react-dom.development.js:28504:15)\n    at reconcileSingleElement (/home/asabaal/asabaal_ventures/repos/midi_song_creation_tool/node_modules/react-dom/cjs/react-dom.development.js:13986:23)\n    at reconcileChildFibers (/home/asabaal/asabaal_ventures/repos/midi_song_creation_tool/node_modules/react-dom/cjs/react-dom.development.js:14044:35)\n    at reconcileChildren (/home/asabaal/asabaal_ventures/repos/midi_song_creation_tool/node_modules/react-dom/cjs/react-dom.development.js:19193:28)\n    at updateHostRoot (/home/asabaal/asabaal_ventures/repos/midi_song_creation_tool/node_modules/react-dom/cjs/react-dom.development.js:19912:5)\n    at beginWork (/home/asabaal/asabaal_ventures/repos/midi_song_creation_tool/node_modules/react-dom/cjs/react-dom.development.js:21654:14)\n    at beginWork$1 (/home/asabaal/asabaal_ventures/repos/midi_song_creation_tool/node_modules/react-dom/cjs/react-dom.development.js:27465:14)\n    at performUnitOfWork (/home/asabaal/asabaal_ventures/repos/midi_song_creation_tool/node_modules/react-dom/cjs/react-dom.development.js:26599:12)\n    at workLoopSync (/home/asabaal/asabaal_ventures/repos/midi_song_creation_tool/node_modules/react-dom/cjs/react-dom.development.js:26505:5)\n    at renderRootSync (/home/asabaal/asabaal_ventures/repos/midi_song_creation_tool/node_modules/react-dom/cjs/react-dom.development.js:26473:7)\n    at performConcurrentWorkOnRoot (/home/asabaal/asabaal_ventures/repos/midi_song_creation_tool/node_modules/react-dom/cjs/react-dom.development.js:25777:74)\n    at flushActQueue (/home/asabaal/asabaal_ventures/repos/midi_song_creation_tool/node_modules/react/cjs/react.development.js:2667:24)\n    at act (/home/asabaal/asabaal_ventures/repos/midi_song_creation_tool/node_modules/react/cjs/react.development.js:2582:11)\n    at /home/asabaal/asabaal_ventures/repos/midi_song_creation_tool/node_modules/@testing-library/react/dist/act-compat.js:47:25\n    at renderRoot (/home/asabaal/asabaal_ventures/repos/midi_song_creation_tool/node_modules/@testing-library/react/dist/pure.js:180:26)\n    at render (/home/asabaal/asabaal_ventures/repos/midi_song_creation_tool/node_modules/@testing-library/react/dist/pure.js:271:10)\n    at _callee3$ (/home/asabaal/asabaal_ventures/repos/midi_song_creation_tool/tests/unit/client/components/PianoRollState.test.jsx:105:11)\n    at call (/home/asabaal/asabaal_ventures/repos/midi_song_creation_tool/tests/unit/client/components/PianoRollState.test.jsx:2:1)\n    at Generator.tryCatch (/home/asabaal/asabaal_ventures/repos/midi_song_creation_tool/tests/unit/client/components/PianoRollState.test.jsx:2:1)\n    at Generator._invoke [as next] (/home/asabaal/asabaal_ventures/repos/midi_song_creation_tool/tests/unit/client/components/PianoRollState.test.jsx:2:1)\n    at asyncGeneratorStep (/home/asabaal/asabaal_ventures/repos/midi_song_creation_tool/tests/unit/client/components/PianoRollState.test.jsx:2:1)\n    at asyncGeneratorStep (/home/asabaal/asabaal_ventures/repos/midi_song_creation_tool/tests/unit/client/components/PianoRollState.test.jsx:2:1)\n    at _next (/home/asabaal/asabaal_ventures/repos/midi_song_creation_tool/tests/unit/client/components/PianoRollState.test.jsx:2:1)\n    at new Promise (<anonymous>)\n    at Object.<anonymous> (/home/asabaal/asabaal_ventures/repos/midi_song_creation_tool/tests/unit/client/components/PianoRollState.test.jsx:2:1)\n    at Promise.then.completed (/home/asabaal/asabaal_ventures/repos/midi_song_creation_tool/node_modules/jest-circus/build/utils.js:298:28)\n    at new Promise (<anonymous>)\n    at callAsyncCircusFn (/home/asabaal/asabaal_ventures/repos/midi_song_creation_tool/node_modules/jest-circus/build/utils.js:231:10)\n    at _callCircusTest (/home/asabaal/asabaal_ventures/repos/midi_song_creation_tool/node_modules/jest-circus/build/run.js:316:40)\n    at processTicksAndRejections (node:internal/process/task_queues:105:5)\n    at _runTest (/home/asabaal/asabaal_ventures/repos/midi_song_creation_tool/node_modules/jest-circus/build/run.js:252:3)\n    at _runTestsForDescribeBlock (/home/asabaal/asabaal_ventures/repos/midi_song_creation_tool/node_modules/jest-circus/build/run.js:126:9)\n    at _runTestsForDescribeBlock (/home/asabaal/asabaal_ventures/repos/midi_song_creation_tool/node_modules/jest-circus/build/run.js:121:9)\n    at run (/home/asabaal/asabaal_ventures/repos/midi_song_creation_tool/node_modules/jest-circus/build/run.js:71:3)\n    at runAndTransformResultsToJestFormat (/home/asabaal/asabaal_ventures/repos/midi_song_creation_tool/node_modules/jest-circus/build/legacy-code-todo-rewrite/jestAdapterInit.js:122:21)\n    at jestAdapter (/home/asabaal/asabaal_ventures/repos/midi_song_creation_tool/node_modules/jest-circus/build/legacy-code-todo-rewrite/jestAdapter.js:79:19)\n    at runTestInternal (/home/asabaal/asabaal_ventures/repos/midi_song_creation_tool/node_modules/jest-runner/build/runTest.js:367:16)\n    at runTest (/home/asabaal/asabaal_ventures/repos/midi_song_creation_tool/node_modules/jest-runner/build/runTest.js:444:34)\n    at Object.worker (/home/asabaal/asabaal_ventures/repos/midi_song_creation_tool/node_modules/jest-runner/build/testWorker.js:106:12)"],"fullName":"PianoRoll Component State Management should handle grid snap setting changes","invocations":1,"location":null,"numPassingAsserts":0,"retryReasons":[],"status":"failed","title":"should handle grid snap setting changes"},{"ancestorTitles":["PianoRoll Component State Management"],"duration":6,"failureDetails":[{}],"failureMessages":["Error: Element type is invalid: expected a string (for built-in components) or a class/function (for composite components) but got: undefined. You likely forgot to export your component from the file it's defined in, or you might have mixed up default and named imports.\n    at createFiberFromTypeAndProps (/home/asabaal/asabaal_ventures/repos/midi_song_creation_tool/node_modules/react-dom/cjs/react-dom.development.js:28478:17)\n    at createFiberFromElement (/home/asabaal/asabaal_ventures/repos/midi_song_creation_tool/node_modules/react-dom/cjs/react-dom.development.js:28504:15)\n    at reconcileSingleElement (/home/asabaal/asabaal_ventures/repos/midi_song_creation_tool/node_modules/react-dom/cjs/react-dom.development.js:13986:23)\n    at reconcileChildFibers (/home/asabaal/asabaal_ventures/repos/midi_song_creation_tool/node_modules/react-dom/cjs/react-dom.development.js:14044:35)\n    at reconcileChildren (/home/asabaal/asabaal_ventures/repos/midi_song_creation_tool/node_modules/react-dom/cjs/react-dom.development.js:19193:28)\n    at updateHostRoot (/home/asabaal/asabaal_ventures/repos/midi_song_creation_tool/node_modules/react-dom/cjs/react-dom.development.js:19912:5)\n    at beginWork (/home/asabaal/asabaal_ventures/repos/midi_song_creation_tool/node_modules/react-dom/cjs/react-dom.development.js:21654:14)\n    at beginWork$1 (/home/asabaal/asabaal_ventures/repos/midi_song_creation_tool/node_modules/react-dom/cjs/react-dom.development.js:27465:14)\n    at performUnitOfWork (/home/asabaal/asabaal_ventures/repos/midi_song_creation_tool/node_modules/react-dom/cjs/react-dom.development.js:26599:12)\n    at workLoopSync (/home/asabaal/asabaal_ventures/repos/midi_song_creation_tool/node_modules/react-dom/cjs/react-dom.development.js:26505:5)\n    at renderRootSync (/home/asabaal/asabaal_ventures/repos/midi_song_creation_tool/node_modules/react-dom/cjs/react-dom.development.js:26473:7)\n    at performConcurrentWorkOnRoot (/home/asabaal/asabaal_ventures/repos/midi_song_creation_tool/node_modules/react-dom/cjs/react-dom.development.js:25777:74)\n    at flushActQueue (/home/asabaal/asabaal_ventures/repos/midi_song_creation_tool/node_modules/react/cjs/react.development.js:2667:24)\n    at act (/home/asabaal/asabaal_ventures/repos/midi_song_creation_tool/node_modules/react/cjs/react.development.js:2582:11)\n    at /home/asabaal/asabaal_ventures/repos/midi_song_creation_tool/node_modules/@testing-library/react/dist/act-compat.js:47:25\n    at renderRoot (/home/asabaal/asabaal_ventures/repos/midi_song_creation_tool/node_modules/@testing-library/react/dist/pure.js:180:26)\n    at render (/home/asabaal/asabaal_ventures/repos/midi_song_creation_tool/node_modules/@testing-library/react/dist/pure.js:271:10)\n    at _callee4$ (/home/asabaal/asabaal_ventures/repos/midi_song_creation_tool/tests/unit/client/components/PianoRollState.test.jsx:120:11)\n    at call (/home/asabaal/asabaal_ventures/repos/midi_song_creation_tool/tests/unit/client/components/PianoRollState.test.jsx:2:1)\n    at Generator.tryCatch (/home/asabaal/asabaal_ventures/repos/midi_song_creation_tool/tests/unit/client/components/PianoRollState.test.jsx:2:1)\n    at Generator._invoke [as next] (/home/asabaal/asabaal_ventures/repos/midi_song_creation_tool/tests/unit/client/components/PianoRollState.test.jsx:2:1)\n    at asyncGeneratorStep (/home/asabaal/asabaal_ventures/repos/midi_song_creation_tool/tests/unit/client/components/PianoRollState.test.jsx:2:1)\n    at asyncGeneratorStep (/home/asabaal/asabaal_ventures/repos/midi_song_creation_tool/tests/unit/client/components/PianoRollState.test.jsx:2:1)\n    at _next (/home/asabaal/asabaal_ventures/repos/midi_song_creation_tool/tests/unit/client/components/PianoRollState.test.jsx:2:1)\n    at new Promise (<anonymous>)\n    at Object.<anonymous> (/home/asabaal/asabaal_ventures/repos/midi_song_creation_tool/tests/unit/client/components/PianoRollState.test.jsx:2:1)\n    at Promise.then.completed (/home/asabaal/asabaal_ventures/repos/midi_song_creation_tool/node_modules/jest-circus/build/utils.js:298:28)\n    at new Promise (<anonymous>)\n    at callAsyncCircusFn (/home/asabaal/asabaal_ventures/repos/midi_song_creation_tool/node_modules/jest-circus/build/utils.js:231:10)\n    at _callCircusTest (/home/asabaal/asabaal_ventures/repos/midi_song_creation_tool/node_modules/jest-circus/build/run.js:316:40)\n    at processTicksAndRejections (node:internal/process/task_queues:105:5)\n    at _runTest (/home/asabaal/asabaal_ventures/repos/midi_song_creation_tool/node_modules/jest-circus/build/run.js:252:3)\n    at _runTestsForDescribeBlock (/home/asabaal/asabaal_ventures/repos/midi_song_creation_tool/node_modules/jest-circus/build/run.js:126:9)\n    at _runTestsForDescribeBlock (/home/asabaal/asabaal_ventures/repos/midi_song_creation_tool/node_modules/jest-circus/build/run.js:121:9)\n    at run (/home/asabaal/asabaal_ventures/repos/midi_song_creation_tool/node_modules/jest-circus/build/run.js:71:3)\n    at runAndTransformResultsToJestFormat (/home/asabaal/asabaal_ventures/repos/midi_song_creation_tool/node_modules/jest-circus/build/legacy-code-todo-rewrite/jestAdapterInit.js:122:21)\n    at jestAdapter (/home/asabaal/asabaal_ventures/repos/midi_song_creation_tool/node_modules/jest-circus/build/legacy-code-todo-rewrite/jestAdapter.js:79:19)\n    at runTestInternal (/home/asabaal/asabaal_ventures/repos/midi_song_creation_tool/node_modules/jest-runner/build/runTest.js:367:16)\n    at runTest (/home/asabaal/asabaal_ventures/repos/midi_song_creation_tool/node_modules/jest-runner/build/runTest.js:444:34)\n    at Object.worker (/home/asabaal/asabaal_ventures/repos/midi_song_creation_tool/node_modules/jest-runner/build/testWorker.js:106:12)"],"fullName":"PianoRoll Component State Management should maintain state when window is resized","invocations":1,"location":null,"numPassingAsserts":0,"retryReasons":[],"status":"failed","title":"should maintain state when window is resized"}],"endTime":1741830239326,"message":"  ● PianoRoll Component State Management › should render the piano roll with initial state\n\n    Element type is invalid: expected a string (for built-in components) or a class/function (for composite components) but got: undefined. You likely forgot to export your component from the file it's defined in, or you might have mixed up default and named imports.\n\n      70 |\n      71 |   it('should render the piano roll with initial state', () => {\n    > 72 |     render(<PianoRoll />);\n         |           ^\n      73 |     \n      74 |     // Verify the component renders\n      75 |     expect(screen.getByTestId('piano-roll')).toBeInTheDocument();\n\n      at createFiberFromTypeAndProps (node_modules/react-dom/cjs/react-dom.development.js:28478:17)\n      at createFiberFromElement (node_modules/react-dom/cjs/react-dom.development.js:28504:15)\n      at reconcileSingleElement (node_modules/react-dom/cjs/react-dom.development.js:13986:23)\n      at reconcileChildFibers (node_modules/react-dom/cjs/react-dom.development.js:14044:35)\n      at reconcileChildren (node_modules/react-dom/cjs/react-dom.development.js:19193:28)\n      at updateHostRoot (node_modules/react-dom/cjs/react-dom.development.js:19912:5)\n      at beginWork (node_modules/react-dom/cjs/react-dom.development.js:21654:14)\n      at beginWork$1 (node_modules/react-dom/cjs/react-dom.development.js:27465:14)\n      at performUnitOfWork (node_modules/react-dom/cjs/react-dom.development.js:26599:12)\n      at workLoopSync (node_modules/react-dom/cjs/react-dom.development.js:26505:5)\n      at renderRootSync (node_modules/react-dom/cjs/react-dom.development.js:26473:7)\n      at performConcurrentWorkOnRoot (node_modules/react-dom/cjs/react-dom.development.js:25777:74)\n      at flushActQueue (node_modules/react/cjs/react.development.js:2667:24)\n      at act (node_modules/react/cjs/react.development.js:2582:11)\n      at node_modules/@testing-library/react/dist/act-compat.js:47:25\n      at renderRoot (node_modules/@testing-library/react/dist/pure.js:180:26)\n      at render (node_modules/@testing-library/react/dist/pure.js:271:10)\n      at Object.<anonymous> (tests/unit/client/components/PianoRollState.test.jsx:72:11)\n\n  ● PianoRoll Component State Management › should handle note selection state\n\n    Element type is invalid: expected a string (for built-in components) or a class/function (for composite components) but got: undefined. You likely forgot to export your component from the file it's defined in, or you might have mixed up default and named imports.\n\n      78 |   it('should handle note selection state', async () => {\n      79 |     // This is a placeholder test since we can't actually test note selection with the mock\n    > 80 |     render(<PianoRoll />);\n         |           ^\n      81 |     expect(screen.getByTestId('piano-roll')).toBeInTheDocument();\n      82 |   });\n      83 |\n\n      at createFiberFromTypeAndProps (node_modules/react-dom/cjs/react-dom.development.js:28478:17)\n      at createFiberFromElement (node_modules/react-dom/cjs/react-dom.development.js:28504:15)\n      at reconcileSingleElement (node_modules/react-dom/cjs/react-dom.development.js:13986:23)\n      at reconcileChildFibers (node_modules/react-dom/cjs/react-dom.development.js:14044:35)\n      at reconcileChildren (node_modules/react-dom/cjs/react-dom.development.js:19193:28)\n      at updateHostRoot (node_modules/react-dom/cjs/react-dom.development.js:19912:5)\n      at beginWork (node_modules/react-dom/cjs/react-dom.development.js:21654:14)\n      at beginWork$1 (node_modules/react-dom/cjs/react-dom.development.js:27465:14)\n      at performUnitOfWork (node_modules/react-dom/cjs/react-dom.development.js:26599:12)\n      at workLoopSync (node_modules/react-dom/cjs/react-dom.development.js:26505:5)\n      at renderRootSync (node_modules/react-dom/cjs/react-dom.development.js:26473:7)\n      at performConcurrentWorkOnRoot (node_modules/react-dom/cjs/react-dom.development.js:25777:74)\n      at flushActQueue (node_modules/react/cjs/react.development.js:2667:24)\n      at act (node_modules/react/cjs/react.development.js:2582:11)\n      at node_modules/@testing-library/react/dist/act-compat.js:47:25\n      at renderRoot (node_modules/@testing-library/react/dist/pure.js:180:26)\n      at render (node_modules/@testing-library/react/dist/pure.js:271:10)\n      at _callee$ (tests/unit/client/components/PianoRollState.test.jsx:80:11)\n      at call (tests/unit/client/components/PianoRollState.test.jsx:2:1)\n      at Generator.tryCatch (tests/unit/client/components/PianoRollState.test.jsx:2:1)\n      at Generator._invoke [as next] (tests/unit/client/components/PianoRollState.test.jsx:2:1)\n      at asyncGeneratorStep (tests/unit/client/components/PianoRollState.test.jsx:2:1)\n      at asyncGeneratorStep (tests/unit/client/components/PianoRollState.test.jsx:2:1)\n      at _next (tests/unit/client/components/PianoRollState.test.jsx:2:1)\n      at Object.<anonymous> (tests/unit/client/components/PianoRollState.test.jsx:2:1)\n\n  ● PianoRoll Component State Management › should handle zoom state changes\n\n    Element type is invalid: expected a string (for built-in components) or a class/function (for composite components) but got: undefined. You likely forgot to export your component from the file it's defined in, or you might have mixed up default and named imports.\n\n      83 |\n      84 |   it('should handle zoom state changes', async () => {\n    > 85 |     render(<PianoRoll />);\n         |           ^\n      86 |     \n      87 |     // Find zoom controls\n      88 |     const zoomInButton = screen.getByTestId('zoom-in');\n\n      at createFiberFromTypeAndProps (node_modules/react-dom/cjs/react-dom.development.js:28478:17)\n      at createFiberFromElement (node_modules/react-dom/cjs/react-dom.development.js:28504:15)\n      at reconcileSingleElement (node_modules/react-dom/cjs/react-dom.development.js:13986:23)\n      at reconcileChildFibers (node_modules/react-dom/cjs/react-dom.development.js:14044:35)\n      at reconcileChildren (node_modules/react-dom/cjs/react-dom.development.js:19193:28)\n      at updateHostRoot (node_modules/react-dom/cjs/react-dom.development.js:19912:5)\n      at beginWork (node_modules/react-dom/cjs/react-dom.development.js:21654:14)\n      at beginWork$1 (node_modules/react-dom/cjs/react-dom.development.js:27465:14)\n      at performUnitOfWork (node_modules/react-dom/cjs/react-dom.development.js:26599:12)\n      at workLoopSync (node_modules/react-dom/cjs/react-dom.development.js:26505:5)\n      at renderRootSync (node_modules/react-dom/cjs/react-dom.development.js:26473:7)\n      at performConcurrentWorkOnRoot (node_modules/react-dom/cjs/react-dom.development.js:25777:74)\n      at flushActQueue (node_modules/react/cjs/react.development.js:2667:24)\n      at act (node_modules/react/cjs/react.development.js:2582:11)\n      at node_modules/@testing-library/react/dist/act-compat.js:47:25\n      at renderRoot (node_modules/@testing-library/react/dist/pure.js:180:26)\n      at render (node_modules/@testing-library/react/dist/pure.js:271:10)\n      at _callee2$ (tests/unit/client/components/PianoRollState.test.jsx:85:11)\n      at call (tests/unit/client/components/PianoRollState.test.jsx:2:1)\n      at Generator.tryCatch (tests/unit/client/components/PianoRollState.test.jsx:2:1)\n      at Generator._invoke [as next] (tests/unit/client/components/PianoRollState.test.jsx:2:1)\n      at asyncGeneratorStep (tests/unit/client/components/PianoRollState.test.jsx:2:1)\n      at asyncGeneratorStep (tests/unit/client/components/PianoRollState.test.jsx:2:1)\n      at _next (tests/unit/client/components/PianoRollState.test.jsx:2:1)\n      at Object.<anonymous> (tests/unit/client/components/PianoRollState.test.jsx:2:1)\n\n  ● PianoRoll Component State Management › should handle grid snap setting changes\n\n    Element type is invalid: expected a string (for built-in components) or a class/function (for composite components) but got: undefined. You likely forgot to export your component from the file it's defined in, or you might have mixed up default and named imports.\n\n      103 |\n      104 |   it('should handle grid snap setting changes', async () => {\n    > 105 |     render(<PianoRoll />);\n          |           ^\n      106 |     \n      107 |     // Find grid snap controls\n      108 |     const snapSelect = screen.getByTestId('grid-snap-select');\n\n      at createFiberFromTypeAndProps (node_modules/react-dom/cjs/react-dom.development.js:28478:17)\n      at createFiberFromElement (node_modules/react-dom/cjs/react-dom.development.js:28504:15)\n      at reconcileSingleElement (node_modules/react-dom/cjs/react-dom.development.js:13986:23)\n      at reconcileChildFibers (node_modules/react-dom/cjs/react-dom.development.js:14044:35)\n      at reconcileChildren (node_modules/react-dom/cjs/react-dom.development.js:19193:28)\n      at updateHostRoot (node_modules/react-dom/cjs/react-dom.development.js:19912:5)\n      at beginWork (node_modules/react-dom/cjs/react-dom.development.js:21654:14)\n      at beginWork$1 (node_modules/react-dom/cjs/react-dom.development.js:27465:14)\n      at performUnitOfWork (node_modules/react-dom/cjs/react-dom.development.js:26599:12)\n      at workLoopSync (node_modules/react-dom/cjs/react-dom.development.js:26505:5)\n      at renderRootSync (node_modules/react-dom/cjs/react-dom.development.js:26473:7)\n      at performConcurrentWorkOnRoot (node_modules/react-dom/cjs/react-dom.development.js:25777:74)\n      at flushActQueue (node_modules/react/cjs/react.development.js:2667:24)\n      at act (node_modules/react/cjs/react.development.js:2582:11)\n      at node_modules/@testing-library/react/dist/act-compat.js:47:25\n      at renderRoot (node_modules/@testing-library/react/dist/pure.js:180:26)\n      at render (node_modules/@testing-library/react/dist/pure.js:271:10)\n      at _callee3$ (tests/unit/client/components/PianoRollState.test.jsx:105:11)\n      at call (tests/unit/client/components/PianoRollState.test.jsx:2:1)\n      at Generator.tryCatch (tests/unit/client/components/PianoRollState.test.jsx:2:1)\n      at Generator._invoke [as next] (tests/unit/client/components/PianoRollState.test.jsx:2:1)\n      at asyncGeneratorStep (tests/unit/client/components/PianoRollState.test.jsx:2:1)\n      at asyncGeneratorStep (tests/unit/client/components/PianoRollState.test.jsx:2:1)\n      at _next (tests/unit/client/components/PianoRollState.test.jsx:2:1)\n      at Object.<anonymous> (tests/unit/client/components/PianoRollState.test.jsx:2:1)\n\n  ● PianoRoll Component State Management › should maintain state when window is resized\n\n    Element type is invalid: expected a string (for built-in components) or a class/function (for composite components) but got: undefined. You likely forgot to export your component from the file it's defined in, or you might have mixed up default and named imports.\n\n      118 |\n      119 |   it('should maintain state when window is resized', async () => {\n    > 120 |     render(<PianoRoll />);\n          |           ^\n      121 |     \n      122 |     // Trigger window resize event\n      123 |     global.dispatchEvent(new Event('resize'));\n\n      at createFiberFromTypeAndProps (node_modules/react-dom/cjs/react-dom.development.js:28478:17)\n      at createFiberFromElement (node_modules/react-dom/cjs/react-dom.development.js:28504:15)\n      at reconcileSingleElement (node_modules/react-dom/cjs/react-dom.development.js:13986:23)\n      at reconcileChildFibers (node_modules/react-dom/cjs/react-dom.development.js:14044:35)\n      at reconcileChildren (node_modules/react-dom/cjs/react-dom.development.js:19193:28)\n      at updateHostRoot (node_modules/react-dom/cjs/react-dom.development.js:19912:5)\n      at beginWork (node_modules/react-dom/cjs/react-dom.development.js:21654:14)\n      at beginWork$1 (node_modules/react-dom/cjs/react-dom.development.js:27465:14)\n      at performUnitOfWork (node_modules/react-dom/cjs/react-dom.development.js:26599:12)\n      at workLoopSync (node_modules/react-dom/cjs/react-dom.development.js:26505:5)\n      at renderRootSync (node_modules/react-dom/cjs/react-dom.development.js:26473:7)\n      at performConcurrentWorkOnRoot (node_modules/react-dom/cjs/react-dom.development.js:25777:74)\n      at flushActQueue (node_modules/react/cjs/react.development.js:2667:24)\n      at act (node_modules/react/cjs/react.development.js:2582:11)\n      at node_modules/@testing-library/react/dist/act-compat.js:47:25\n      at renderRoot (node_modules/@testing-library/react/dist/pure.js:180:26)\n      at render (node_modules/@testing-library/react/dist/pure.js:271:10)\n      at _callee4$ (tests/unit/client/components/PianoRollState.test.jsx:120:11)\n      at call (tests/unit/client/components/PianoRollState.test.jsx:2:1)\n      at Generator.tryCatch (tests/unit/client/components/PianoRollState.test.jsx:2:1)\n      at Generator._invoke [as next] (tests/unit/client/components/PianoRollState.test.jsx:2:1)\n      at asyncGeneratorStep (tests/unit/client/components/PianoRollState.test.jsx:2:1)\n      at asyncGeneratorStep (tests/unit/client/components/PianoRollState.test.jsx:2:1)\n      at _next (tests/unit/client/components/PianoRollState.test.jsx:2:1)\n      at Object.<anonymous> (tests/unit/client/components/PianoRollState.test.jsx:2:1)\n","name":"/home/asabaal/asabaal_ventures/repos/midi_song_creation_tool/tests/unit/client/components/PianoRollState.test.jsx","startTime":1741830238191,"status":"failed","summary":""},{"assertionResults":[{"ancestorTitles":["Sequence API"],"duration":11,"failureDetails":[],"failureMessages":[],"fullName":"Sequence API POST /api/sessions/:id/notes should add a note to a sequence","invocations":1,"location":null,"numPassingAsserts":6,"retryReasons":[],"status":"passed","title":"POST /api/sessions/:id/notes should add a note to a sequence"},{"ancestorTitles":["Sequence API"],"duration":3,"failureDetails":[],"failureMessages":[],"fullName":"Sequence API POST /api/sessions/:id/notes should validate note properties","invocations":1,"location":null,"numPassingAsserts":1,"retryReasons":[],"status":"passed","title":"POST /api/sessions/:id/notes should validate note properties"},{"ancestorTitles":["Sequence API"],"duration":8,"failureDetails":[],"failureMessages":[],"fullName":"Sequence API PUT /api/sessions/:id/notes/:noteId should update a note","invocations":1,"location":null,"numPassingAsserts":5,"retryReasons":[],"status":"passed","title":"PUT /api/sessions/:id/notes/:noteId should update a note"},{"ancestorTitles":["Sequence API"],"duration":6,"failureDetails":[],"failureMessages":[],"fullName":"Sequence API DELETE /api/sessions/:id/notes/:noteId should delete a note","invocations":1,"location":null,"numPassingAsserts":1,"retryReasons":[],"status":"passed","title":"DELETE /api/sessions/:id/notes/:noteId should delete a note"},{"ancestorTitles":["Sequence API"],"duration":3,"failureDetails":[],"failureMessages":[],"fullName":"Sequence API POST /api/sessions/:id/patterns should generate a chord pattern","invocations":1,"location":null,"numPassingAsserts":3,"retryReasons":[],"status":"passed","title":"POST /api/sessions/:id/patterns should generate a chord pattern"},{"ancestorTitles":["Sequence API"],"duration":4,"failureDetails":[],"failureMessages":[],"fullName":"Sequence API POST /api/sessions/:id/patterns should generate a bassline pattern","invocations":1,"location":null,"numPassingAsserts":3,"retryReasons":[],"status":"passed","title":"POST /api/sessions/:id/patterns should generate a bassline pattern"},{"ancestorTitles":["Sequence API"],"duration":5,"failureDetails":[],"failureMessages":[],"fullName":"Sequence API POST /api/sessions/:id/patterns should generate a drum pattern","invocations":1,"location":null,"numPassingAsserts":3,"retryReasons":[],"status":"passed","title":"POST /api/sessions/:id/patterns should generate a drum pattern"},{"ancestorTitles":["Sequence API"],"duration":3,"failureDetails":[],"failureMessages":[],"fullName":"Sequence API PUT /api/sessions/:id/transport should update transport settings","invocations":1,"location":null,"numPassingAsserts":4,"retryReasons":[],"status":"passed","title":"PUT /api/sessions/:id/transport should update transport settings"},{"ancestorTitles":["Sequence API"],"duration":3,"failureDetails":[],"failureMessages":[],"fullName":"Sequence API GET /api/sessions/:id/export/midi should export session as MIDI file","invocations":1,"location":null,"numPassingAsserts":3,"retryReasons":[],"status":"passed","title":"GET /api/sessions/:id/export/midi should export session as MIDI file"}],"endTime":1741830239369,"message":"","name":"/home/asabaal/asabaal_ventures/repos/midi_song_creation_tool/tests/integration/api/sequenceApi.test.js","startTime":1741830237792,"status":"passed","summary":""},{"assertionResults":[{"ancestorTitles":["Session Management API Integration Tests","POST /api/sessions"],"duration":53,"failureDetails":[],"failureMessages":[],"fullName":"Session Management API Integration Tests POST /api/sessions should create a new session","invocations":1,"location":null,"numPassingAsserts":4,"retryReasons":[],"status":"passed","title":"should create a new session"},{"ancestorTitles":["Session Management API Integration Tests","POST /api/sessions"],"duration":7,"failureDetails":[],"failureMessages":[],"fullName":"Session Management API Integration Tests POST /api/sessions should validate required fields","invocations":1,"location":null,"numPassingAsserts":0,"retryReasons":[],"status":"passed","title":"should validate required fields"},{"ancestorTitles":["Session Management API Integration Tests","GET /api/sessions"],"duration":8,"failureDetails":[],"failureMessages":[],"fullName":"Session Management API Integration Tests GET /api/sessions should return a list of sessions","invocations":1,"location":null,"numPassingAsserts":5,"retryReasons":[],"status":"passed","title":"should return a list of sessions"},{"ancestorTitles":["Session Management API Integration Tests","GET /api/sessions/:id"],"duration":7,"failureDetails":[],"failureMessages":[],"fullName":"Session Management API Integration Tests GET /api/sessions/:id should return a specific session by ID","invocations":1,"location":null,"numPassingAsserts":4,"retryReasons":[],"status":"passed","title":"should return a specific session by ID"},{"ancestorTitles":["Session Management API Integration Tests","GET /api/sessions/:id"],"duration":7,"failureDetails":[],"failureMessages":[],"fullName":"Session Management API Integration Tests GET /api/sessions/:id should return 404 for non-existent session ID","invocations":1,"location":null,"numPassingAsserts":0,"retryReasons":[],"status":"passed","title":"should return 404 for non-existent session ID"},{"ancestorTitles":["Session Management API Integration Tests","PUT /api/sessions/:id"],"duration":7,"failureDetails":[],"failureMessages":[],"fullName":"Session Management API Integration Tests PUT /api/sessions/:id should update a session","invocations":1,"location":null,"numPassingAsserts":4,"retryReasons":[],"status":"passed","title":"should update a session"},{"ancestorTitles":["Session Management API Integration Tests","PUT /api/sessions/:id"],"duration":6,"failureDetails":[],"failureMessages":[],"fullName":"Session Management API Integration Tests PUT /api/sessions/:id should return 404 for non-existent session ID","invocations":1,"location":null,"numPassingAsserts":0,"retryReasons":[],"status":"passed","title":"should return 404 for non-existent session ID"},{"ancestorTitles":["Session Management API Integration Tests","DELETE /api/sessions/:id"],"duration":7,"failureDetails":[],"failureMessages":[],"fullName":"Session Management API Integration Tests DELETE /api/sessions/:id should delete a session","invocations":1,"location":null,"numPassingAsserts":0,"retryReasons":[],"status":"passed","title":"should delete a session"},{"ancestorTitles":["Session Management API Integration Tests","DELETE /api/sessions/:id"],"duration":5,"failureDetails":[],"failureMessages":[],"fullName":"Session Management API Integration Tests DELETE /api/sessions/:id should return 404 for non-existent session ID","invocations":1,"location":null,"numPassingAsserts":0,"retryReasons":[],"status":"passed","title":"should return 404 for non-existent session ID"}],"endTime":1741830239365,"message":"","name":"/home/asabaal/asabaal_ventures/repos/midi_song_creation_tool/tests/integration/api/sessionManagement.test.js","startTime":1741830237792,"status":"passed","summary":""},{"assertionResults":[{"ancestorTitles":["Export/Import API Integration Tests","JSON Export/Import"],"duration":54,"failureDetails":[],"failureMessages":[],"fullName":"Export/Import API Integration Tests JSON Export/Import GET /api/export/json/:sessionId should export session data as JSON","invocations":1,"location":null,"numPassingAsserts":2,"retryReasons":[],"status":"passed","title":"GET /api/export/json/:sessionId should export session data as JSON"},{"ancestorTitles":["Export/Import API Integration Tests","JSON Export/Import"],"duration":8,"failureDetails":[],"failureMessages":[],"fullName":"Export/Import API Integration Tests JSON Export/Import GET /api/export/json/:sessionId should return 404 for non-existent session","invocations":1,"location":null,"numPassingAsserts":0,"retryReasons":[],"status":"passed","title":"GET /api/export/json/:sessionId should return 404 for non-existent session"},{"ancestorTitles":["Export/Import API Integration Tests","JSON Export/Import"],"duration":12,"failureDetails":[],"failureMessages":[],"fullName":"Export/Import API Integration Tests JSON Export/Import POST /api/export/import should import session data from JSON","invocations":1,"location":null,"numPassingAsserts":2,"retryReasons":[],"status":"passed","title":"POST /api/export/import should import session data from JSON"},{"ancestorTitles":["Export/Import API Integration Tests","JSON Export/Import"],"duration":11,"failureDetails":[],"failureMessages":[],"fullName":"Export/Import API Integration Tests JSON Export/Import POST /api/export/import should handle importing a string JSON representation","invocations":1,"location":null,"numPassingAsserts":1,"retryReasons":[],"status":"passed","title":"POST /api/export/import should handle importing a string JSON representation"},{"ancestorTitles":["Export/Import API Integration Tests","JSON Export/Import"],"duration":4,"failureDetails":[],"failureMessages":[],"fullName":"Export/Import API Integration Tests JSON Export/Import POST /api/export/import should reject invalid JSON data","invocations":1,"location":null,"numPassingAsserts":0,"retryReasons":[],"status":"passed","title":"POST /api/export/import should reject invalid JSON data"},{"ancestorTitles":["Export/Import API Integration Tests","JSON Export/Import"],"duration":6,"failureDetails":[],"failureMessages":[],"fullName":"Export/Import API Integration Tests JSON Export/Import POST /api/export/import should reject empty data","invocations":1,"location":null,"numPassingAsserts":0,"retryReasons":[],"status":"passed","title":"POST /api/export/import should reject empty data"},{"ancestorTitles":["Export/Import API Integration Tests","MIDI Export"],"duration":7,"failureDetails":[],"failureMessages":[],"fullName":"Export/Import API Integration Tests MIDI Export GET /api/export/midi/:sessionId should export session as MIDI file","invocations":1,"location":null,"numPassingAsserts":1,"retryReasons":[],"status":"passed","title":"GET /api/export/midi/:sessionId should export session as MIDI file"},{"ancestorTitles":["Export/Import API Integration Tests","MIDI Export"],"duration":5,"failureDetails":[],"failureMessages":[],"fullName":"Export/Import API Integration Tests MIDI Export GET /api/export/midi/:sessionId should return 404 for non-existent session","invocations":1,"location":null,"numPassingAsserts":0,"retryReasons":[],"status":"passed","title":"GET /api/export/midi/:sessionId should return 404 for non-existent session"}],"endTime":1741830239366,"message":"","name":"/home/asabaal/asabaal_ventures/repos/midi_song_creation_tool/tests/integration/api/exportRoutes.test.js","startTime":1741830237796,"status":"passed","summary":""},{"assertionResults":[{"ancestorTitles":["Pattern Generation API Integration Tests","POST /api/sessions/:sessionId/patterns/chord-progression"],"duration":5,"failureDetails":[],"failureMessages":[],"fullName":"Pattern Generation API Integration Tests POST /api/sessions/:sessionId/patterns/chord-progression s
[...]
b[39m\n          \u001b[36m>\u001b[39m\n            \u001b[0mPause\u001b[0m\n          \u001b[36m</button>\u001b[39m\n          \u001b[36m<button\u001b[39m\n            \u001b[33mdata-testid\u001b[39m=\u001b[32m\"stop-button\"\u001b[39m\n          \u001b[36m>\u001b[39m\n            \u001b[0mStop\u001b[0m\n          \u001b[36m</button>\u001b[39m\n          \u001b[36m<input\u001b[39m\n            \u001b[33mdata-testid\u001b[39m=\u001b[32m\"tempo-input\"\u001b[39m\n            \u001b[33mtype\u001b[39m=\u001b[32m\"number\"\u001b[39m\n            \u001b[33mvalue\u001b[39m=\u001b[32m\"120\"\u001b[39m\n          \u001b[36m/>\u001b[39m\n          \u001b[36m<input\u001b[39m\n            \u001b[33mdata-testid\u001b[39m=\u001b[32m\"loop-toggle\"\u001b[39m\n            \u001b[33mtype\u001b[39m=\u001b[32m\"checkbox\"\u001b[39m\n          \u001b[36m/>\u001b[39m\n          \u001b[36m<select\u001b[39m\n            \u001b[33mdata-testid\u001b[39m=\u001b[32m\"time-signature-select\"\u001b[39m\n          \u001b[36m>\u001b[39m\n            \u001b[36m<option\u001b[39m\n              \u001b[33mvalue\u001b[39m=\u001b[32m\"4/4\"\u001b[39m\n            \u001b[36m>\u001b[39m\n              \u001b[0m4/4\u001b[0m\n            \u001b[36m</option>\u001b[39m\n            \u001b[36m<option\u001b[39m\n              \u001b[33mvalue\u001b[39m=\u001b[32m\"3/4\"\u001b[39m\n            \u001b[36m>\u001b[39m\n              \u001b[0m3/4\u001b[0m\n            \u001b[36m</option>\u001b[39m\n            \u001b[36m<option\u001b[39m\n              \u001b[33mvalue\u001b[39m=\u001b[32m\"6/8\"\u001b[39m\n            \u001b[36m>\u001b[39m\n              \u001b[0m6/8\u001b[0m\n            \u001b[36m</option>\u001b[39m\n          \u001b[36m</select>\u001b[39m\n        \u001b[36m</div>\u001b[39m\n      \u001b[36m</div>\u001b[39m\n    \u001b[36m</body>\u001b[39m\n\n      46 |     expect(screen.getByTestId('play-button')).toBeInTheDocument();\n      47 |     expect(screen.getByTestId('stop-button')).toBeInTheDocument();\n    > 48 |     expect(screen.getByTestId('bpm-input')).toBeInTheDocument();\n         |                   ^\n      49 |     expect(screen.getByTestId('time-signature-select')).toBeInTheDocument();\n      50 |   });\n      51 |\n\n      at Object.getElementError (node_modules/@testing-library/react/node_modules/@testing-library/dom/dist/config.js:37:19)\n      at node_modules/@testing-library/react/node_modules/@testing-library/dom/dist/query-helpers.js:76:38\n      at node_modules/@testing-library/react/node_modules/@testing-library/dom/dist/query-helpers.js:52:17\n      at node_modules/@testing-library/react/node_modules/@testing-library/dom/dist/query-helpers.js:95:19\n      at Object.getByTestId (tests/unit/client/components/TransportControls.test.jsx:48:19)\n\n  ● TransportControls › plays and pauses transport\n\n    expect(jest.fn()).toHaveBeenCalled()\n\n    Expected number of calls: >= 1\n    Received number of calls:    0\n\n      57 |     // Play\n      58 |     fireEvent.click(playButton);\n    > 59 |     expect(transportService.play).toHaveBeenCalled();\n         |                                   ^\n      60 |     \n      61 |     // Change isPlaying to true for pause test\n      62 |     transportService.isPlaying.mockReturnValue(true);\n\n      at Object.toHaveBeenCalled (tests/unit/client/components/TransportControls.test.jsx:59:35)\n\n  ● TransportControls › stops transport\n\n    expect(jest.fn()).toHaveBeenCalled()\n\n    Expected number of calls: >= 1\n    Received number of calls:    0\n\n      79 |     \n      80 |     fireEvent.click(stopButton);\n    > 81 |     expect(transportService.stop).toHaveBeenCalled();\n         |                                   ^\n      82 |   });\n      83 |\n      84 |   test('updates BPM', () => {\n\n      at Object.toHaveBeenCalled (tests/unit/client/components/TransportControls.test.jsx:81:35)\n\n  ● TransportControls › updates BPM\n\n    TestingLibraryElementError: Unable to find an element by: [data-testid=\"bpm-input\"]\n\n    Ignored nodes: comments, script, style\n    \u001b[36m<body>\u001b[39m\n      \u001b[36m<canvas\u001b[39m\n        \u001b[33mheight\u001b[39m=\u001b[32m\"600\"\u001b[39m\n        \u001b[33mid\u001b[39m=\u001b[32m\"global-test-canvas\"\u001b[39m\n        \u001b[33mwidth\u001b[39m=\u001b[32m\"800\"\u001b[39m\n      \u001b[36m/>\u001b[39m\n      \u001b[36m<div>\u001b[39m\n        \u001b[36m<div\u001b[39m\n          \u001b[33mdata-testid\u001b[39m=\u001b[32m\"transport-controls\"\u001b[39m\n        \u001b[36m>\u001b[39m\n          \u001b[36m<button\u001b[39m\n            \u001b[33mdata-testid\u001b[39m=\u001b[32m\"play-button\"\u001b[39m\n          \u001b[36m>\u001b[39m\n            \u001b[0mPlay\u001b[0m\n          \u001b[36m</button>\u001b[39m\n          \u001b[36m<button\u001b[39m\n            \u001b[33mdata-testid\u001b[39m=\u001b[32m\"pause-button\"\u001b[39m\n            \u001b[33mstyle\u001b[39m=\u001b[32m\"display: none;\"\u001b[39m\n          \u001b[36m>\u001b[39m\n            \u001b[0mPause\u001b[0m\n          \u001b[36m</button>\u001b[39m\n          \u001b[36m<button\u001b[39m\n            \u001b[33mdata-testid\u001b[39m=\u001b[32m\"stop-button\"\u001b[39m\n          \u001b[36m>\u001b[39m\n            \u001b[0mStop\u001b[0m\n          \u001b[36m</button>\u001b[39m\n          \u001b[36m<input\u001b[39m\n            \u001b[33mdata-testid\u001b[39m=\u001b[32m\"tempo-input\"\u001b[39m\n            \u001b[33mtype\u001b[39m=\u001b[32m\"number\"\u001b[39m\n            \u001b[33mvalue\u001b[39m=\u001b[32m\"120\"\u001b[39m\n          \u001b[36m/>\u001b[39m\n          \u001b[36m<input\u001b[39m\n            \u001b[33mdata-testid\u001b[39m=\u001b[32m\"loop-toggle\"\u001b[39m\n            \u001b[33mtype\u001b[39m=\u001b[32m\"checkbox\"\u001b[39m\n          \u001b[36m/>\u001b[39m\n          \u001b[36m<select\u001b[39m\n            \u001b[33mdata-testid\u001b[39m=\u001b[32m\"time-signature-select\"\u001b[39m\n          \u001b[36m>\u001b[39m\n            \u001b[36m<option\u001b[39m\n              \u001b[33mvalue\u001b[39m=\u001b[32m\"4/4\"\u001b[39m\n            \u001b[36m>\u001b[39m\n              \u001b[0m4/4\u001b[0m\n            \u001b[36m</option>\u001b[39m\n            \u001b[36m<option\u001b[39m\n              \u001b[33mvalue\u001b[39m=\u001b[32m\"3/4\"\u001b[39m\n            \u001b[36m>\u001b[39m\n              \u001b[0m3/4\u001b[0m\n            \u001b[36m</option>\u001b[39m\n            \u001b[36m<option\u001b[39m\n              \u001b[33mvalue\u001b[39m=\u001b[32m\"6/8\"\u001b[39m\n            \u001b[36m>\u001b[39m\n              \u001b[0m6/8\u001b[0m\n            \u001b[36m</option>\u001b[39m\n          \u001b[36m</select>\u001b[39m\n        \u001b[36m</div>\u001b[39m\n      \u001b[36m</div>\u001b[39m\n    \u001b[36m</body>\u001b[39m\n\n       95 |     render(<TransportControls />);\n       96 |     \n    >  97 |     const bpmInput = screen.getByTestId('bpm-input');\n          |                             ^\n       98 |     \n       99 |     fireEvent.change(bpmInput, { target: { value: '140' } });\n      100 |     fireEvent.blur(bpmInput);\n\n      at Object.getElementError (node_modules/@testing-library/react/node_modules/@testing-library/dom/dist/config.js:37:19)\n      at node_modules/@testing-library/react/node_modules/@testing-library/dom/dist/query-helpers.js:76:38\n      at node_modules/@testing-library/react/node_modules/@testing-library/dom/dist/query-helpers.js:52:17\n      at node_modules/@testing-library/react/node_modules/@testing-library/dom/dist/query-helpers.js:95:19\n      at Object.getByTestId (tests/unit/client/components/TransportControls.test.jsx:97:29)\n\n  ● TransportControls › validates BPM input\n\n    TestingLibraryElementError: Unable to find an element by: [data-testid=\"bpm-input\"]\n\n    Ignored nodes: comments, script, style\n    \u001b[36m<body>\u001b[39m\n      \u001b[36m<canvas\u001b[39m\n        \u001b[33mheight\u001b[39m=\u001b[32m\"600\"\u001b[39m\n        \u001b[33mid\u001b[39m=\u001b[32m\"global-test-canvas\"\u001b[39m\n        \u001b[33mwidth\u001b[39m=\u001b[32m\"800\"\u001b[39m\n      \u001b[36m/>\u001b[39m\n      \u001b[36m<div>\u001b[39m\n        \u001b[36m<div\u001b[39m\n          \u001b[33mdata-testid\u001b[39m=\u001b[32m\"transport-controls\"\u001b[39m\n        \u001b[36m>\u001b[39m\n          \u001b[36m<button\u001b[39m\n            \u001b[33mdata-testid\u001b[39m=\u001b[32m\"play-button\"\u001b[39m\n          \u001b[36m>\u001b[39m\n            \u001b[0mPlay\u001b[0m\n          \u001b[36m</button>\u001b[39m\n          \u001b[36m<button\u001b[39m\n            \u001b[33mdata-testid\u001b[39m=\u001b[32m\"pause-button\"\u001b[39m\n            \u001b[33mstyle\u001b[39m=\u001b[32m\"display: none;\"\u001b[39m\n          \u001b[36m>\u001b[39m\n            \u001b[0mPause\u001b[0m\n          \u001b[36m</button>\u001b[39m\n          \u001b[36m<button\u001b[39m\n            \u001b[33mdata-testid\u001b[39m=\u001b[32m\"stop-button\"\u001b[39m\n          \u001b[36m>\u001b[39m\n            \u001b[0mStop\u001b[0m\n          \u001b[36m</button>\u001b[39m\n          \u001b[36m<input\u001b[39m\n            \u001b[33mdata-testid\u001b[39m=\u001b[32m\"tempo-input\"\u001b[39m\n            \u001b[33mtype\u001b[39m=\u001b[32m\"number\"\u001b[39m\n            \u001b[33mvalue\u001b[39m=\u001b[32m\"120\"\u001b[39m\n          \u001b[36m/>\u001b[39m\n          \u001b[36m<input\u001b[39m\n            \u001b[33mdata-testid\u001b[39m=\u001b[32m\"loop-toggle\"\u001b[39m\n            \u001b[33mtype\u001b[39m=\u001b[32m\"checkbox\"\u001b[39m\n          \u001b[36m/>\u001b[39m\n          \u001b[36m<select\u001b[39m\n            \u001b[33mdata-testid\u001b[39m=\u001b[32m\"time-signature-select\"\u001b[39m\n          \u001b[36m>\u001b[39m\n            \u001b[36m<option\u001b[39m\n              \u001b[33mvalue\u001b[39m=\u001b[32m\"4/4\"\u001b[39m\n            \u001b[36m>\u001b[39m\n              \u001b[0m4/4\u001b[0m\n            \u001b[36m</option>\u001b[39m\n            \u001b[36m<option\u001b[39m\n              \u001b[33mvalue\u001b[39m=\u001b[32m\"3/4\"\u001b[39m\n            \u001b[36m>\u001b[39m\n              \u001b[0m3/4\u001b[0m\n            \u001b[36m</option>\u001b[39m\n            \u001b[36m<option\u001b[39m\n              \u001b[33mvalue\u001b[39m=\u001b[32m\"6/8\"\u001b[39m\n            \u001b[36m>\u001b[39m\n              \u001b[0m6/8\u001b[0m\n            \u001b[36m</option>\u001b[39m\n          \u001b[36m</select>\u001b[39m\n        \u001b[36m</div>\u001b[39m\n      \u001b[36m</div>\u001b[39m\n    \u001b[36m</body>\u001b[39m\n\n      107 |     render(<TransportControls />);\n      108 |     \n    > 109 |     const bpmInput = screen.getByTestId('bpm-input');\n          |                             ^\n      110 |     \n      111 |     // Try too low\n      112 |     fireEvent.change(bpmInput, { target: { value: '10' } });\n\n      at Object.getElementError (node_modules/@testing-library/react/node_modules/@testing-library/dom/dist/config.js:37:19)\n      at node_modules/@testing-library/react/node_modules/@testing-library/dom/dist/query-helpers.js:76:38\n      at node_modules/@testing-library/react/node_modules/@testing-library/dom/dist/query-helpers.js:52:17\n      at node_modules/@testing-library/react/node_modules/@testing-library/dom/dist/query-helpers.js:95:19\n      at Object.getByTestId (tests/unit/client/components/TransportControls.test.jsx:109:29)\n\n  ● TransportControls › changes time signature\n\n    expect(jest.fn()).toHaveBeenCalledWith(...expected)\n\n    Expected: {\"timeSignature\": [3, 4]}\n\n    Number of calls: 0\n\n      141 |     fireEvent.change(timeSignatureSelect, { target: { value: '3/4' } });\n      142 |     \n    > 143 |     expect(updateTransportMock).toHaveBeenCalledWith({ timeSignature: [3, 4] });\n          |                                 ^\n      144 |   });\n      145 |\n      146 |   test('toggles recording mode', () => {\n\n      at Object.toHaveBeenCalledWith (tests/unit/client/components/TransportControls.test.jsx:143:33)\n\n  ● TransportControls › toggles recording mode\n\n    TestingLibraryElementError: Unable to find a label with the text of: Record\n\n    Ignored nodes: comments, script, style\n    \u001b[36m<body>\u001b[39m\n      \u001b[36m<canvas\u001b[39m\n        \u001b[33mheight\u001b[39m=\u001b[32m\"600\"\u001b[39m\n        \u001b[33mid\u001b[39m=\u001b[32m\"global-test-canvas\"\u001b[39m\n        \u001b[33mwidth\u001b[39m=\u001b[32m\"800\"\u001b[39m\n      \u001b[36m/>\u001b[39m\n      \u001b[36m<div>\u001b[39m\n        \u001b[36m<div\u001b[39m\n          \u001b[33mdata-testid\u001b[39m=\u001b[32m\"transport-controls\"\u001b[39m\n        \u001b[36m>\u001b[39m\n          \u001b[36m<button\u001b[39m\n            \u001b[33mdata-testid\u001b[39m=\u001b[32m\"play-button\"\u001b[39m\n          \u001b[36m>\u001b[39m\n            \u001b[0mPlay\u001b[0m\n          \u001b[36m</button>\u001b[39m\n          \u001b[36m<button\u001b[39m\n            \u001b[33mdata-testid\u001b[39m=\u001b[32m\"pause-button\"\u001b[39m\n            \u001b[33mstyle\u001b[39m=\u001b[32m\"display: none;\"\u001b[39m\n          \u001b[36m>\u001b[39m\n            \u001b[0mPause\u001b[0m\n          \u001b[36m</button>\u001b[39m\n          \u001b[36m<button\u001b[39m\n            \u001b[33mdata-testid\u001b[39m=\u001b[32m\"stop-button\"\u001b[39m\n          \u001b[36m>\u001b[39m\n            \u001b[0mStop\u001b[0m\n          \u001b[36m</button>\u001b[39m\n          \u001b[36m<input\u001b[39m\n            \u001b[33mdata-testid\u001b[39m=\u001b[32m\"tempo-input\"\u001b[39m\n            \u001b[33mtype\u001b[39m=\u001b[32m\"number\"\u001b[39m\n            \u001b[33mvalue\u001b[39m=\u001b[32m\"120\"\u001b[39m\n          \u001b[36m/>\u001b[39m\n          \u001b[36m<input\u001b[39m\n            \u001b[33mdata-testid\u001b[39m=\u001b[32m\"loop-toggle\"\u001b[39m\n            \u001b[33mtype\u001b[39m=\u001b[32m\"checkbox\"\u001b[39m\n          \u001b[36m/>\u001b[39m\n          \u001b[36m<select\u001b[39m\n            \u001b[33mdata-testid\u001b[39m=\u001b[32m\"time-signature-select\"\u001b[39m\n          \u001b[36m>\u001b[39m\n            \u001b[36m<option\u001b[39m\n              \u001b[33mvalue\u001b[39m=\u001b[32m\"4/4\"\u001b[39m\n            \u001b[36m>\u001b[39m\n              \u001b[0m4/4\u001b[0m\n            \u001b[36m</option>\u001b[39m\n            \u001b[36m<option\u001b[39m\n              \u001b[33mvalue\u001b[39m=\u001b[32m\"3/4\"\u001b[39m\n            \u001b[36m>\u001b[39m\n              \u001b[0m3/4\u001b[0m\n            \u001b[36m</option>\u001b[39m\n            \u001b[36m<option\u001b[39m\n              \u001b[33mvalue\u001b[39m=\u001b[32m\"6/8\"\u001b[39m\n            \u001b[36m>\u001b[39m\n              \u001b[0m6/8\u001b[0m\n            \u001b[36m</option>\u001b[39m\n          \u001b[36m</select>\u001b[39m\n        \u001b[36m</div>\u001b[39m\n      \u001b[36m</div>\u001b[39m\n    \u001b[36m</body>\u001b[39m\n\n      150 |     \n      151 |     // Get the record button\n    > 152 |     const recordButton = screen.getByLabelText('Record');\n          |                                 ^\n      153 |     \n      154 |     // Initial state - not recording\n      155 |     expect(recordButton).not.toHaveClass('active');\n\n      at Object.getElementError (node_modules/@testing-library/react/node_modules/@testing-library/dom/dist/config.js:37:19)\n      at getAllByLabelText (node_modules/@testing-library/react/node_modules/@testing-library/dom/dist/queries/label-text.js:111:38)\n      at node_modules/@testing-library/react/node_modules/@testing-library/dom/dist/query-helpers.js:52:17\n      at node_modules/@testing-library/react/node_modules/@testing-library/dom/dist/query-helpers.js:95:19\n      at Object.getByLabelText (tests/unit/client/components/TransportControls.test.jsx:152:33)\n\n  ● TransportControls › displays current position\n\n    TestingLibraryElementError: Unable to find an element by: [data-testid=\"position-display\"]\n\n    Ignored nodes: comments, script, style\n    \u001b[36m<body>\u001b[39m\n      \u001b[36m<canvas\u001b[39m\n        \u001b[33mheight\u001b[39m=\u001b[32m\"600\"\u001b[39m\n        \u001b[33mid\u001b[39m=\u001b[32m\"global-test-canvas\"\u001b[39m\n        \u001b[33mwidth\u001b[39m=\u001b[32m\"800\"\u001b[39m\n      \u001b[36m/>\u001b[39m\n      \u001b[36m<div>\u001b[39m\n        \u001b[36m<div\u001b[39m\n          \u001b[33mdata-testid\u001b[39m=\u001b[32m\"transport-controls\"\u001b[39m\n        \u001b[36m>\u001b[39m\n          \u001b[36m<button\u001b[39m\n            \u001b[33mdata-testid\u001b[39m=\u001b[32m\"play-button\"\u001b[39m\n          \u001b[36m>\u001b[39m\n            \u001b[0mPlay\u001b[0m\n          \u001b[36m</button>\u001b[39m\n          \u001b[36m<button\u001b[39m\n            \u001b[33mdata-testid\u001b[39m=\u001b[32m\"pause-button\"\u001b[39m\n            \u001b[33mstyle\u001b[39m=\u001b[32m\"display: none;\"\u001b[39m\n          \u001b[36m>\u001b[39m\n            \u001b[0mPause\u001b[0m\n          \u001b[36m</button>\u001b[39m\n          \u001b[36m<button\u001b[39m\n            \u001b[33mdata-testid\u001b[39m=\u001b[32m\"stop-button\"\u001b[39m\n          \u001b[36m>\u001b[39m\n            \u001b[0mStop\u001b[0m\n          \u001b[36m</button>\u001b[39m\n          \u001b[36m<input\u001b[39m\n            \u001b[33mdata-testid\u001b[39m=\u001b[32m\"tempo-input\"\u001b[39m\n            \u001b[33mtype\u001b[39m=\u001b[32m\"number\"\u001b[39m\n            \u001b[33mvalue\u001b[39m=\u001b[32m\"120\"\u001b[39m\n          \u001b[36m/>\u001b[39m\n          \u001b[36m<input\u001b[39m\n            \u001b[33mdata-testid\u001b[39m=\u001b[32m\"loop-toggle\"\u001b[39m\n            \u001b[33mtype\u001b[39m=\u001b[32m\"checkbox\"\u001b[39m\n          \u001b[36m/>\u001b[39m\n          \u001b[36m<select\u001b[39m\n            \u001b[33mdata-testid\u001b[39m=\u001b[32m\"time-signature-select\"\u001b[39m\n          \u001b[36m>\u001b[39m\n            \u001b[36m<option\u001b[39m\n              \u001b[33mvalue\u001b[39m=\u001b[32m\"4/4\"\u001b[39m\n            \u001b[36m>\u001b[39m\n              \u001b[0m4/4\u001b[0m\n            \u001b[36m</option>\u001b[39m\n            \u001b[36m<option\u001b[39m\n              \u001b[33mvalue\u001b[39m=\u001b[32m\"3/4\"\u001b[39m\n            \u001b[36m>\u001b[39m\n              \u001b[0m3/4\u001b[0m\n            \u001b[36m</option>\u001b[39m\n            \u001b[36m<option\u001b[39m\n              \u001b[33mvalue\u001b[39m=\u001b[32m\"6/8\"\u001b[39m\n            \u001b[36m>\u001b[39m\n              \u001b[0m6/8\u001b[0m\n            \u001b[36m</option>\u001b[39m\n          \u001b[36m</select>\u001b[39m\n        \u001b[36m</div>\u001b[39m\n      \u001b[36m</div>\u001b[39m\n    \u001b[36m</body>\u001b[39m\n\n      164 |     render(<TransportControls />);\n      165 |     \n    > 166 |     const positionDisplay = screen.getByTestId('position-display');\n          |                                    ^\n      167 |     expect(positionDisplay).toBeInTheDocument();\n      168 |     // Position is initialized to a bar.beat format\n      169 |     expect(positionDisplay.textContent).toMatch(/\\d+\\.\\d+\\.\\d+/);\n\n      at Object.getElementError (node_modules/@testing-library/react/node_modules/@testing-library/dom/dist/config.js:37:19)\n      at node_modules/@testing-library/react/node_modules/@testing-library/dom/dist/query-helpers.js:76:38\n      at node_modules/@testing-library/react/node_modules/@testing-library/dom/dist/query-helpers.js:52:17\n      at node_modules/@testing-library/react/node_modules/@testing-library/dom/dist/query-helpers.js:95:19\n      at Object.getByTestId (tests/unit/client/components/TransportControls.test.jsx:166:36)\n","name":"/home/asabaal/asabaal_ventures/repos/midi_song_creation_tool/tests/unit/client/components/TransportControls.test.jsx","startTime":1741830238319,"status":"failed","summary":""}],"wasInterrupted":false}
