{"numFailedTestSuites":0,"numFailedTests":0,"numPassedTestSuites":24,"numPassedTests":119,"numPendingTestSuites":0,"numPendingTests":2,"numRuntimeErrorTestSuites":0,"numTodoTests":0,"numTotalTestSuites":24,"numTotalTests":121,"openHandles":[],"snapshot":{"added":0,"didUpdate":false,"failure":false,"filesAdded":0,"filesRemoved":0,"filesRemovedList":[],"filesUnmatched":0,"filesUpdated":0,"matched":0,"total":0,"unchecked":0,"uncheckedKeysByFile":[],"unmatched":0,"updated":0},"startTime":1741869183860,"success":true,"testResults":[{"assertionResults":[{"ancestorTitles":["musicTheoryEdgeCases"],"duration":5,"failureDetails":[],"failureMessages":[],"fullName":"musicTheoryEdgeCases passes","invocations":1,"location":null,"numPassingAsserts":1,"retryReasons":[],"status":"passed","title":"passes"}],"endTime":1741869184667,"message":"","name":"/home/asabaal/asabaal_ventures/repos/midi_song_creation_tool/tests/integration/api/musicTheoryEdgeCases.test.js","startTime":1741869184035,"status":"passed","summary":""},{"assertionResults":[{"ancestorTitles":["MidiSequence"],"duration":8,"failureDetails":[],"failureMessages":[],"fullName":"MidiSequence should initialize with correct default values","invocations":1,"location":null,"numPassingAsserts":3,"retryReasons":[],"status":"passed","title":"should initialize with correct default values"},{"ancestorTitles":["MidiSequence"],"duration":0,"failureDetails":[],"failureMessages":[],"fullName":"MidiSequence should add a note correctly","invocations":1,"location":null,"numPassingAsserts":5,"retryReasons":[],"status":"passed","title":"should add a note correctly"},{"ancestorTitles":["MidiSequence"],"duration":1,"failureDetails":[],"failureMessages":[],"fullName":"MidiSequence should remove a note correctly","invocations":1,"location":null,"numPassingAsserts":2,"retryReasons":[],"status":"passed","title":"should remove a note correctly"},{"ancestorTitles":["MidiSequence"],"duration":0,"failureDetails":[],"failureMessages":[],"fullName":"MidiSequence should calculate sequence duration correctly","invocations":1,"location":null,"numPassingAsserts":1,"retryReasons":[],"status":"passed","title":"should calculate sequence duration correctly"},{"ancestorTitles":["MidiSequence"],"duration":2,"failureDetails":[],"failureMessages":[],"fullName":"MidiSequence should quantize notes correctly","invocations":1,"location":null,"numPassingAsserts":2,"retryReasons":[],"status":"passed","title":"should quantize notes correctly"},{"ancestorTitles":["MidiSequence"],"duration":0,"failureDetails":[],"failureMessages":[],"fullName":"MidiSequence should transpose notes correctly","invocations":1,"location":null,"numPassingAsserts":1,"retryReasons":[],"status":"passed","title":"should transpose notes correctly"},{"ancestorTitles":["MidiSequence"],"duration":1,"failureDetails":[],"failureMessages":[],"fullName":"MidiSequence should handle note collisions","invocations":1,"location":null,"numPassingAsserts":1,"retryReasons":[],"status":"passed","title":"should handle note collisions"}],"endTime":1741869184707,"message":"","name":"/home/asabaal/asabaal_ventures/repos/midi_song_creation_tool/tests/unit/core/midiSequence.test.js","startTime":1741869184040,"status":"passed","summary":""},{"assertionResults":[{"ancestorTitles":["sequenceApi"],"duration":5,"failureDetails":[],"failureMessages":[],"fullName":"sequenceApi POST /api/sessions/:id/notes should add a note to a sequence","invocations":1,"location":null,"numPassingAsserts":1,"retryReasons":[],"status":"passed","title":"POST /api/sessions/:id/notes should add a note to a sequence"},{"ancestorTitles":["sequenceApi"],"duration":0,"failureDetails":[],"failureMessages":[],"fullName":"sequenceApi POST /api/sessions/:id/notes should validate note properties","invocations":1,"location":null,"numPassingAsserts":1,"retryReasons":[],"status":"passed","title":"POST /api/sessions/:id/notes should validate note properties"},{"ancestorTitles":["sequenceApi"],"duration":1,"failureDetails":[],"failureMessages":[],"fullName":"sequenceApi PUT /api/sessions/:id/notes/:noteId should update a note","invocations":1,"location":null,"numPassingAsserts":1,"retryReasons":[],"status":"passed","title":"PUT /api/sessions/:id/notes/:noteId should update a note"},{"ancestorTitles":["sequenceApi"],"duration":1,"failureDetails":[],"failureMessages":[],"fullName":"sequenceApi DELETE /api/sessions/:id/notes/:noteId should delete a note","invocations":1,"location":null,"numPassingAsserts":1,"retryReasons":[],"status":"passed","title":"DELETE /api/sessions/:id/notes/:noteId should delete a note"},{"ancestorTitles":["sequenceApi"],"duration":0,"failureDetails":[],"failureMessages":[],"fullName":"sequenceApi POST /api/sessions/:id/patterns should generate a chord pattern","invocations":1,"location":null,"numPassingAsserts":1,"retryReasons":[],"status":"passed","title":"POST /api/sessions/:id/patterns should generate a chord pattern"},{"ancestorTitles":["sequenceApi"],"duration":0,"failureDetails":[],"failureMessages":[],"fullName":"sequenceApi POST /api/sessions/:id/patterns should generate a bassline pattern","invocations":1,"location":null,"numPassingAsserts":1,"retryReasons":[],"status":"passed","title":"POST /api/sessions/:id/patterns should generate a bassline pattern"},{"ancestorTitles":["sequenceApi"],"duration":1,"failureDetails":[],"failureMessages":[],"fullName":"sequenceApi POST /api/sessions/:id/patterns should generate a drum pattern","invocations":1,"location":null,"numPassingAsserts":1,"retryReasons":[],"status":"passed","title":"POST /api/sessions/:id/patterns should generate a drum pattern"},{"ancestorTitles":["sequenceApi"],"duration":0,"failureDetails":[],"failureMessages":[],"fullName":"sequenceApi PUT /api/sessions/:id/transport should update transport settings","invocations":1,"location":null,"numPassingAsserts":1,"retryReasons":[],"status":"passed","title":"PUT /api/sessions/:id/transport should update transport settings"},{"ancestorTitles":["sequenceApi"],"duration":0,"failureDetails":[],"failureMessages":[],"fullName":"sequenceApi GET /api/sessions/:id/export/midi should export session as MIDI file","invocations":1,"location":null,"numPassingAsserts":1,"retryReasons":[],"status":"passed","title":"GET /api/sessions/:id/export/midi should export session as MIDI file"}],"endTime":1741869184715,"message":"","name":"/home/asabaal/asabaal_ventures/repos/midi_song_creation_tool/tests/integration/api/sequenceApi.test.js","startTime":1741869184060,"status":"passed","summary":""},{"assertionResults":[{"ancestorTitles":["Placeholder Tests"],"duration":4,"failureDetails":[],"failureMessages":[],"fullName":"Placeholder Tests should run basic tests in Node environment","invocations":1,"location":null,"numPassingAsserts":1,"retryReasons":[],"status":"passed","title":"should run basic tests in Node environment"},{"ancestorTitles":["Placeholder Tests"],"duration":0,"failureDetails":[],"failureMessages":[],"fullName":"Placeholder Tests should not have window object in Node environment","invocations":1,"location":null,"numPassingAsserts":1,"retryReasons":[],"status":"passed","title":"should not have window object in Node environment"},{"ancestorTitles":["Placeholder Tests"],"duration":1,"failureDetails":[],"failureMessages":[],"fullName":"Placeholder Tests should have process object in Node environment","invocations":1,"location":null,"numPassingAsserts":1,"retryReasons":[],"status":"passed","title":"should have process object in Node environment"}],"endTime":1741869184713,"message":"","name":"/home/asabaal/asabaal_ventures/repos/midi_song_creation_tool/tests/integration/placeholder.test.js","startTime":1741869184055,"status":"passed","summary":""},{"assertionResults":[{"ancestorTitles":["errorRecovery"],"duration":1,"failureDetails":[],"failureMessages":[],"fullName":"errorRecovery passes","invocations":1,"location":null,"numPassingAsserts":1,"retryReasons":[],"status":"passed","title":"passes"}],"endTime":1741869184718,"message":"","name":"/home/asabaal/asabaal_ventures/repos/midi_song_creation_tool/tests/integration/api/errorRecovery.test.js","startTime":1741869184675,"status":"passed","summary":""},{"assertionResults":[{"ancestorTitles":["parameterValidation"],"duration":5,"failureDetails":[],"failureMessages":[],"fullName":"parameterValidation passes","invocations":1,"location":null,"numPassingAsserts":1,"retryReasons":[],"status":"passed","title":"passes"}],"endTime":1741869184721,"message":"","name":"/home/asabaal/asabaal_ventures/repos/midi_song_creation_tool/tests/integration/api/parameterValidation.test.js","startTime":1741869184035,"status":"passed","summary":""},{"assertionResults":[{"ancestorTitles":["Pattern Generators","ChordGenerator"],"duration":5,"failureDetails":[],"failureMessages":[],"fullName":"Pattern Generators ChordGenerator should generate major chord correctly","invocations":1,"location":null,"numPassingAsserts":4,"retryReasons":[],"status":"passed","title":"should generate major chord correctly"},{"ancestorTitles":["Pattern Generators","ChordGenerator"],"duration":1,"failureDetails":[],"failureMessages":[],"fullName":"Pattern Generators ChordGenerator should generate minor chord correctly","invocations":1,"location":null,"numPassingAsserts":4,"retryReasons":[],"status":"passed","title":"should generate minor chord correctly"},{"ancestorTitles":["Pattern Generators","ChordGenerator"],"duration":1,"failureDetails":[],"failureMessages":[],"fullName":"Pattern Generators ChordGenerator should generate chord progression","invocations":1,"location":null,"numPassingAsserts":5,"retryReasons":[],"status":"passed","title":"should generate chord progression"},{"ancestorTitles":["Pattern Generators","ChordGenerator"],"duration":30,"failureDetails":[],"failureMessages":[],"fullName":"Pattern Generators ChordGenerator should handle invalid chord type","invocations":1,"location":null,"numPassingAsserts":1,"retryReasons":[],"status":"passed","title":"should handle invalid chord type"},{"ancestorTitles":["Pattern Generators","BasslineGenerator"],"duration":1,"failureDetails":[],"failureMessages":[],"fullName":"Pattern Generators BasslineGenerator should generate walking bassline","invocations":1,"location":null,"numPassingAsserts":5,"retryReasons":[],"status":"passed","title":"should generate walking bassline"},{"ancestorTitles":["Pattern Generators","BasslineGenerator"],"duration":0,"failureDetails":[],"failureMessages":[],"fullName":"Pattern Generators BasslineGenerator should generate pattern bassline","invocations":1,"location":null,"numPassingAsserts":5,"retryReasons":[],"status":"passed","title":"should generate pattern bassline"},{"ancestorTitles":["Pattern Generators","DrumPatternGenerator"],"duration":0,"failureDetails":[],"failureMessages":[],"fullName":"Pattern Generators DrumPatternGenerator should generate basic drum pattern","invocations":1,"location":null,"numPassingAsserts":5,"retryReasons":[],"status":"passed","title":"should generate basic drum pattern"},{"ancestorTitles":["Pattern Generators","DrumPatternGenerator"],"duration":0,"failureDetails":[],"failureMessages":[],"fullName":"Pattern Generators DrumPatternGenerator should handle different time signatures","invocations":1,"location":null,"numPassingAsserts":3,"retryReasons":[],"status":"passed","title":"should handle different time signatures"},{"ancestorTitles":["Pattern Generators","DrumPatternGenerator"],"duration":1,"failureDetails":[],"failureMessages":[],"fullName":"Pattern Generators DrumPatternGenerator should generate fill patterns","invocations":1,"location":null,"numPassingAsserts":1,"retryReasons":[],"status":"passed","title":"should generate fill patterns"}],"endTime":1741869184747,"message":"","name":"/home/asabaal/asabaal_ventures/repos/midi_song_creation_tool/tests/unit/core/patternGenerator.test.js","startTime":1741869184047,"status":"passed","summary":""},{"assertionResults":[{"ancestorTitles":["exportRoutes"],"duration":1,"failureDetails":[],"failureMessages":[],"fullName":"exportRoutes passes","invocations":1,"location":null,"numPassingAsserts":1,"retryReasons":[],"status":"passed","title":"passes"}],"endTime":1741869184756,"message":"","name":"/home/asabaal/asabaal_ventures/repos/midi_song_creation_tool/tests/integration/api/exportRoutes.test.js","startTime":1741869184730,"status":"passed","summary":""},{"assertionResults":[{"ancestorTitles":["MIDI File Export Module","exportMidiFile"],"duration":15,"failureDetails":[],"failureMessages":[],"fullName":"MIDI File Export Module exportMidiFile should export a MIDI file with a single track","invocations":1,"location":null,"numPassingAsserts":2,"retryReasons":[],"status":"passed","title":"should export a MIDI file with a single track"},{"ancestorTitles":["MIDI File Export Module","exportMidiFile"],"duration":1,"failureDetails":[],"failureMessages":[],"fullName":"MIDI File Export Module exportMidiFile should export a MIDI file with multiple tracks","invocations":1,"location":null,"numPassingAsserts":2,"retryReasons":[],"status":"passed","title":"should export a MIDI file with multiple tracks"},{"ancestorTitles":["MIDI File Export Module","exportMidiFile"],"duration":0,"failureDetails":[],"failureMessages":[],"fullName":"MIDI File Export Module exportMidiFile should handle empty tracks","invocations":1,"location":null,"numPassingAsserts":1,"retryReasons":[],"status":"passed","title":"should handle empty tracks"},{"ancestorTitles":["MIDI File Export Module","exportMidiFile"],"duration":1,"failureDetails":[],"failureMessages":[],"fullName":"MIDI File Export Module exportMidiFile should apply tempo and time signature settings","invocations":1,"location":null,"numPassingAsserts":1,"retryReasons":[],"status":"passed","title":"should apply tempo and time signature settings"},{"ancestorTitles":["MIDI File Export Module","exportMidiFile"],"duration":23,"failureDetails":[],"failureMessages":[],"fullName":"MIDI File Export Module exportMidiFile should throw an error when given an invalid output path","invocations":1,"location":null,"numPassingAsserts":1,"retryReasons":[],"status":"passed","title":"should throw an error when given an invalid output path"},{"ancestorTitles":["MIDI File Export Module","createMidiBuffer"],"duration":1,"failureDetails":[],"failureMessages":[],"fullName":"MIDI File Export Module createMidiBuffer should create a valid MIDI buffer from a sequence","invocations":1,"location":null,"numPassingAsserts":6,"retryReasons":[],"status":"passed","title":"should create a valid MIDI buffer from a sequence"},{"ancestorTitles":["MIDI File Export Module","createMidiBuffer"],"duration":1,"failureDetails":[],"failureMessages":[],"fullName":"MIDI File Export Module createMidiBuffer should include all tracks in the MIDI buffer","invocations":1,"location":null,"numPassingAsserts":1,"retryReasons":[],"status":"passed","title":"should include all tracks in the MIDI buffer"}],"endTime":1741869184758,"message":"","name":"/home/asabaal/asabaal_ventures/repos/midi_song_creation_tool/tests/unit/core/midiFileExport.test.js","startTime":1741869184045,"status":"passed","summary":""},{"assertionResults":[{"ancestorTitles":["sessionManagement"],"duration":6,"failureDetails":[],"failureMessages":[],"fullName":"sessionManagement passes","invocations":1,"location":null,"numPassingAsserts":1,"retryReasons":[],"status":"passed","title":"passes"}],"endTime":1741869184759,"message":"","name":"/home/asabaal/asabaal_ventures/repos/midi_song_creation_tool/tests/integration/api/sessionManagement.test.js","startTime":1741869184078,"status":"passed","summary":""},{"assertionResults":[{"ancestorTitles":["dataConsistency"],"duration":5,"failureDetails":[],"failureMessages":[],"fullName":"dataConsistency passes","invocations":1,"location":null,"numPassingAsserts":1,"retryReasons":[],"status":"passed","title":"passes"}],"endTime":1741869184759,"message":"","name":"/home/asabaal/asabaal_ventures/repos/midi_song_creation_tool/tests/integration/api/dataConsistency.test.js","startTime":1741869184101,"status":"passed","summary":""},{"assertionResults":[{"ancestorTitles":["MIDI Export Functionality","sessionToMidiFile"],"duration":6,"failureDetails":[],"failureMessages":[],"fullName":"MIDI Export Functionality sessionToMidiFile should export a session to MIDI format","invocations":1,"location":null,"numPassingAsserts":2,"retryReasons":[],"status":"passed","title":"should export a session to MIDI format"},{"ancestorTitles":["MIDI Export Functionality","sessionToMidiFile"],"duration":2,"failureDetails":[],"failureMessages":[],"fullName":"MIDI Export Functionality sessionToMidiFile should handle sessions with no tracks","invocations":1,"location":null,"numPassingAsserts":2,"retryReasons":[],"status":"passed","title":"should handle sessions with no tracks"},{"ancestorTitles":["MIDI Export Functionality","sessionToMidiFile"],"duration":1,"failureDetails":[],"failureMessages":[],"fullName":"MIDI Export Functionality sessionToMidiFile should handle sessions with no notes","invocations":1,"location":null,"numPassingAsserts":2,"retryReasons":[],"status":"passed","title":"should handle sessions with no notes"},{"ancestorTitles":["MIDI Export Functionality","sessionToMidiFile"],"duration":38,"failureDetails":[],"failureMessages":[],"fullName":"MIDI Export Functionality sessionToMidiFile should handle errors gracefully","invocations":1,"location":null,"numPassingAsserts":1,"retryReasons":[],"status":"passed","title":"should handle errors gracefully"},{"ancestorTitles":["MIDI Export Functionality","sequenceToMidiFile"],"duration":1,"failureDetails":[],"failureMessages":[],"fullName":"MIDI Export Functionality sequenceToMidiFile should export a sequence to MIDI format","invocations":1,"location":null,"numPassingAsserts":2,"retryReasons":[],"status":"passed","title":"should export a sequence to MIDI format"},{"ancestorTitles":["MIDI Export Functionality","sequenceToMidiFile"],"duration":1,"failureDetails":[],"failureMessages":[],"fullName":"MIDI Export Functionality sequenceToMidiFile should handle sequences with no notes","invocations":1,"location":null,"numPassingAsserts":2,"retryReasons":[],"status":"passed","title":"should handle sequences with no notes"},{"ancestorTitles":["MIDI Export Functionality","sequenceToMidiFile"],"duration":0,"failureDetails":[],"failureMessages":[],"fullName":"MIDI Export Functionality sequenceToMidiFile should handle alternative timeSignature formats","invocations":1,"location":null,"numPassingAsserts":2,"retryReasons":[],"status":"passed","title":"should handle alternative timeSignature formats"},{"ancestorTitles":["MIDI Export Functionality","sequenceToMidiFile"],"duration":1,"failureDetails":[],"failureMessages":[],"fullName":"MIDI Export Functionality sequenceToMidiFile should use default values when properties are missing","invocations":1,"location":null,"numPassingAsserts":2,"retryReasons":[],"status":"passed","title":"should use default values when properties are missing"},{"ancestorTitles":["MIDI Export Functionality","Duration conversion"],"duration":0,"failureDetails":[],"failureMessages":[],"fullName":"MIDI Export Functionality Duration conversion should convert duration to appropriate MIDI format","invocations":1,"location":null,"numPassingAsserts":2,"retryReasons":[],"status":"passed","title":"should convert duration to appropriate MIDI format"}],"endTime":1741869184765,"message":"","name":"/home/asabaal/asabaal_ventures/repos/midi_song_creation_tool/tests/unit/core/midiExport.test.js","startTime":1741869184029,"status":"passed","summary":""},{"assertionResults":[{"ancestorTitles":["musicTheoryApi"],"duration":0,"failureDetails":[],"failureMessages":[],"fullName":"musicTheoryApi passes","invocations":1,"location":null,"numPassingAsserts":1,"retryReasons":[],"status":"passed","title":"passes"}],"endTime":1741869184787,"message":"","name":"/home/asabaal/asabaal_ventures/repos/midi_song_creation_tool/tests/integration/api/musicTheoryApi.test.js","startTime":1741869184713,"status":"passed","summary":""},{"assertionResults":[{"ancestorTitles":["Music Theory Module","Note Conversion"],"duration":6,"failureDetails":[],"failureMessages":[],"fullName":"Music Theory Module Note Conversion should convert note names to MIDI note numbers","invocations":1,"location":null,"numPassingAsserts":9,"retryReasons":[],"status":"passed","title":"should convert note names to MIDI note numbers"},{"ancestorTitles":["Music Theory Module","Note Conversion"],"duration":1,"failureDetails":[],"failureMessages":[],"fullName":"Music Theory Module Note Conversion should handle flat note names","invocations":1,"location":null,"numPassingAsserts":3,"retryReasons":[],"status":"passed","title":"should handle flat note names"},{"ancestorTitles":["Music Theory Module","Note Conversion"],"duration":0,"failureDetails":[],"failureMessages":[],"fullName":"Music Theory Module Note Conversion should handle different octaves","invocations":1,"location":null,"numPassingAsserts":9,"retryReasons":[],"status":"passed","title":"should handle different octaves"},{"ancestorTitles":["Music Theory Module","Note Conversion"],"duration":34,"failureDetails":[],"failureMessages":[],"fullName":"Music Theory Module Note Conversion should throw error for invalid note names","invocations":1,"location":null,"numPassingAsserts":2,"retryReasons":[],"status":"passed","title":"should throw error for invalid note names"},{"ancestorTitles":["Music Theory Module","Note Conversion"],"duration":0,"failureDetails":[],"failureMessages":[],"fullName":"Music Theory Module Note Conversion should convert MIDI note numbers to note names","invocations":1,"location":null,"numPassingAsserts":9,"retryReasons":[],"status":"passed","title":"should convert MIDI note numbers to note names"},{"ancestorTitles":["Music Theory Module","Note Conversion"],"duration":1,"failureDetails":[],"failureMessages":[],"fullName":"Music Theory Module Note Conversion should be able to convert back and forth","invocations":1,"location":null,"numPassingAsserts":6,"retryReasons":[],"status":"passed","title":"should be able to convert back and forth"},{"ancestorTitles":["Music Theory Module","Scale Generation"],"duration":1,"failureDetails":[],"failureMessages":[],"fullName":"Music Theory Module Scale Generation should generate major scale correctly","invocations":1,"location":null,"numPassingAsserts":1,"retryReasons":[],"status":"passed","title":"should generate major scale correctly"},{"ancestorTitles":["Music Theory Module","Scale Generation"],"duration":1,"failureDetails":[],"failureMessages":[],"fullName":"Music Theory Module Scale Generation should generate minor scale correctly","invocations":1,"location":null,"numPassingAsserts":1,"retryReasons":[],"status":"passed","title":"should generate minor scale correctly"},{"ancestorTitles":["Music Theory Module","Scale Generation"],"duration":0,"failureDetails":[],"failureMessages":[],"fullName":"Music Theory Module Scale Generation should generate pentatonic scale correctly","invocations":1,"location":null,"numPassingAsserts":2,"retryReasons":[],"status":"passed","title":"should generate pentatonic scale correctly"},{"ancestorTitles":["Music Theory Module","Scale Generation"],"duration":1,"failureDetails":[],"failureMessages":[],"fullName":"Music Theory Module Scale Generation should generate blues scale correctly","invocations":1,"location":null,"numPassingAsserts":1,"retryReasons":[],"status":"passed","title":"should generate blues scale correctly"},{"ancestorTitles":["Music Theory Module","Scale Generation"],"duration":0,"failureDetails":[],"failureMessages":[],"fullName":"Music Theory Module Scale Generation should generate modal scales correctly","invocations":1,"location":null,"numPassingAsserts":4,"retryReasons":[],"status":"passed","title":"should generate modal scales correctly"},{"ancestorTitles":["Music Theory Module","Scale Generation"],"duration":1,"failureDetails":[],"failureMessages":[],"fullName":"Music Theory Module Scale Generation should throw error for unknown scale type","invocations":1,"location":null,"numPassingAsserts":1,"retryReasons":[],"status":"passed","title":"should throw error for unknown scale type"},{"ancestorTitles":["Music Theory Module","Chord Generation"],"duration":0,"failureDetails":[],"failureMessages":[],"fullName":"Music Theory Module Chord Generation should generate major chord correctly","invocations":1,"location":null,"numPassingAsserts":1,"retryReasons":[],"status":"passed","title":"should generate major chord correctly"},{"ancestorTitles":["Music Theory Module","Chord Generation"],"duration":0,"failureDetails":[],"failureMessages":[],"fullName":"Music Theory Module Chord Generation should generate minor chord correctly","invocations":1,"location":null,"numPassingAsserts":1,"retryReasons":[],"status":"passed","title":"should generate minor chord correctly"},{"ancestorTitles":["Music Theory Module","Chord Generation"],"duration":1,"failureDetails":[],"failureMessages":[],"fullName":"Music Theory Module Chord Generation should generate seventh chords correctly","invocations":1,"location":null,"numPassingAsserts":3,"retryReasons":[],"status":"passed","title":"should generate seventh chords correctly"},{"ancestorTitles":["Music Theory Module","Chord Generation"],"duration":0,"failureDetails":[],"failureMessages":[],"fullName":"Music Theory Module Chord Generation should generate diminished and augmented chords correctly","invocations":1,"location":null,"numPassingAsserts":2,"retryReasons":[],"status":"passed","title":"should generate diminished and augmented chords correctly"},{"ancestorTitles":["Music Theory Module","Chord Generation"],"duration":0,"failureDetails":[],"failureMessages":[],"fullName":"Music Theory Module Chord Generation should generate suspended chords correctly","invocations":1,"location":null,"numPassingAsserts":2,"retryReasons":[],"status":"passed","title":"should generate suspended chords correctly"},{"ancestorTitles":["Music Theory Module","Chord Generation"],"duration":1,"failureDetails":[],"failureMessages":[],"fullName":"Music Theory Module Chord Generation should throw error for unknown chord type","invocations":1,"location":null,"numPassingAsserts":1,"retryReasons":[],"status":"passed","title":"should throw error for unknown chord type"},{"ancestorTitles":["Music Theory Module","Key Signature"],"duration":1,"failureDetails":[],"failureMessages":[],"fullName":"Music Theory Module Key Signature should return correct key signature for major keys","invocations":1,"location":null,"numPassingAsserts":5,"retryReasons":[],"status":"passed","title":"should return correct key signature for major keys"},{"ancestorTitles":["Music Theory Module","Key Signature"],"duration":0,"failureDetails":[],"failureMessages":[],"fullName":"Music Theory Module Key Signature should return correct key signature for minor keys","invocations":1,"location":null,"numPassingAsserts":3,"retryReasons":[],"status":"passed","title":"should return correct key signature for minor keys"},{"ancestorTitles":["Music Theory Module","Key Signature"],"duration":1,"failureDetails":[],"failureMessages":[],"fullName":"Music Theory Module Key Signature should throw error for invalid mode","invocations":1,"location":null,"numPassingAsserts":1,"retryReasons":[],"status":"passed","title":"should throw error for invalid mode"},{"ancestorTitles":["Music Theory Module","Chord Progression"],"duration":18,"failureDetails":[],"failureMessages":[],"fullName":"Music Theory Module Chord Progression should generate a I-IV-V-I progression in C major","invocations":1,"location":null,"numPassingAsserts":12,"retryReasons":[],"status":"passed","title":"should generate a I-IV-V-I progression in C major"},{"ancestorTitles":["Music Theory Module","Chord Progression"],"duration":1,"failureDetails":[],"failureMessages":[],"fullName":"Music Theory Module Chord Progression should generate a i-iv-v-i progression in A minor","invocations":1,"location":null,"numPassingAsserts":10,"retryReasons":[],"status":"passed","title":"should generate a i-iv-v-i progression in A minor"},{"ancestorTitles":["Music Theory Module","Chord Progression"],"duration":1,"failureDetails":[],"failureMessages":[],"fullName":"Music Theory Module Chord Progression should throw error for invalid Roman numeral","invocations":1,"location":null,"numPassingAsserts":1,"retryReasons":[],"status":"passed","title":"should throw error for invalid Roman numeral"}],"endTime":1741869184797,"message":"","name":"/home/asabaal/asabaal_ventures/repos/midi_song_creation_tool/tests/unit/core/musicTheory.test.js","startTime":1741869184036,"status":"passed","summary":""},{"assertionResults":[{"ancestorTitles":["sessionApi"],"duration":3,"failureDetails":[],"failureMessages":[],"fullName":"sessionApi should create a new session","invocations":1,"location":null,"numPassingAsserts":1,"retryReasons":[],"status":"passed","title":"should create a new session"},{"ancestorTitles":["sessionApi"],"duration":0,"failureDetails":[],"failureMessages":[],"fullName":"sessionApi should validate required fields","invocations":1,"location":null,"numPassingAsserts":1,"retryReasons":[],"status":"passed","title":"should validate required fields"},{"ancestorTitles":["sessionApi"],"duration":0,"failureDetails":[],"failureMessages":[],"fullName":"sessionApi should retrieve all sessions","invocations":1,"location":null,"numPassingAsserts":1,"retryReasons":[],"status":"passed","title":"should retrieve all sessions"},{"ancestorTitles":["sessionApi"],"duration":0,"failureDetails":[],"failureMessages":[],"fullName":"sessionApi should retrieve a session by ID","invocations":1,"location":null,"numPassingAsserts":1,"retryReasons":[],"status":"passed","title":"should retrieve a session by ID"},{"ancestorTitles":["sessionApi"],"duration":1,"failureDetails":[],"failureMessages":[],"fullName":"sessionApi should return 404 for non-existent session","invocations":1,"location":null,"numPassingAsserts":1,"retryReasons":[],"status":"passed","title":"should return 404 for non-existent session"},{"ancestorTitles":["sessionApi"],"duration":0,"failureDetails":[],"failureMessages":[],"fullName":"sessionApi should update a session","invocations":1,"location":null,"numPassingAsserts":1,"retryReasons":[],"status":"passed","title":"should update a session"},{"ancestorTitles":["sessionApi"],"duration":0,"failureDetails":[],"failureMessages":[],"fullName":"sessionApi should delete a session","invocations":1,"location":null,"numPassingAsserts":1,"retryReasons":[],"status":"passed","title":"should delete a session"}],"endTime":1741869184799,"message":"","name":"/home/asabaal/asabaal_ventures/repos/midi_song_creation_tool/tests/integration/api/sessionApi.test.js","startTime":1741869184100,"status":"passed","summary":""},{"assertionResults":[{"ancestorTitles":["patternRoutes"],"duration":0,"failureDetails":[],"failureMessages":[],"fullName":"patternRoutes passes","invocations":1,"location":null,"numPassingAsserts":1,"retryReasons":[],"status":"passed","title":"passes"}],"endTime":1741869184802,"message":"","name":"/home/asabaal/asabaal_ventures/repos/midi_song_creation_tool/tests/integration/api/patternRoutes.test.js","startTime":1741869184724,"status":"passed","summary":""},{"assertionResults":[{"ancestorTitles":["Server Placeholder"],"duration":0,"failureDetails":[],"failureMessages":[],"fullName":"Server Placeholder should pass a simple test","invocations":1,"location":null,"numPassingAsserts":1,"retryReasons":[],"status":"passed","title":"should pass a simple test"}],"endTime":1741869184803,"message":"","name":"/home/asabaal/asabaal_ventures/repos/midi_song_creation_tool/tests/unit/server/placeholder.test.js","startTime":1741869184724,"status":"passed","summary":""},{"assertionResults":[{"ancestorTitles":["PianoRoll State"],"duration":12,"failureDetails":[],"failureMessages":[],"fullName":"PianoRoll State manages state properly","invocations":1,"location":null,"numPassingAsserts":1,"retryReasons":[],"status":"passed","title":"manages state properly"}],"endTime":1741869185176,"message":"","name":"/home/asabaal/asabaal_ventures/repos/midi_song_creation_tool/tests/unit/client/components/PianoRollState.test.jsx","startTime":1741869184474,"status":"passed","summary":""},{"assertionResults":[{"ancestorTitles":["PianoRoll"],"duration":null,"failureDetails":[],"failureMessages":[],"fullName":"PianoRoll renders piano roll component","invocations":1,"location":null,"numPassingAsserts":0,"retryReasons":[],"status":"pending","title":"renders piano roll component"},{"ancestorTitles":["PianoRoll"],"duration":35,"failureDetails":[],"failureMessages":[],"fullName":"PianoRoll adds a note when clicking on the canvas","invocations":1,"location":null,"numPassingAsserts":1,"retryReasons":[],"status":"passed","title":"adds a note when clicking on the canvas"}],"endTime":1741869185181,"message":"","name":"/home/asabaal/asabaal_ventures/repos/midi_song_creation_tool/tests/unit/client/components/PianoRoll.test.jsx","startTime":1741869184455,"status":"focused","summary":""},{"assertionResults":[{"ancestorTitles":["PianoRoll Component State Management"],"duration":null,"failureDetails":[],"failureMessages":[],"fullName":"PianoRoll Component State Management should render the piano roll with initial state","invocations":1,"location":null,"numPassingAsserts":0,"retryReasons":[],"status":"pending","title":"should render the piano roll with initial state"},{"ancestorTitles":["PianoRoll Component State Management"],"duration":23,"failureDetails":[],"failureMessages":[],"fullName":"PianoRoll Component State Management should handle note selection state","invocations":1,"location":null,"numPassingAsserts":1,"retryReasons":[],"status":"passed","title":"should handle note selection state"},{"ancestorTitles":["PianoRoll Component State Management"],"duration":3,"failureDetails":[],"failureMessages":[],"fullName":"PianoRoll Component State Management should handle zoom state changes","invocations":1,"location":null,"numPassingAsserts":2,"retryReasons":[],"status":"passed","title":"should handle zoom state changes"},{"ancestorTitles":["PianoRoll Component State Management"],"duration":3,"failureDetails":[],"failureMessages":[],"fullName":"PianoRoll Component State Management should handle grid snap setting changes","invocations":1,"location":null,"numPassingAsserts":1,"retryReasons":[],"status":"passed","title":"should handle grid snap setting changes"},{"ancestorTitles":["PianoRoll Component State Management"],"duration":2,"failureDetails":[],"failureMessages":[],"fullName":"PianoRoll Component State Management should maintain state when window is resized","invocations":1,"location":null,"numPassingAsserts":1,"retryReasons":[],"status":"passed","title":"should maintain state when window is resized"}],"endTime":1741869185201,"message":"","name":"/home/asabaal/asabaal_ventures/repos/midi_song_creation_tool/tests/unit/client/components/PianoRollStateManagement/index.test.jsx","startTime":1741869184496,"status":"focused","summary":""},{"assertionResults":[{"ancestorTitles":["VirtualKeyboard Component"],"duration":27,"failureDetails":[],"failureMessages":[],"fullName":"VirtualKeyboard Component renders with default props","invocations":1,"location":null,"numPassingAsserts":3,"retryReasons":[],"status":"passed","title":"renders with default props"},{"ancestorTitles":["VirtualKeyboard Component"],"duration":4,"failureDetails":[],"failureMessages":[],"fullName":"VirtualKeyboard Component renders with custom octaves and startOctave","invocations":1,"location":null,"numPassingAsserts":2,"retryReasons":[],"status":"passed","title":"renders with custom octaves and startOctave"},{"ancestorTitles":["VirtualKeyboard Component"],"duration":7,"failureDetails":[],"failureMessages":[],"fullName":"VirtualKeyboard Component shows note names when showNoteNames is true","invocations":1,"location":null,"numPassingAsserts":1,"retryReasons":[],"status":"passed","title":"shows note names when showNoteNames is true"},{"ancestorTitles":["VirtualKeyboard Component"],"duration":3,"failureDetails":[],"failureMessages":[],"fullName":"VirtualKeyboard Component does not show note names by default","invocations":1,"location":null,"numPassingAsserts":1,"retryReasons":[],"status":"passed","title":"does not show note names by default"},{"ancestorTitles":["VirtualKeyboard Component"],"duration":5,"failureDetails":[],"failureMessages":[],"fullName":"VirtualKeyboard Component highlights active notes","invocations":1,"location":null,"numPassingAsserts":1,"retryReasons":[],"status":"passed","title":"highlights active notes"},{"ancestorTitles":["VirtualKeyboard Component"],"duration":6,"failureDetails":[],"failureMessages":[],"fullName":"VirtualKeyboard Component calls onNoteOn when keys are pressed","invocations":1,"location":null,"numPassingAsserts":1,"retryReasons":[],"status":"passed","title":"calls onNoteOn when keys are pressed"},{"ancestorTitles":["VirtualKeyboard Component"],"duration":5,"failureDetails":[],"failureMessages":[],"fullName":"VirtualKeyboard Component calls onNoteOff when keys are released","invocations":1,"location":null,"numPassingAsserts":1,"retryReasons":[],"status":"passed","title":"calls onNoteOff when keys are released"},{"ancestorTitles":["VirtualKeyboard Component"],"duration":4,"failureDetails":[],"failureMessages":[],"fullName":"VirtualKeyboard Component calls onNoteOff when mouse leaves a pressed key","invocations":1,"location":null,"numPassingAsserts":1,"retryReasons":[],"status":"passed","title":"calls onNoteOff when mouse leaves a pressed key"},{"ancestorTitles":["VirtualKeyboard Component"],"duration":12,"failureDetails":[],"failureMessages":[],"fullName":"VirtualKeyboard Component correctly calculates MIDI note numbers for all keys","invocations":1,"location":null,"numPassingAsserts":12,"retryReasons":[],"status":"passed","title":"correctly calculates MIDI note numbers for all keys"}],"endTime":1741869185234,"message":"","name":"/home/asabaal/asabaal_ventures/repos/midi_song_creation_tool/tests/unit/client/components/VirtualKeyboard.test.jsx","startTime":1741869184467,"status":"passed","summary":""},{"assertionResults":[{"ancestorTitles":["TransportControls Component State Management"],"duration":23,"failureDetails":[],"failureMessages":[],"fullName":"TransportControls Component State Management should render transport controls with initial state","invocations":1,"location":null,"numPassingAsserts":2,"retryReasons":[],"status":"passed","title":"should render transport controls with initial state"},{"ancestorTitles":["TransportControls Component State Management"],"duration":9,"failureDetails":[],"failureMessages":[],"fullName":"TransportControls Component State Management should toggle play/pause state","invocations":1,"location":null,"numPassingAsserts":2,"retryReasons":[],"status":"passed","title":"should toggle play/pause state"},{"ancestorTitles":["TransportControls Component State Management"],"duration":4,"failureDetails":[],"failureMessages":[],"fullName":"TransportControls Component State Management should update tempo state","invocations":1,"location":null,"numPassingAsserts":2,"retryReasons":[],"status":"passed","title":"should update tempo state"},{"ancestorTitles":["TransportControls Component State Management"],"duration":3,"failureDetails":[],"failureMessages":[],"fullName":"TransportControls Component State Management should toggle loop state","invocations":1,"location":null,"numPassingAsserts":1,"retryReasons":[],"status":"passed","title":"should toggle loop state"},{"ancestorTitles":["TransportControls Component State Management"],"duration":2,"failureDetails":[],"failureMessages":[],"fullName":"TransportControls Component State Management should maintain state during transport position updates","invocations":1,"location":null,"numPassingAsserts":1,"retryReasons":[],"status":"passed","title":"should maintain state during transport position updates"}],"endTime":1741869185252,"message":"","name":"/home/asabaal/asabaal_ventures/repos/midi_song_creation_tool/tests/unit/client/components/TransportControlsState.test.jsx","startTime":1741869184477,"status":"passed","summary":""},{"assertionResults":[{"ancestorTitles":["TransportControls"],"duration":23,"failureDetails":[],"failureMessages":[],"fullName":"TransportControls renders transport controls","invocations":1,"location":null,"numPassingAsserts":4,"retryReasons":[],"status":"passed","title":"renders transport controls"},{"ancestorTitles":["TransportControls"],"duration":12,"failureDetails":[],"failureMessages":[],"fullName":"TransportControls plays and pauses transport","invocations":1,"location":null,"numPassingAsserts":2,"retryReasons":[],"status":"passed","title":"plays and pauses transport"},{"ancestorTitles":["TransportControls"],"duration":3,"failureDetails":[],"failureMessages":[],"fullName":"TransportControls stops transport","invocations":1,"location":null,"numPassingAsserts":1,"retryReasons":[],"status":"passed","title":"stops transport"},{"ancestorTitles":["TransportControls"],"duration":4,"failureDetails":[],"failureMessages":[],"fullName":"TransportControls updates BPM","invocations":1,"location":null,"numPassingAsserts":2,"retryReasons":[],"status":"passed","title":"updates BPM"},{"ancestorTitles":["TransportControls"],"duration":4,"failureDetails":[],"failureMessages":[],"fullName":"TransportControls validates BPM input","invocations":1,"location":null,"numPassingAsserts":4,"retryReasons":[],"status":"passed","title":"validates BPM input"},{"ancestorTitles":["TransportControls"],"duration":2,"failureDetails":[],"failureMessages":[],"fullName":"TransportControls changes time signature","invocations":1,"location":null,"numPassingAsserts":1,"retryReasons":[],"status":"passed","title":"changes time signature"},{"ancestorTitles":["TransportControls"],"duration":2,"failureDetails":[],"failureMessages":[],"fullName":"TransportControls toggles recording mode","invocations":1,"location":null,"numPassingAsserts":2,"retryReasons":[],"status":"passed","title":"toggles recording mode"},{"ancestorTitles":["TransportControls"],"duration":2,"failureDetails":[],"failureMessages":[],"fullName":"TransportControls displays current position","invocations":1,"location":null,"numPassingAsserts":2,"retryReasons":[],"status":"passed","title":"displays current position"}],"endTime":1741869185262,"message":"","name":"/home/asabaal/asabaal_ventures/repos/midi_song_creation_tool/tests/unit/client/components/TransportControls.test.jsx","startTime":1741869184560,"status":"passed","summary":""},{"assertionResults":[{"ancestorTitles":["PatternGenerator"],"duration":37,"failureDetails":[],"failureMessages":[],"fullName":"PatternGenerator renders pattern generator component","invocations":1,"location":null,"numPassingAsserts":3,"retryReasons":[],"status":"passed","title":"renders pattern generator component"},{"ancestorTitles":["PatternGenerator"],"duration":17,"failureDetails":[],"failureMessages":[],"fullName":"PatternGenerator generates chord pattern","invocations":1,"location":null,"numPassingAsserts":3,"retryReasons":[],"status":"passed","title":"generates chord pattern"},{"ancestorTitles":["PatternGenerator"],"duration":14,"failureDetails":[],"failureMessages":[],"fullName":"PatternGenerator generates bassline pattern","invocations":1,"location":null,"numPassingAsserts":3,"retryReasons":[],"status":"passed","title":"generates bassline pattern"},{"ancestorTitles":["PatternGenerator"],"duration":12,"failureDetails":[],"failureMessages":[],"fullName":"PatternGenerator generates drum pattern","invocations":1,"location":null,"numPassingAsserts":3,"retryReasons":[],"status":"passed","title":"generates drum pattern"},{"ancestorTitles":["PatternGenerator"],"duration":8,"failureDetails":[],"failureMessages":[],"fullName":"PatternGenerator changes root note parameter","invocations":1,"location":null,"numPassingAsserts":1,"retryReasons":[],"status":"passed","title":"changes root note parameter"},{"ancestorTitles":["PatternGenerator"],"duration":5,"failureDetails":[],"failureMessages":[],"fullName":"PatternGenerator changes chord type parameter","invocations":1,"location":null,"numPassingAsserts":1,"retryReasons":[],"status":"passed","title":"changes chord type parameter"},{"ancestorTitles":["PatternGenerator"],"duration":10,"failureDetails":[],"failureMessages":[],"fullName":"PatternGenerator changes bars parameter in drum tab","invocations":1,"location":null,"numPassingAsserts":1,"retryReasons":[],"status":"passed","title":"changes bars parameter in drum tab"}],"endTime":1741869185278,"message":"","name":"/home/asabaal/asabaal_ventures/repos/midi_song_creation_tool/tests/unit/client/components/PatternGenerator.test.jsx","startTime":1741869184453,"status":"passed","summary":""}],"wasInterrupted":false}
