<?xml version="1.0" encoding="UTF-8"?>
<testsuites name="jest tests" tests="83" failures="28" errors="0" time="1.554">
  <testsuite name="tests/integration/api/musicTheoryApi.test.js" errors="0" failures="6" skipped="0" timestamp="2025-03-08T19:44:30" time="0.6" tests="20">
    <testcase classname="Music Theory API Integration Tests › GET /api/music-theory/scales/:root/:type" name="should return a correctly formatted scale" time="0.022">
    </testcase>
    <testcase classname="Music Theory API Integration Tests › GET /api/music-theory/scales/:root/:type" name="should handle scale requests with different octaves" time="0.007">
    </testcase>
    <testcase classname="Music Theory API Integration Tests › GET /api/music-theory/scales/:root/:type" name="should return 400 for invalid scale type" time="0.002">
    </testcase>
    <testcase classname="Music Theory API Integration Tests › GET /api/music-theory/scales/:root/:type" name="should return 400 for invalid root note" time="0.002">
    </testcase>
    <testcase classname="Music Theory API Integration Tests › GET /api/music-theory/chords/:root/:type" name="should return a correctly formatted major chord" time="0.002">
    </testcase>
    <testcase classname="Music Theory API Integration Tests › GET /api/music-theory/chords/:root/:type" name="should return a correctly formatted seventh chord" time="0.003">
    </testcase>
    <testcase classname="Music Theory API Integration Tests › GET /api/music-theory/chords/:root/:type" name="should handle chord requests with different octaves" time="0.004">
      <failure>Error: expect(received).toEqual(expected) // deep equality

- Expected  - 1
+ Received  + 1

  Array [
    &quot;G&quot;,
-   &quot;Bb&quot;,
+   &quot;A#&quot;,
    &quot;D&quot;,
  ]
    at Object.toEqual (/home/asabaal/asabaal_ventures/repos/midi_song_creation_tool/tests/integration/api/musicTheoryApi.test.js:78:35)
    at processTicksAndRejections (node:internal/process/task_queues:105:5)</failure>
    </testcase>
    <testcase classname="Music Theory API Integration Tests › GET /api/music-theory/chords/:root/:type" name="should return 400 for invalid chord type" time="0.002">
    </testcase>
    <testcase classname="Music Theory API Integration Tests › GET /api/music-theory/progressions/:key/:mode" name="should return a correctly formatted progression" time="0.004">
    </testcase>
    <testcase classname="Music Theory API Integration Tests › GET /api/music-theory/progressions/:key/:mode" name="should return minor chords in minor key progression" time="0.003">
      <failure>Error: expect(received).toEqual(expected) // deep equality

- Expected  - 1
+ Received  + 1

  Array [
    &quot;A&quot;,
-   &quot;C&quot;,
+   &quot;C#&quot;,
    &quot;E&quot;,
  ]
    at Object.toEqual (/home/asabaal/asabaal_ventures/repos/midi_song_creation_tool/tests/integration/api/musicTheoryApi.test.js:123:45)
    at processTicksAndRejections (node:internal/process/task_queues:105:5)</failure>
    </testcase>
    <testcase classname="Music Theory API Integration Tests › GET /api/music-theory/progressions/:key/:mode" name="should return 400 for invalid progression" time="0.002">
    </testcase>
    <testcase classname="Music Theory API Integration Tests › GET /api/music-theory/key-signature/:key/:mode" name="should return correct key signature for C major" time="0.002">
      <failure>Error: expect(received).toBe(expected) // Object.is equality

Expected: 0
Received: null
    at Object.toBe (/home/asabaal/asabaal_ventures/repos/midi_song_creation_tool/tests/integration/api/musicTheoryApi.test.js:144:42)
    at processTicksAndRejections (node:internal/process/task_queues:105:5)</failure>
    </testcase>
    <testcase classname="Music Theory API Integration Tests › GET /api/music-theory/key-signature/:key/:mode" name="should return correct key signature for G major" time="0.002">
    </testcase>
    <testcase classname="Music Theory API Integration Tests › GET /api/music-theory/key-signature/:key/:mode" name="should return correct key signature for F major" time="0.002">
      <failure>Error: expect(received).toBe(expected) // Object.is equality

Expected: 1
Received: null
    at Object.toBe (/home/asabaal/asabaal_ventures/repos/midi_song_creation_tool/tests/integration/api/musicTheoryApi.test.js:168:42)
    at processTicksAndRejections (node:internal/process/task_queues:105:5)</failure>
    </testcase>
    <testcase classname="Music Theory API Integration Tests › GET /api/music-theory/key-signature/:key/:mode" name="should return correct key signature for A minor" time="0.002">
      <failure>Error: expect(received).toBe(expected) // Object.is equality

Expected: 0
Received: null
    at Object.toBe (/home/asabaal/asabaal_ventures/repos/midi_song_creation_tool/tests/integration/api/musicTheoryApi.test.js:180:42)
    at processTicksAndRejections (node:internal/process/task_queues:105:5)</failure>
    </testcase>
    <testcase classname="Music Theory API Integration Tests › GET /api/music-theory/key-signature/:key/:mode" name="should return 400 for invalid mode" time="0.001">
    </testcase>
    <testcase classname="Music Theory API Integration Tests › POST /api/music-theory/analyze-chord" name="should correctly identify a C major chord" time="0.011">
    </testcase>
    <testcase classname="Music Theory API Integration Tests › POST /api/music-theory/analyze-chord" name="should correctly identify a D minor 7th chord" time="0.002">
    </testcase>
    <testcase classname="Music Theory API Integration Tests › POST /api/music-theory/analyze-chord" name="should handle inversions and identify the chord" time="0.002">
      <failure>Error: expect(received).toBe(expected) // Object.is equality

Expected: &quot;C&quot;
Received: &quot;E&quot;
    at Object.toBe (/home/asabaal/asabaal_ventures/repos/midi_song_creation_tool/tests/integration/api/musicTheoryApi.test.js:231:34)
    at processTicksAndRejections (node:internal/process/task_queues:105:5)</failure>
    </testcase>
    <testcase classname="Music Theory API Integration Tests › POST /api/music-theory/analyze-chord" name="should return 400 for invalid notes (less than 3)" time="0.001">
    </testcase>
  </testsuite>
  <testsuite name="tests/unit/core/musicTheory.test.js" errors="0" failures="4" skipped="0" timestamp="2025-03-08T19:44:30" time="0.086" tests="24">
    <testcase classname="Music Theory Module › Note Conversion" name="should convert note names to MIDI note numbers" time="0.001">
    </testcase>
    <testcase classname="Music Theory Module › Note Conversion" name="should handle flat note names" time="0">
    </testcase>
    <testcase classname="Music Theory Module › Note Conversion" name="should handle different octaves" time="0">
    </testcase>
    <testcase classname="Music Theory Module › Note Conversion" name="should throw error for invalid note names" time="0.006">
    </testcase>
    <testcase classname="Music Theory Module › Note Conversion" name="should convert MIDI note numbers to note names" time="0.001">
    </testcase>
    <testcase classname="Music Theory Module › Note Conversion" name="should be able to convert back and forth" time="0">
      <failure>Error: expect(received).toBe(expected) // Object.is equality

Expected: &quot;B#2&quot;
Received: &quot;A#2&quot;
    at toBe (/home/asabaal/asabaal_ventures/repos/midi_song_creation_tool/tests/unit/core/musicTheory.test.js:66:46)
    at Array.forEach (&lt;anonymous&gt;)
    at Object.forEach (/home/asabaal/asabaal_ventures/repos/midi_song_creation_tool/tests/unit/core/musicTheory.test.js:65:17)
    at Promise.then.completed (/home/asabaal/asabaal_ventures/repos/midi_song_creation_tool/node_modules/jest-circus/build/utils.js:298:28)
    at new Promise (&lt;anonymous&gt;)
    at callAsyncCircusFn (/home/asabaal/asabaal_ventures/repos/midi_song_creation_tool/node_modules/jest-circus/build/utils.js:231:10)
    at _callCircusTest (/home/asabaal/asabaal_ventures/repos/midi_song_creation_tool/node_modules/jest-circus/build/run.js:316:40)
    at _runTest (/home/asabaal/asabaal_ventures/repos/midi_song_creation_tool/node_modules/jest-circus/build/run.js:252:3)
    at _runTestsForDescribeBlock (/home/asabaal/asabaal_ventures/repos/midi_song_creation_tool/node_modules/jest-circus/build/run.js:126:9)
    at _runTestsForDescribeBlock (/home/asabaal/asabaal_ventures/repos/midi_song_creation_tool/node_modules/jest-circus/build/run.js:121:9)
    at _runTestsForDescribeBlock (/home/asabaal/asabaal_ventures/repos/midi_song_creation_tool/node_modules/jest-circus/build/run.js:121:9)
    at run (/home/asabaal/asabaal_ventures/repos/midi_song_creation_tool/node_modules/jest-circus/build/run.js:71:3)
    at runAndTransformResultsToJestFormat (/home/asabaal/asabaal_ventures/repos/midi_song_creation_tool/node_modules/jest-circus/build/legacy-code-todo-rewrite/jestAdapterInit.js:122:21)
    at jestAdapter (/home/asabaal/asabaal_ventures/repos/midi_song_creation_tool/node_modules/jest-circus/build/legacy-code-todo-rewrite/jestAdapter.js:79:19)
    at runTestInternal (/home/asabaal/asabaal_ventures/repos/midi_song_creation_tool/node_modules/jest-runner/build/runTest.js:367:16)
    at runTest (/home/asabaal/asabaal_ventures/repos/midi_song_creation_tool/node_modules/jest-runner/build/runTest.js:444:34)</failure>
    </testcase>
    <testcase classname="Music Theory Module › Scale Generation" name="should generate major scale correctly" time="0">
    </testcase>
    <testcase classname="Music Theory Module › Scale Generation" name="should generate minor scale correctly" time="0">
    </testcase>
    <testcase classname="Music Theory Module › Scale Generation" name="should generate pentatonic scale correctly" time="0.001">
    </testcase>
    <testcase classname="Music Theory Module › Scale Generation" name="should generate blues scale correctly" time="0">
    </testcase>
    <testcase classname="Music Theory Module › Scale Generation" name="should generate modal scales correctly" time="0.001">
    </testcase>
    <testcase classname="Music Theory Module › Scale Generation" name="should throw error for unknown scale type" time="0">
    </testcase>
    <testcase classname="Music Theory Module › Chord Generation" name="should generate major chord correctly" time="0">
    </testcase>
    <testcase classname="Music Theory Module › Chord Generation" name="should generate minor chord correctly" time="0">
    </testcase>
    <testcase classname="Music Theory Module › Chord Generation" name="should generate seventh chords correctly" time="0">
    </testcase>
    <testcase classname="Music Theory Module › Chord Generation" name="should generate diminished and augmented chords correctly" time="0">
    </testcase>
    <testcase classname="Music Theory Module › Chord Generation" name="should generate suspended chords correctly" time="0.001">
    </testcase>
    <testcase classname="Music Theory Module › Chord Generation" name="should throw error for unknown chord type" time="0">
    </testcase>
    <testcase classname="Music Theory Module › Key Signature" name="should return correct key signature for major keys" time="0.001">
      <failure>Error: expect(received).toEqual(expected) // deep equality

- Expected  - 2
+ Received  + 2

  Object {
-   &quot;accidental&quot;: &quot;sharp&quot;,
-   &quot;keySignature&quot;: 0,
+   &quot;accidental&quot;: &quot;flat&quot;,
+   &quot;keySignature&quot;: NaN,
  }
    at Object.toEqual (/home/asabaal/asabaal_ventures/repos/midi_song_creation_tool/tests/unit/core/musicTheory.test.js:160:42)
    at Promise.then.completed (/home/asabaal/asabaal_ventures/repos/midi_song_creation_tool/node_modules/jest-circus/build/utils.js:298:28)
    at new Promise (&lt;anonymous&gt;)
    at callAsyncCircusFn (/home/asabaal/asabaal_ventures/repos/midi_song_creation_tool/node_modules/jest-circus/build/utils.js:231:10)
    at _callCircusTest (/home/asabaal/asabaal_ventures/repos/midi_song_creation_tool/node_modules/jest-circus/build/run.js:316:40)
    at _runTest (/home/asabaal/asabaal_ventures/repos/midi_song_creation_tool/node_modules/jest-circus/build/run.js:252:3)
    at _runTestsForDescribeBlock (/home/asabaal/asabaal_ventures/repos/midi_song_creation_tool/node_modules/jest-circus/build/run.js:126:9)
    at _runTestsForDescribeBlock (/home/asabaal/asabaal_ventures/repos/midi_song_creation_tool/node_modules/jest-circus/build/run.js:121:9)
    at _runTestsForDescribeBlock (/home/asabaal/asabaal_ventures/repos/midi_song_creation_tool/node_modules/jest-circus/build/run.js:121:9)
    at run (/home/asabaal/asabaal_ventures/repos/midi_song_creation_tool/node_modules/jest-circus/build/run.js:71:3)
    at runAndTransformResultsToJestFormat (/home/asabaal/asabaal_ventures/repos/midi_song_creation_tool/node_modules/jest-circus/build/legacy-code-todo-rewrite/jestAdapterInit.js:122:21)
    at jestAdapter (/home/asabaal/asabaal_ventures/repos/midi_song_creation_tool/node_modules/jest-circus/build/legacy-code-todo-rewrite/jestAdapter.js:79:19)
    at runTestInternal (/home/asabaal/asabaal_ventures/repos/midi_song_creation_tool/node_modules/jest-runner/build/runTest.js:367:16)
    at runTest (/home/asabaal/asabaal_ventures/repos/midi_song_creation_tool/node_modules/jest-runner/build/runTest.js:444:34)</failure>
    </testcase>
    <testcase classname="Music Theory Module › Key Signature" name="should return correct key signature for minor keys" time="0.001">
      <failure>Error: expect(received).toEqual(expected) // deep equality

- Expected  - 2
+ Received  + 2

  Object {
-   &quot;accidental&quot;: &quot;sharp&quot;,
-   &quot;keySignature&quot;: 0,
+   &quot;accidental&quot;: &quot;flat&quot;,
+   &quot;keySignature&quot;: NaN,
  }
    at Object.toEqual (/home/asabaal/asabaal_ventures/repos/midi_song_creation_tool/tests/unit/core/musicTheory.test.js:192:42)
    at Promise.then.completed (/home/asabaal/asabaal_ventures/repos/midi_song_creation_tool/node_modules/jest-circus/build/utils.js:298:28)
    at new Promise (&lt;anonymous&gt;)
    at callAsyncCircusFn (/home/asabaal/asabaal_ventures/repos/midi_song_creation_tool/node_modules/jest-circus/build/utils.js:231:10)
    at _callCircusTest (/home/asabaal/asabaal_ventures/repos/midi_song_creation_tool/node_modules/jest-circus/build/run.js:316:40)
    at _runTest (/home/asabaal/asabaal_ventures/repos/midi_song_creation_tool/node_modules/jest-circus/build/run.js:252:3)
    at _runTestsForDescribeBlock (/home/asabaal/asabaal_ventures/repos/midi_song_creation_tool/node_modules/jest-circus/build/run.js:126:9)
    at _runTestsForDescribeBlock (/home/asabaal/asabaal_ventures/repos/midi_song_creation_tool/node_modules/jest-circus/build/run.js:121:9)
    at _runTestsForDescribeBlock (/home/asabaal/asabaal_ventures/repos/midi_song_creation_tool/node_modules/jest-circus/build/run.js:121:9)
    at run (/home/asabaal/asabaal_ventures/repos/midi_song_creation_tool/node_modules/jest-circus/build/run.js:71:3)
    at runAndTransformResultsToJestFormat (/home/asabaal/asabaal_ventures/repos/midi_song_creation_tool/node_modules/jest-circus/build/legacy-code-todo-rewrite/jestAdapterInit.js:122:21)
    at jestAdapter (/home/asabaal/asabaal_ventures/repos/midi_song_creation_tool/node_modules/jest-circus/build/legacy-code-todo-rewrite/jestAdapter.js:79:19)
    at runTestInternal (/home/asabaal/asabaal_ventures/repos/midi_song_creation_tool/node_modules/jest-runner/build/runTest.js:367:16)
    at runTest (/home/asabaal/asabaal_ventures/repos/midi_song_creation_tool/node_modules/jest-runner/build/runTest.js:444:34)</failure>
    </testcase>
    <testcase classname="Music Theory Module › Key Signature" name="should throw error for invalid mode" time="0">
    </testcase>
    <testcase classname="Music Theory Module › Chord Progression" name="should generate a I-IV-V-I progression in C major" time="0.001">
    </testcase>
    <testcase classname="Music Theory Module › Chord Progression" name="should generate a i-iv-v-i progression in A minor" time="0.001">
      <failure>Error: expect(received).toContain(expected) // indexOf

Expected value: 72
Received array: [69, 73, 76]
    at Object.toContain (/home/asabaal/asabaal_ventures/repos/midi_song_creation_tool/tests/unit/core/musicTheory.test.js:245:30)
    at Promise.then.completed (/home/asabaal/asabaal_ventures/repos/midi_song_creation_tool/node_modules/jest-circus/build/utils.js:298:28)
    at new Promise (&lt;anonymous&gt;)
    at callAsyncCircusFn (/home/asabaal/asabaal_ventures/repos/midi_song_creation_tool/node_modules/jest-circus/build/utils.js:231:10)
    at _callCircusTest (/home/asabaal/asabaal_ventures/repos/midi_song_creation_tool/node_modules/jest-circus/build/run.js:316:40)
    at _runTest (/home/asabaal/asabaal_ventures/repos/midi_song_creation_tool/node_modules/jest-circus/build/run.js:252:3)
    at _runTestsForDescribeBlock (/home/asabaal/asabaal_ventures/repos/midi_song_creation_tool/node_modules/jest-circus/build/run.js:126:9)
    at _runTestsForDescribeBlock (/home/asabaal/asabaal_ventures/repos/midi_song_creation_tool/node_modules/jest-circus/build/run.js:121:9)
    at _runTestsForDescribeBlock (/home/asabaal/asabaal_ventures/repos/midi_song_creation_tool/node_modules/jest-circus/build/run.js:121:9)
    at run (/home/asabaal/asabaal_ventures/repos/midi_song_creation_tool/node_modules/jest-circus/build/run.js:71:3)
    at runAndTransformResultsToJestFormat (/home/asabaal/asabaal_ventures/repos/midi_song_creation_tool/node_modules/jest-circus/build/legacy-code-todo-rewrite/jestAdapterInit.js:122:21)
    at jestAdapter (/home/asabaal/asabaal_ventures/repos/midi_song_creation_tool/node_modules/jest-circus/build/legacy-code-todo-rewrite/jestAdapter.js:79:19)
    at runTestInternal (/home/asabaal/asabaal_ventures/repos/midi_song_creation_tool/node_modules/jest-runner/build/runTest.js:367:16)
    at runTest (/home/asabaal/asabaal_ventures/repos/midi_song_creation_tool/node_modules/jest-runner/build/runTest.js:444:34)</failure>
    </testcase>
    <testcase classname="Music Theory Module › Chord Progression" name="should throw error for invalid Roman numeral" time="0">
    </testcase>
  </testsuite>
  <testsuite name="tests/integration/api/sequenceApi.test.js" errors="0" failures="11" skipped="0" timestamp="2025-03-08T19:44:31" time="0.101" tests="11">
    <testcase classname="Sequence API › POST /api/sessions/:id/notes" name="should add a note to a sequence" time="0.009">
      <failure>Error: expected &quot;Content-Type&quot; matching /json/, got &quot;text/html; charset=utf-8&quot;
    at Object.expect (/home/asabaal/asabaal_ventures/repos/midi_song_creation_tool/tests/integration/api/sequenceApi.test.js:32:10)
    at Promise.then.completed (/home/asabaal/asabaal_ventures/repos/midi_song_creation_tool/node_modules/jest-circus/build/utils.js:298:28)
    at new Promise (&lt;anonymous&gt;)
    at callAsyncCircusFn (/home/asabaal/asabaal_ventures/repos/midi_song_creation_tool/node_modules/jest-circus/build/utils.js:231:10)
    at _callCircusTest (/home/asabaal/asabaal_ventures/repos/midi_song_creation_tool/node_modules/jest-circus/build/run.js:316:40)
    at _runTest (/home/asabaal/asabaal_ventures/repos/midi_song_creation_tool/node_modules/jest-circus/build/run.js:252:3)
    at _runTestsForDescribeBlock (/home/asabaal/asabaal_ventures/repos/midi_song_creation_tool/node_modules/jest-circus/build/run.js:126:9)
    at _runTestsForDescribeBlock (/home/asabaal/asabaal_ventures/repos/midi_song_creation_tool/node_modules/jest-circus/build/run.js:121:9)
    at _runTestsForDescribeBlock (/home/asabaal/asabaal_ventures/repos/midi_song_creation_tool/node_modules/jest-circus/build/run.js:121:9)
    at run (/home/asabaal/asabaal_ventures/repos/midi_song_creation_tool/node_modules/jest-circus/build/run.js:71:3)
    at runAndTransformResultsToJestFormat (/home/asabaal/asabaal_ventures/repos/midi_song_creation_tool/node_modules/jest-circus/build/legacy-code-todo-rewrite/jestAdapterInit.js:122:21)
    at jestAdapter (/home/asabaal/asabaal_ventures/repos/midi_song_creation_tool/node_modules/jest-circus/build/legacy-code-todo-rewrite/jestAdapter.js:79:19)
    at runTestInternal (/home/asabaal/asabaal_ventures/repos/midi_song_creation_tool/node_modules/jest-runner/build/runTest.js:367:16)
    at runTest (/home/asabaal/asabaal_ventures/repos/midi_song_creation_tool/node_modules/jest-runner/build/runTest.js:444:34)
----
    at Test._assertHeader (/home/asabaal/asabaal_ventures/repos/midi_song_creation_tool/node_modules/supertest/lib/test.js:232:16)
    at /home/asabaal/asabaal_ventures/repos/midi_song_creation_tool/node_modules/supertest/lib/test.js:308:13
    at Test._assertFunction (/home/asabaal/asabaal_ventures/repos/midi_song_creation_tool/node_modules/supertest/lib/test.js:285:13)
    at Test.assert (/home/asabaal/asabaal_ventures/repos/midi_song_creation_tool/node_modules/supertest/lib/test.js:164:23)
    at Server.localAssert (/home/asabaal/asabaal_ventures/repos/midi_song_creation_tool/node_modules/supertest/lib/test.js:120:14)
    at Object.onceWrapper (node:events:632:28)
    at Server.emit (node:events:518:28)
    at emitCloseNT (node:net:2375:8)
    at processTicksAndRejections (node:internal/process/task_queues:89:21)</failure>
    </testcase>
    <testcase classname="Sequence API › POST /api/sessions/:id/notes" name="should validate note properties" time="0.002">
      <failure>Error: expected &quot;Content-Type&quot; matching /json/, got &quot;text/html; charset=utf-8&quot;
    at Object.expect (/home/asabaal/asabaal_ventures/repos/midi_song_creation_tool/tests/integration/api/sequenceApi.test.js:48:10)
    at Promise.then.completed (/home/asabaal/asabaal_ventures/repos/midi_song_creation_tool/node_modules/jest-circus/build/utils.js:298:28)
    at new Promise (&lt;anonymous&gt;)
    at callAsyncCircusFn (/home/asabaal/asabaal_ventures/repos/midi_song_creation_tool/node_modules/jest-circus/build/utils.js:231:10)
    at _callCircusTest (/home/asabaal/asabaal_ventures/repos/midi_song_creation_tool/node_modules/jest-circus/build/run.js:316:40)
    at processTicksAndRejections (node:internal/process/task_queues:105:5)
    at _runTest (/home/asabaal/asabaal_ventures/repos/midi_song_creation_tool/node_modules/jest-circus/build/run.js:252:3)
    at _runTestsForDescribeBlock (/home/asabaal/asabaal_ventures/repos/midi_song_creation_tool/node_modules/jest-circus/build/run.js:126:9)
    at _runTestsForDescribeBlock (/home/asabaal/asabaal_ventures/repos/midi_song_creation_tool/node_modules/jest-circus/build/run.js:121:9)
    at _runTestsForDescribeBlock (/home/asabaal/asabaal_ventures/repos/midi_song_creation_tool/node_modules/jest-circus/build/run.js:121:9)
    at run (/home/asabaal/asabaal_ventures/repos/midi_song_creation_tool/node_modules/jest-circus/build/run.js:71:3)
    at runAndTransformResultsToJestFormat (/home/asabaal/asabaal_ventures/repos/midi_song_creation_tool/node_modules/jest-circus/build/legacy-code-todo-rewrite/jestAdapterInit.js:122:21)
    at jestAdapter (/home/asabaal/asabaal_ventures/repos/midi_song_creation_tool/node_modules/jest-circus/build/legacy-code-todo-rewrite/jestAdapter.js:79:19)
    at runTestInternal (/home/asabaal/asabaal_ventures/repos/midi_song_creation_tool/node_modules/jest-runner/build/runTest.js:367:16)
    at runTest (/home/asabaal/asabaal_ventures/repos/midi_song_creation_tool/node_modules/jest-runner/build/runTest.js:444:34)
----
    at Test._assertHeader (/home/asabaal/asabaal_ventures/repos/midi_song_creation_tool/node_modules/supertest/lib/test.js:232:16)
    at /home/asabaal/asabaal_ventures/repos/midi_song_creation_tool/node_modules/supertest/lib/test.js:308:13
    at Test._assertFunction (/home/asabaal/asabaal_ventures/repos/midi_song_creation_tool/node_modules/supertest/lib/test.js:285:13)
    at Test.assert (/home/asabaal/asabaal_ventures/repos/midi_song_creation_tool/node_modules/supertest/lib/test.js:164:23)
    at Server.localAssert (/home/asabaal/asabaal_ventures/repos/midi_song_creation_tool/node_modules/supertest/lib/test.js:120:14)
    at Object.onceWrapper (node:events:632:28)
    at Server.emit (node:events:518:28)
    at emitCloseNT (node:net:2375:8)
    at processTicksAndRejections (node:internal/process/task_queues:89:21)</failure>
    </testcase>
    <testcase classname="Sequence API › PUT /api/sessions/:id/notes/:noteId" name="should update a note" time="0.003">
      <failure>Error: expected &quot;Content-Type&quot; matching /json/, got &quot;text/html; charset=utf-8&quot;
    at Object.expect (/home/asabaal/asabaal_ventures/repos/midi_song_creation_tool/tests/integration/api/sequenceApi.test.js:80:10)
    at Promise.then.completed (/home/asabaal/asabaal_ventures/repos/midi_song_creation_tool/node_modules/jest-circus/build/utils.js:298:28)
    at new Promise (&lt;anonymous&gt;)
    at callAsyncCircusFn (/home/asabaal/asabaal_ventures/repos/midi_song_creation_tool/node_modules/jest-circus/build/utils.js:231:10)
    at _callCircusTest (/home/asabaal/asabaal_ventures/repos/midi_song_creation_tool/node_modules/jest-circus/build/run.js:316:40)
    at processTicksAndRejections (node:internal/process/task_queues:105:5)
    at _runTest (/home/asabaal/asabaal_ventures/repos/midi_song_creation_tool/node_modules/jest-circus/build/run.js:252:3)
    at _runTestsForDescribeBlock (/home/asabaal/asabaal_ventures/repos/midi_song_creation_tool/node_modules/jest-circus/build/run.js:126:9)
    at _runTestsForDescribeBlock (/home/asabaal/asabaal_ventures/repos/midi_song_creation_tool/node_modules/jest-circus/build/run.js:121:9)
    at _runTestsForDescribeBlock (/home/asabaal/asabaal_ventures/repos/midi_song_creation_tool/node_modules/jest-circus/build/run.js:121:9)
    at run (/home/asabaal/asabaal_ventures/repos/midi_song_creation_tool/node_modules/jest-circus/build/run.js:71:3)
    at runAndTransformResultsToJestFormat (/home/asabaal/asabaal_ventures/repos/midi_song_creation_tool/node_modules/jest-circus/build/legacy-code-todo-rewrite/jestAdapterInit.js:122:21)
    at jestAdapter (/home/asabaal/asabaal_ventures/repos/midi_song_creation_tool/node_modules/jest-circus/build/legacy-code-todo-rewrite/jestAdapter.js:79:19)
    at runTestInternal (/home/asabaal/asabaal_ventures/repos/midi_song_creation_tool/node_modules/jest-runner/build/runTest.js:367:16)
    at runTest (/home/asabaal/asabaal_ventures/repos/midi_song_creation_tool/node_modules/jest-runner/build/runTest.js:444:34)
----
    at Test._assertHeader (/home/asabaal/asabaal_ventures/repos/midi_song_creation_tool/node_modules/supertest/lib/test.js:232:16)
    at /home/asabaal/asabaal_ventures/repos/midi_song_creation_tool/node_modules/supertest/lib/test.js:308:13
    at Test._assertFunction (/home/asabaal/asabaal_ventures/repos/midi_song_creation_tool/node_modules/supertest/lib/test.js:285:13)
    at Test.assert (/home/asabaal/asabaal_ventures/repos/midi_song_creation_tool/node_modules/supertest/lib/test.js:164:23)
    at Server.localAssert (/home/asabaal/asabaal_ventures/repos/midi_song_creation_tool/node_modules/supertest/lib/test.js:120:14)
    at Object.onceWrapper (node:events:632:28)
    at Server.emit (node:events:518:28)
    at emitCloseNT (node:net:2375:8)
    at processTicksAndRejections (node:internal/process/task_queues:89:21)</failure>
    </testcase>
    <testcase classname="Sequence API › DELETE /api/sessions/:id/notes/:noteId" name="should delete a note" time="0.003">
      <failure>Error: expected 204 &quot;No Content&quot;, got 404 &quot;Not Found&quot;
    at Object.expect (/home/asabaal/asabaal_ventures/repos/midi_song_creation_tool/tests/integration/api/sequenceApi.test.js:113:10)
    at Promise.then.completed (/home/asabaal/asabaal_ventures/repos/midi_song_creation_tool/node_modules/jest-circus/build/utils.js:298:28)
    at new Promise (&lt;anonymous&gt;)
    at callAsyncCircusFn (/home/asabaal/asabaal_ventures/repos/midi_song_creation_tool/node_modules/jest-circus/build/utils.js:231:10)
    at _callCircusTest (/home/asabaal/asabaal_ventures/repos/midi_song_creation_tool/node_modules/jest-circus/build/run.js:316:40)
    at processTicksAndRejections (node:internal/process/task_queues:105:5)
    at _runTest (/home/asabaal/asabaal_ventures/repos/midi_song_creation_tool/node_modules/jest-circus/build/run.js:252:3)
    at _runTestsForDescribeBlock (/home/asabaal/asabaal_ventures/repos/midi_song_creation_tool/node_modules/jest-circus/build/run.js:126:9)
    at _runTestsForDescribeBlock (/home/asabaal/asabaal_ventures/repos/midi_song_creation_tool/node_modules/jest-circus/build/run.js:121:9)
    at _runTestsForDescribeBlock (/home/asabaal/asabaal_ventures/repos/midi_song_creation_tool/node_modules/jest-circus/build/run.js:121:9)
    at run (/home/asabaal/asabaal_ventures/repos/midi_song_creation_tool/node_modules/jest-circus/build/run.js:71:3)
    at runAndTransformResultsToJestFormat (/home/asabaal/asabaal_ventures/repos/midi_song_creation_tool/node_modules/jest-circus/build/legacy-code-todo-rewrite/jestAdapterInit.js:122:21)
    at jestAdapter (/home/asabaal/asabaal_ventures/repos/midi_song_creation_tool/node_modules/jest-circus/build/legacy-code-todo-rewrite/jestAdapter.js:79:19)
    at runTestInternal (/home/asabaal/asabaal_ventures/repos/midi_song_creation_tool/node_modules/jest-runner/build/runTest.js:367:16)
    at runTest (/home/asabaal/asabaal_ventures/repos/midi_song_creation_tool/node_modules/jest-runner/build/runTest.js:444:34)
----
    at Test._assertStatus (/home/asabaal/asabaal_ventures/repos/midi_song_creation_tool/node_modules/supertest/lib/test.js:252:14)
    at /home/asabaal/asabaal_ventures/repos/midi_song_creation_tool/node_modules/supertest/lib/test.js:308:13
    at Test._assertFunction (/home/asabaal/asabaal_ventures/repos/midi_song_creation_tool/node_modules/supertest/lib/test.js:285:13)
    at Test.assert (/home/asabaal/asabaal_ventures/repos/midi_song_creation_tool/node_modules/supertest/lib/test.js:164:23)
    at Server.localAssert (/home/asabaal/asabaal_ventures/repos/midi_song_creation_tool/node_modules/supertest/lib/test.js:120:14)
    at Object.onceWrapper (node:events:632:28)
    at Server.emit (node:events:518:28)
    at emitCloseNT (node:net:2375:8)
    at processTicksAndRejections (node:internal/process/task_queues:89:21)</failure>
    </testcase>
    <testcase classname="Sequence API › POST /api/sessions/:id/patterns" name="should generate a chord pattern" time="0.002">
      <failure>Error: expected &quot;Content-Type&quot; matching /json/, got &quot;text/html; charset=utf-8&quot;
    at Object.expect (/home/asabaal/asabaal_ventures/repos/midi_song_creation_tool/tests/integration/api/sequenceApi.test.js:134:10)
    at Promise.then.completed (/home/asabaal/asabaal_ventures/repos/midi_song_creation_tool/node_modules/jest-circus/build/utils.js:298:28)
    at new Promise (&lt;anonymous&gt;)
    at callAsyncCircusFn (/home/asabaal/asabaal_ventures/repos/midi_song_creation_tool/node_modules/jest-circus/build/utils.js:231:10)
    at _callCircusTest (/home/asabaal/asabaal_ventures/repos/midi_song_creation_tool/node_modules/jest-circus/build/run.js:316:40)
    at processTicksAndRejections (node:internal/process/task_queues:105:5)
    at _runTest (/home/asabaal/asabaal_ventures/repos/midi_song_creation_tool/node_modules/jest-circus/build/run.js:252:3)
    at _runTestsForDescribeBlock (/home/asabaal/asabaal_ventures/repos/midi_song_creation_tool/node_modules/jest-circus/build/run.js:126:9)
    at _runTestsForDescribeBlock (/home/asabaal/asabaal_ventures/repos/midi_song_creation_tool/node_modules/jest-circus/build/run.js:121:9)
    at _runTestsForDescribeBlock (/home/asabaal/asabaal_ventures/repos/midi_song_creation_tool/node_modules/jest-circus/build/run.js:121:9)
    at run (/home/asabaal/asabaal_ventures/repos/midi_song_creation_tool/node_modules/jest-circus/build/run.js:71:3)
    at runAndTransformResultsToJestFormat (/home/asabaal/asabaal_ventures/repos/midi_song_creation_tool/node_modules/jest-circus/build/legacy-code-todo-rewrite/jestAdapterInit.js:122:21)
    at jestAdapter (/home/asabaal/asabaal_ventures/repos/midi_song_creation_tool/node_modules/jest-circus/build/legacy-code-todo-rewrite/jestAdapter.js:79:19)
    at runTestInternal (/home/asabaal/asabaal_ventures/repos/midi_song_creation_tool/node_modules/jest-runner/build/runTest.js:367:16)
    at runTest (/home/asabaal/asabaal_ventures/repos/midi_song_creation_tool/node_modules/jest-runner/build/runTest.js:444:34)
----
    at Test._assertHeader (/home/asabaal/asabaal_ventures/repos/midi_song_creation_tool/node_modules/supertest/lib/test.js:232:16)
    at /home/asabaal/asabaal_ventures/repos/midi_song_creation_tool/node_modules/supertest/lib/test.js:308:13
    at Test._assertFunction (/home/asabaal/asabaal_ventures/repos/midi_song_creation_tool/node_modules/supertest/lib/test.js:285:13)
    at Test.assert (/home/asabaal/asabaal_ventures/repos/midi_song_creation_tool/node_modules/supertest/lib/test.js:164:23)
    at Server.localAssert (/home/asabaal/asabaal_ventures/repos/midi_song_creation_tool/node_modules/supertest/lib/test.js:120:14)
    at Object.onceWrapper (node:events:632:28)
    at Server.emit (node:events:518:28)
    at emitCloseNT (node:net:2375:8)
    at processTicksAndRejections (node:internal/process/task_queues:89:21)</failure>
    </testcase>
    <testcase classname="Sequence API › POST /api/sessions/:id/patterns" name="should generate a bassline pattern" time="0.001">
      <failure>Error: expected &quot;Content-Type&quot; matching /json/, got &quot;text/html; charset=utf-8&quot;
    at Object.expect (/home/asabaal/asabaal_ventures/repos/midi_song_creation_tool/tests/integration/api/sequenceApi.test.js:151:10)
    at Promise.then.completed (/home/asabaal/asabaal_ventures/repos/midi_song_creation_tool/node_modules/jest-circus/build/utils.js:298:28)
    at new Promise (&lt;anonymous&gt;)
    at callAsyncCircusFn (/home/asabaal/asabaal_ventures/repos/midi_song_creation_tool/node_modules/jest-circus/build/utils.js:231:10)
    at _callCircusTest (/home/asabaal/asabaal_ventures/repos/midi_song_creation_tool/node_modules/jest-circus/build/run.js:316:40)
    at processTicksAndRejections (node:internal/process/task_queues:105:5)
    at _runTest (/home/asabaal/asabaal_ventures/repos/midi_song_creation_tool/node_modules/jest-circus/build/run.js:252:3)
    at _runTestsForDescribeBlock (/home/asabaal/asabaal_ventures/repos/midi_song_creation_tool/node_modules/jest-circus/build/run.js:126:9)
    at _runTestsForDescribeBlock (/home/asabaal/asabaal_ventures/repos/midi_song_creation_tool/node_modules/jest-circus/build/run.js:121:9)
    at _runTestsForDescribeBlock (/home/asabaal/asabaal_ventures/repos/midi_song_creation_tool/node_modules/jest-circus/build/run.js:121:9)
    at run (/home/asabaal/asabaal_ventures/repos/midi_song_creation_tool/node_modules/jest-circus/build/run.js:71:3)
    at runAndTransformResultsToJestFormat (/home/asabaal/asabaal_ventures/repos/midi_song_creation_tool/node_modules/jest-circus/build/legacy-code-todo-rewrite/jestAdapterInit.js:122:21)
    at jestAdapter (/home/asabaal/asabaal_ventures/repos/midi_song_creation_tool/node_modules/jest-circus/build/legacy-code-todo-rewrite/jestAdapter.js:79:19)
    at runTestInternal (/home/asabaal/asabaal_ventures/repos/midi_song_creation_tool/node_modules/jest-runner/build/runTest.js:367:16)
    at runTest (/home/asabaal/asabaal_ventures/repos/midi_song_creation_tool/node_modules/jest-runner/build/runTest.js:444:34)
----
    at Test._assertHeader (/home/asabaal/asabaal_ventures/repos/midi_song_creation_tool/node_modules/supertest/lib/test.js:232:16)
    at /home/asabaal/asabaal_ventures/repos/midi_song_creation_tool/node_modules/supertest/lib/test.js:308:13
    at Test._assertFunction (/home/asabaal/asabaal_ventures/repos/midi_song_creation_tool/node_modules/supertest/lib/test.js:285:13)
    at Test.assert (/home/asabaal/asabaal_ventures/repos/midi_song_creation_tool/node_modules/supertest/lib/test.js:164:23)
    at Server.localAssert (/home/asabaal/asabaal_ventures/repos/midi_song_creation_tool/node_modules/supertest/lib/test.js:120:14)
    at Object.onceWrapper (node:events:632:28)
    at Server.emit (node:events:518:28)
    at emitCloseNT (node:net:2375:8)
    at processTicksAndRejections (node:internal/process/task_queues:89:21)</failure>
    </testcase>
    <testcase classname="Sequence API › POST /api/sessions/:id/patterns" name="should generate a drum pattern" time="0.002">
      <failure>Error: expected &quot;Content-Type&quot; matching /json/, got &quot;text/html; charset=utf-8&quot;
    at Object.expect (/home/asabaal/asabaal_ventures/repos/midi_song_creation_tool/tests/integration/api/sequenceApi.test.js:168:10)
    at Promise.then.completed (/home/asabaal/asabaal_ventures/repos/midi_song_creation_tool/node_modules/jest-circus/build/utils.js:298:28)
    at new Promise (&lt;anonymous&gt;)
    at callAsyncCircusFn (/home/asabaal/asabaal_ventures/repos/midi_song_creation_tool/node_modules/jest-circus/build/utils.js:231:10)
    at _callCircusTest (/home/asabaal/asabaal_ventures/repos/midi_song_creation_tool/node_modules/jest-circus/build/run.js:316:40)
    at processTicksAndRejections (node:internal/process/task_queues:105:5)
    at _runTest (/home/asabaal/asabaal_ventures/repos/midi_song_creation_tool/node_modules/jest-circus/build/run.js:252:3)
    at _runTestsForDescribeBlock (/home/asabaal/asabaal_ventures/repos/midi_song_creation_tool/node_modules/jest-circus/build/run.js:126:9)
    at _runTestsForDescribeBlock (/home/asabaal/asabaal_ventures/repos/midi_song_creation_tool/node_modules/jest-circus/build/run.js:121:9)
    at _runTestsForDescribeBlock (/home/asabaal/asabaal_ventures/repos/midi_song_creation_tool/node_modules/jest-circus/build/run.js:121:9)
    at run (/home/asabaal/asabaal_ventures/repos/midi_song_creation_tool/node_modules/jest-circus/build/run.js:71:3)
    at runAndTransformResultsToJestFormat (/home/asabaal/asabaal_ventures/repos/midi_song_creation_tool/node_modules/jest-circus/build/legacy-code-todo-rewrite/jestAdapterInit.js:122:21)
    at jestAdapter (/home/asabaal/asabaal_ventures/repos/midi_song_creation_tool/node_modules/jest-circus/build/legacy-code-todo-rewrite/jestAdapter.js:79:19)
    at runTestInternal (/home/asabaal/asabaal_ventures/repos/midi_song_creation_tool/node_modules/jest-runner/build/runTest.js:367:16)
    at runTest (/home/asabaal/asabaal_ventures/repos/midi_song_creation_tool/node_modules/jest-runner/build/runTest.js:444:34)
----
    at Test._assertHeader (/home/asabaal/asabaal_ventures/repos/midi_song_creation_tool/node_modules/supertest/lib/test.js:232:16)
    at /home/asabaal/asabaal_ventures/repos/midi_song_creation_tool/node_modules/supertest/lib/test.js:308:13
    at Test._assertFunction (/home/asabaal/asabaal_ventures/repos/midi_song_creation_tool/node_modules/supertest/lib/test.js:285:13)
    at Test.assert (/home/asabaal/asabaal_ventures/repos/midi_song_creation_tool/node_modules/supertest/lib/test.js:164:23)
    at Server.localAssert (/home/asabaal/asabaal_ventures/repos/midi_song_creation_tool/node_modules/supertest/lib/test.js:120:14)
    at Object.onceWrapper (node:events:632:28)
    at Server.emit (node:events:518:28)
    at emitCloseNT (node:net:2375:8)
    at processTicksAndRejections (node:internal/process/task_queues:89:21)</failure>
    </testcase>
    <testcase classname="Sequence API › PUT /api/sessions/:id/transport" name="should update transport settings" time="0.002">
      <failure>Error: expected &quot;Content-Type&quot; matching /json/, got &quot;text/html; charset=utf-8&quot;
    at Object.expect (/home/asabaal/asabaal_ventures/repos/midi_song_creation_tool/tests/integration/api/sequenceApi.test.js:189:10)
    at Promise.then.completed (/home/asabaal/asabaal_ventures/repos/midi_song_creation_tool/node_modules/jest-circus/build/utils.js:298:28)
    at new Promise (&lt;anonymous&gt;)
    at callAsyncCircusFn (/home/asabaal/asabaal_ventures/repos/midi_song_creation_tool/node_modules/jest-circus/build/utils.js:231:10)
    at _callCircusTest (/home/asabaal/asabaal_ventures/repos/midi_song_creation_tool/node_modules/jest-circus/build/run.js:316:40)
    at processTicksAndRejections (node:internal/process/task_queues:105:5)
    at _runTest (/home/asabaal/asabaal_ventures/repos/midi_song_creation_tool/node_modules/jest-circus/build/run.js:252:3)
    at _runTestsForDescribeBlock (/home/asabaal/asabaal_ventures/repos/midi_song_creation_tool/node_modules/jest-circus/build/run.js:126:9)
    at _runTestsForDescribeBlock (/home/asabaal/asabaal_ventures/repos/midi_song_creation_tool/node_modules/jest-circus/build/run.js:121:9)
    at _runTestsForDescribeBlock (/home/asabaal/asabaal_ventures/repos/midi_song_creation_tool/node_modules/jest-circus/build/run.js:121:9)
    at run (/home/asabaal/asabaal_ventures/repos/midi_song_creation_tool/node_modules/jest-circus/build/run.js:71:3)
    at runAndTransformResultsToJestFormat (/home/asabaal/asabaal_ventures/repos/midi_song_creation_tool/node_modules/jest-circus/build/legacy-code-todo-rewrite/jestAdapterInit.js:122:21)
    at jestAdapter (/home/asabaal/asabaal_ventures/repos/midi_song_creation_tool/node_modules/jest-circus/build/legacy-code-todo-rewrite/jestAdapter.js:79:19)
    at runTestInternal (/home/asabaal/asabaal_ventures/repos/midi_song_creation_tool/node_modules/jest-runner/build/runTest.js:367:16)
    at runTest (/home/asabaal/asabaal_ventures/repos/midi_song_creation_tool/node_modules/jest-runner/build/runTest.js:444:34)
----
    at Test._assertHeader (/home/asabaal/asabaal_ventures/repos/midi_song_creation_tool/node_modules/supertest/lib/test.js:232:16)
    at /home/asabaal/asabaal_ventures/repos/midi_song_creation_tool/node_modules/supertest/lib/test.js:308:13
    at Test._assertFunction (/home/asabaal/asabaal_ventures/repos/midi_song_creation_tool/node_modules/supertest/lib/test.js:285:13)
    at Test.assert (/home/asabaal/asabaal_ventures/repos/midi_song_creation_tool/node_modules/supertest/lib/test.js:164:23)
    at Server.localAssert (/home/asabaal/asabaal_ventures/repos/midi_song_creation_tool/node_modules/supertest/lib/test.js:120:14)
    at Object.onceWrapper (node:events:632:28)
    at Server.emit (node:events:518:28)
    at emitCloseNT (node:net:2375:8)
    at processTicksAndRejections (node:internal/process/task_queues:89:21)</failure>
    </testcase>
    <testcase classname="Sequence API › GET /api/sessions/:id/export/midi" name="should export session as MIDI file" time="0.002">
      <failure>Error: expected &quot;Content-Type&quot; matching /midi/, got &quot;text/html; charset=utf-8&quot;
    at Object.expect (/home/asabaal/asabaal_ventures/repos/midi_song_creation_tool/tests/integration/api/sequenceApi.test.js:202:10)
    at Promise.then.completed (/home/asabaal/asabaal_ventures/repos/midi_song_creation_tool/node_modules/jest-circus/build/utils.js:298:28)
    at new Promise (&lt;anonymous&gt;)
    at callAsyncCircusFn (/home/asabaal/asabaal_ventures/repos/midi_song_creation_tool/node_modules/jest-circus/build/utils.js:231:10)
    at _callCircusTest (/home/asabaal/asabaal_ventures/repos/midi_song_creation_tool/node_modules/jest-circus/build/run.js:316:40)
    at processTicksAndRejections (node:internal/process/task_queues:105:5)
    at _runTest (/home/asabaal/asabaal_ventures/repos/midi_song_creation_tool/node_modules/jest-circus/build/run.js:252:3)
    at _runTestsForDescribeBlock (/home/asabaal/asabaal_ventures/repos/midi_song_creation_tool/node_modules/jest-circus/build/run.js:126:9)
    at _runTestsForDescribeBlock (/home/asabaal/asabaal_ventures/repos/midi_song_creation_tool/node_modules/jest-circus/build/run.js:121:9)
    at _runTestsForDescribeBlock (/home/asabaal/asabaal_ventures/repos/midi_song_creation_tool/node_modules/jest-circus/build/run.js:121:9)
    at run (/home/asabaal/asabaal_ventures/repos/midi_song_creation_tool/node_modules/jest-circus/build/run.js:71:3)
    at runAndTransformResultsToJestFormat (/home/asabaal/asabaal_ventures/repos/midi_song_creation_tool/node_modules/jest-circus/build/legacy-code-todo-rewrite/jestAdapterInit.js:122:21)
    at jestAdapter (/home/asabaal/asabaal_ventures/repos/midi_song_creation_tool/node_modules/jest-circus/build/legacy-code-todo-rewrite/jestAdapter.js:79:19)
    at runTestInternal (/home/asabaal/asabaal_ventures/repos/midi_song_creation_tool/node_modules/jest-runner/build/runTest.js:367:16)
    at runTest (/home/asabaal/asabaal_ventures/repos/midi_song_creation_tool/node_modules/jest-runner/build/runTest.js:444:34)
----
    at Test._assertHeader (/home/asabaal/asabaal_ventures/repos/midi_song_creation_tool/node_modules/supertest/lib/test.js:232:16)
    at /home/asabaal/asabaal_ventures/repos/midi_song_creation_tool/node_modules/supertest/lib/test.js:308:13
    at Test._assertFunction (/home/asabaal/asabaal_ventures/repos/midi_song_creation_tool/node_modules/supertest/lib/test.js:285:13)
    at Test.assert (/home/asabaal/asabaal_ventures/repos/midi_song_creation_tool/node_modules/supertest/lib/test.js:164:23)
    at Server.localAssert (/home/asabaal/asabaal_ventures/repos/midi_song_creation_tool/node_modules/supertest/lib/test.js:120:14)
    at Object.onceWrapper (node:events:632:28)
    at Server.emit (node:events:518:28)
    at emitCloseNT (node:net:2375:8)
    at processTicksAndRejections (node:internal/process/task_queues:89:21)</failure>
    </testcase>
    <testcase classname="Sequence API › POST /api/sessions/:id/import/midi" name="should import MIDI file into session" time="0.003">
      <failure>Error: expected &quot;Content-Type&quot; matching /json/, got &quot;text/html; charset=utf-8&quot;
    at Object.expect (/home/asabaal/asabaal_ventures/repos/midi_song_creation_tool/tests/integration/api/sequenceApi.test.js:221:10)
    at Promise.then.completed (/home/asabaal/asabaal_ventures/repos/midi_song_creation_tool/node_modules/jest-circus/build/utils.js:298:28)
    at new Promise (&lt;anonymous&gt;)
    at callAsyncCircusFn (/home/asabaal/asabaal_ventures/repos/midi_song_creation_tool/node_modules/jest-circus/build/utils.js:231:10)
    at _callCircusTest (/home/asabaal/asabaal_ventures/repos/midi_song_creation_tool/node_modules/jest-circus/build/run.js:316:40)
    at processTicksAndRejections (node:internal/process/task_queues:105:5)
    at _runTest (/home/asabaal/asabaal_ventures/repos/midi_song_creation_tool/node_modules/jest-circus/build/run.js:252:3)
    at _runTestsForDescribeBlock (/home/asabaal/asabaal_ventures/repos/midi_song_creation_tool/node_modules/jest-circus/build/run.js:126:9)
    at _runTestsForDescribeBlock (/home/asabaal/asabaal_ventures/repos/midi_song_creation_tool/node_modules/jest-circus/build/run.js:121:9)
    at _runTestsForDescribeBlock (/home/asabaal/asabaal_ventures/repos/midi_song_creation_tool/node_modules/jest-circus/build/run.js:121:9)
    at run (/home/asabaal/asabaal_ventures/repos/midi_song_creation_tool/node_modules/jest-circus/build/run.js:71:3)
    at runAndTransformResultsToJestFormat (/home/asabaal/asabaal_ventures/repos/midi_song_creation_tool/node_modules/jest-circus/build/legacy-code-todo-rewrite/jestAdapterInit.js:122:21)
    at jestAdapter (/home/asabaal/asabaal_ventures/repos/midi_song_creation_tool/node_modules/jest-circus/build/legacy-code-todo-rewrite/jestAdapter.js:79:19)
    at runTestInternal (/home/asabaal/asabaal_ventures/repos/midi_song_creation_tool/node_modules/jest-runner/build/runTest.js:367:16)
    at runTest (/home/asabaal/asabaal_ventures/repos/midi_song_creation_tool/node_modules/jest-runner/build/runTest.js:444:34)
----
    at Test._assertHeader (/home/asabaal/asabaal_ventures/repos/midi_song_creation_tool/node_modules/supertest/lib/test.js:232:16)
    at /home/asabaal/asabaal_ventures/repos/midi_song_creation_tool/node_modules/supertest/lib/test.js:308:13
    at Test._assertFunction (/home/asabaal/asabaal_ventures/repos/midi_song_creation_tool/node_modules/supertest/lib/test.js:285:13)
    at Test.assert (/home/asabaal/asabaal_ventures/repos/midi_song_creation_tool/node_modules/supertest/lib/test.js:164:23)
    at Server.localAssert (/home/asabaal/asabaal_ventures/repos/midi_song_creation_tool/node_modules/supertest/lib/test.js:120:14)
    at Object.onceWrapper (node:events:632:28)
    at Server.emit (node:events:518:28)
    at emitCloseNT (node:net:2375:8)
    at processTicksAndRejections (node:internal/process/task_queues:89:21)</failure>
    </testcase>
    <testcase classname="Sequence API › POST /api/sessions/:id/import/midi" name="should handle invalid MIDI files" time="0.001">
      <failure>Error: expected 400 &quot;Bad Request&quot;, got 404 &quot;Not Found&quot;
    at Object.expect (/home/asabaal/asabaal_ventures/repos/midi_song_creation_tool/tests/integration/api/sequenceApi.test.js:236:10)
    at Promise.then.completed (/home/asabaal/asabaal_ventures/repos/midi_song_creation_tool/node_modules/jest-circus/build/utils.js:298:28)
    at new Promise (&lt;anonymous&gt;)
    at callAsyncCircusFn (/home/asabaal/asabaal_ventures/repos/midi_song_creation_tool/node_modules/jest-circus/build/utils.js:231:10)
    at _callCircusTest (/home/asabaal/asabaal_ventures/repos/midi_song_creation_tool/node_modules/jest-circus/build/run.js:316:40)
    at processTicksAndRejections (node:internal/process/task_queues:105:5)
    at _runTest (/home/asabaal/asabaal_ventures/repos/midi_song_creation_tool/node_modules/jest-circus/build/run.js:252:3)
    at _runTestsForDescribeBlock (/home/asabaal/asabaal_ventures/repos/midi_song_creation_tool/node_modules/jest-circus/build/run.js:126:9)
    at _runTestsForDescribeBlock (/home/asabaal/asabaal_ventures/repos/midi_song_creation_tool/node_modules/jest-circus/build/run.js:121:9)
    at _runTestsForDescribeBlock (/home/asabaal/asabaal_ventures/repos/midi_song_creation_tool/node_modules/jest-circus/build/run.js:121:9)
    at run (/home/asabaal/asabaal_ventures/repos/midi_song_creation_tool/node_modules/jest-circus/build/run.js:71:3)
    at runAndTransformResultsToJestFormat (/home/asabaal/asabaal_ventures/repos/midi_song_creation_tool/node_modules/jest-circus/build/legacy-code-todo-rewrite/jestAdapterInit.js:122:21)
    at jestAdapter (/home/asabaal/asabaal_ventures/repos/midi_song_creation_tool/node_modules/jest-circus/build/legacy-code-todo-rewrite/jestAdapter.js:79:19)
    at runTestInternal (/home/asabaal/asabaal_ventures/repos/midi_song_creation_tool/node_modules/jest-runner/build/runTest.js:367:16)
    at runTest (/home/asabaal/asabaal_ventures/repos/midi_song_creation_tool/node_modules/jest-runner/build/runTest.js:444:34)
----
    at Test._assertStatus (/home/asabaal/asabaal_ventures/repos/midi_song_creation_tool/node_modules/supertest/lib/test.js:252:14)
    at /home/asabaal/asabaal_ventures/repos/midi_song_creation_tool/node_modules/supertest/lib/test.js:308:13
    at Test._assertFunction (/home/asabaal/asabaal_ventures/repos/midi_song_creation_tool/node_modules/supertest/lib/test.js:285:13)
    at Test.assert (/home/asabaal/asabaal_ventures/repos/midi_song_creation_tool/node_modules/supertest/lib/test.js:164:23)
    at Server.localAssert (/home/asabaal/asabaal_ventures/repos/midi_song_creation_tool/node_modules/supertest/lib/test.js:120:14)
    at Object.onceWrapper (node:events:632:28)
    at Server.emit (node:events:518:28)
    at emitCloseNT (node:net:2375:8)
    at processTicksAndRejections (node:internal/process/task_queues:89:21)</failure>
    </testcase>
  </testsuite>
  <testsuite name="tests/integration/api/sessionApi.test.js" errors="0" failures="7" skipped="0" timestamp="2025-03-08T19:44:31" time="0.073" tests="8">
    <testcase classname="Session API › POST /api/sessions" name="should create a new session" time="0.008">
      <failure>Error: expected &quot;Content-Type&quot; matching /json/, got &quot;text/html; charset=utf-8&quot;
    at Object.expect (/home/asabaal/asabaal_ventures/repos/midi_song_creation_tool/tests/integration/api/sessionApi.test.js:25:10)
    at Promise.then.completed (/home/asabaal/asabaal_ventures/repos/midi_song_creation_tool/node_modules/jest-circus/build/utils.js:298:28)
    at new Promise (&lt;anonymous&gt;)
    at callAsyncCircusFn (/home/asabaal/asabaal_ventures/repos/midi_song_creation_tool/node_modules/jest-circus/build/utils.js:231:10)
    at _callCircusTest (/home/asabaal/asabaal_ventures/repos/midi_song_creation_tool/node_modules/jest-circus/build/run.js:316:40)
    at _runTest (/home/asabaal/asabaal_ventures/repos/midi_song_creation_tool/node_modules/jest-circus/build/run.js:252:3)
    at _runTestsForDescribeBlock (/home/asabaal/asabaal_ventures/repos/midi_song_creation_tool/node_modules/jest-circus/build/run.js:126:9)
    at _runTestsForDescribeBlock (/home/asabaal/asabaal_ventures/repos/midi_song_creation_tool/node_modules/jest-circus/build/run.js:121:9)
    at _runTestsForDescribeBlock (/home/asabaal/asabaal_ventures/repos/midi_song_creation_tool/node_modules/jest-circus/build/run.js:121:9)
    at run (/home/asabaal/asabaal_ventures/repos/midi_song_creation_tool/node_modules/jest-circus/build/run.js:71:3)
    at runAndTransformResultsToJestFormat (/home/asabaal/asabaal_ventures/repos/midi_song_creation_tool/node_modules/jest-circus/build/legacy-code-todo-rewrite/jestAdapterInit.js:122:21)
    at jestAdapter (/home/asabaal/asabaal_ventures/repos/midi_song_creation_tool/node_modules/jest-circus/build/legacy-code-todo-rewrite/jestAdapter.js:79:19)
    at runTestInternal (/home/asabaal/asabaal_ventures/repos/midi_song_creation_tool/node_modules/jest-runner/build/runTest.js:367:16)
    at runTest (/home/asabaal/asabaal_ventures/repos/midi_song_creation_tool/node_modules/jest-runner/build/runTest.js:444:34)
----
    at Test._assertHeader (/home/asabaal/asabaal_ventures/repos/midi_song_creation_tool/node_modules/supertest/lib/test.js:232:16)
    at /home/asabaal/asabaal_ventures/repos/midi_song_creation_tool/node_modules/supertest/lib/test.js:308:13
    at Test._assertFunction (/home/asabaal/asabaal_ventures/repos/midi_song_creation_tool/node_modules/supertest/lib/test.js:285:13)
    at Test.assert (/home/asabaal/asabaal_ventures/repos/midi_song_creation_tool/node_modules/supertest/lib/test.js:164:23)
    at Server.localAssert (/home/asabaal/asabaal_ventures/repos/midi_song_creation_tool/node_modules/supertest/lib/test.js:120:14)
    at Object.onceWrapper (node:events:632:28)
    at Server.emit (node:events:518:28)
    at emitCloseNT (node:net:2375:8)
    at processTicksAndRejections (node:internal/process/task_queues:89:21)</failure>
    </testcase>
    <testcase classname="Session API › POST /api/sessions" name="should validate required fields" time="0.002">
      <failure>Error: expected &quot;Content-Type&quot; matching /json/, got &quot;text/html; charset=utf-8&quot;
    at Object.expect (/home/asabaal/asabaal_ventures/repos/midi_song_creation_tool/tests/integration/api/sessionApi.test.js:40:10)
    at Promise.then.completed (/home/asabaal/asabaal_ventures/repos/midi_song_creation_tool/node_modules/jest-circus/build/utils.js:298:28)
    at new Promise (&lt;anonymous&gt;)
    at callAsyncCircusFn (/home/asabaal/asabaal_ventures/repos/midi_song_creation_tool/node_modules/jest-circus/build/utils.js:231:10)
    at _callCircusTest (/home/asabaal/asabaal_ventures/repos/midi_song_creation_tool/node_modules/jest-circus/build/run.js:316:40)
    at processTicksAndRejections (node:internal/process/task_queues:105:5)
    at _runTest (/home/asabaal/asabaal_ventures/repos/midi_song_creation_tool/node_modules/jest-circus/build/run.js:252:3)
    at _runTestsForDescribeBlock (/home/asabaal/asabaal_ventures/repos/midi_song_creation_tool/node_modules/jest-circus/build/run.js:126:9)
    at _runTestsForDescribeBlock (/home/asabaal/asabaal_ventures/repos/midi_song_creation_tool/node_modules/jest-circus/build/run.js:121:9)
    at _runTestsForDescribeBlock (/home/asabaal/asabaal_ventures/repos/midi_song_creation_tool/node_modules/jest-circus/build/run.js:121:9)
    at run (/home/asabaal/asabaal_ventures/repos/midi_song_creation_tool/node_modules/jest-circus/build/run.js:71:3)
    at runAndTransformResultsToJestFormat (/home/asabaal/asabaal_ventures/repos/midi_song_creation_tool/node_modules/jest-circus/build/legacy-code-todo-rewrite/jestAdapterInit.js:122:21)
    at jestAdapter (/home/asabaal/asabaal_ventures/repos/midi_song_creation_tool/node_modules/jest-circus/build/legacy-code-todo-rewrite/jestAdapter.js:79:19)
    at runTestInternal (/home/asabaal/asabaal_ventures/repos/midi_song_creation_tool/node_modules/jest-runner/build/runTest.js:367:16)
    at runTest (/home/asabaal/asabaal_ventures/repos/midi_song_creation_tool/node_modules/jest-runner/build/runTest.js:444:34)
----
    at Test._assertHeader (/home/asabaal/asabaal_ventures/repos/midi_song_creation_tool/node_modules/supertest/lib/test.js:232:16)
    at /home/asabaal/asabaal_ventures/repos/midi_song_creation_tool/node_modules/supertest/lib/test.js:308:13
    at Test._assertFunction (/home/asabaal/asabaal_ventures/repos/midi_song_creation_tool/node_modules/supertest/lib/test.js:285:13)
    at Test.assert (/home/asabaal/asabaal_ventures/repos/midi_song_creation_tool/node_modules/supertest/lib/test.js:164:23)
    at Server.localAssert (/home/asabaal/asabaal_ventures/repos/midi_song_creation_tool/node_modules/supertest/lib/test.js:120:14)
    at Object.onceWrapper (node:events:632:28)
    at Server.emit (node:events:518:28)
    at emitCloseNT (node:net:2375:8)
    at processTicksAndRejections (node:internal/process/task_queues:89:21)</failure>
    </testcase>
    <testcase classname="Session API › GET /api/sessions" name="should retrieve all sessions" time="0.001">
      <failure>Error: expected &quot;Content-Type&quot; matching /json/, got &quot;text/html; charset=utf-8&quot;
    at Object.expect (/home/asabaal/asabaal_ventures/repos/midi_song_creation_tool/tests/integration/api/sessionApi.test.js:52:10)
    at Promise.then.completed (/home/asabaal/asabaal_ventures/repos/midi_song_creation_tool/node_modules/jest-circus/build/utils.js:298:28)
    at new Promise (&lt;anonymous&gt;)
    at callAsyncCircusFn (/home/asabaal/asabaal_ventures/repos/midi_song_creation_tool/node_modules/jest-circus/build/utils.js:231:10)
    at _callCircusTest (/home/asabaal/asabaal_ventures/repos/midi_song_creation_tool/node_modules/jest-circus/build/run.js:316:40)
    at processTicksAndRejections (node:internal/process/task_queues:105:5)
    at _runTest (/home/asabaal/asabaal_ventures/repos/midi_song_creation_tool/node_modules/jest-circus/build/run.js:252:3)
    at _runTestsForDescribeBlock (/home/asabaal/asabaal_ventures/repos/midi_song_creation_tool/node_modules/jest-circus/build/run.js:126:9)
    at _runTestsForDescribeBlock (/home/asabaal/asabaal_ventures/repos/midi_song_creation_tool/node_modules/jest-circus/build/run.js:121:9)
    at _runTestsForDescribeBlock (/home/asabaal/asabaal_ventures/repos/midi_song_creation_tool/node_modules/jest-circus/build/run.js:121:9)
    at run (/home/asabaal/asabaal_ventures/repos/midi_song_creation_tool/node_modules/jest-circus/build/run.js:71:3)
    at runAndTransformResultsToJestFormat (/home/asabaal/asabaal_ventures/repos/midi_song_creation_tool/node_modules/jest-circus/build/legacy-code-todo-rewrite/jestAdapterInit.js:122:21)
    at jestAdapter (/home/asabaal/asabaal_ventures/repos/midi_song_creation_tool/node_modules/jest-circus/build/legacy-code-todo-rewrite/jestAdapter.js:79:19)
    at runTestInternal (/home/asabaal/asabaal_ventures/repos/midi_song_creation_tool/node_modules/jest-runner/build/runTest.js:367:16)
    at runTest (/home/asabaal/asabaal_ventures/repos/midi_song_creation_tool/node_modules/jest-runner/build/runTest.js:444:34)
----
    at Test._assertHeader (/home/asabaal/asabaal_ventures/repos/midi_song_creation_tool/node_modules/supertest/lib/test.js:232:16)
    at /home/asabaal/asabaal_ventures/repos/midi_song_creation_tool/node_modules/supertest/lib/test.js:308:13
    at Test._assertFunction (/home/asabaal/asabaal_ventures/repos/midi_song_creation_tool/node_modules/supertest/lib/test.js:285:13)
    at Test.assert (/home/asabaal/asabaal_ventures/repos/midi_song_creation_tool/node_modules/supertest/lib/test.js:164:23)
    at Server.localAssert (/home/asabaal/asabaal_ventures/repos/midi_song_creation_tool/node_modules/supertest/lib/test.js:120:14)
    at Object.onceWrapper (node:events:632:28)
    at Server.emit (node:events:518:28)
    at emitCloseNT (node:net:2375:8)
    at processTicksAndRejections (node:internal/process/task_queues:89:21)</failure>
    </testcase>
    <testcase classname="Session API › GET /api/sessions" name="should support filtering by date" time="0.002">
      <failure>Error: expected &quot;Content-Type&quot; matching /json/, got &quot;text/html; charset=utf-8&quot;
    at Object.expect (/home/asabaal/asabaal_ventures/repos/midi_song_creation_tool/tests/integration/api/sessionApi.test.js:63:10)
    at Promise.then.completed (/home/asabaal/asabaal_ventures/repos/midi_song_creation_tool/node_modules/jest-circus/build/utils.js:298:28)
    at new Promise (&lt;anonymous&gt;)
    at callAsyncCircusFn (/home/asabaal/asabaal_ventures/repos/midi_song_creation_tool/node_modules/jest-circus/build/utils.js:231:10)
    at _callCircusTest (/home/asabaal/asabaal_ventures/repos/midi_song_creation_tool/node_modules/jest-circus/build/run.js:316:40)
    at processTicksAndRejections (node:internal/process/task_queues:105:5)
    at _runTest (/home/asabaal/asabaal_ventures/repos/midi_song_creation_tool/node_modules/jest-circus/build/run.js:252:3)
    at _runTestsForDescribeBlock (/home/asabaal/asabaal_ventures/repos/midi_song_creation_tool/node_modules/jest-circus/build/run.js:126:9)
    at _runTestsForDescribeBlock (/home/asabaal/asabaal_ventures/repos/midi_song_creation_tool/node_modules/jest-circus/build/run.js:121:9)
    at _runTestsForDescribeBlock (/home/asabaal/asabaal_ventures/repos/midi_song_creation_tool/node_modules/jest-circus/build/run.js:121:9)
    at run (/home/asabaal/asabaal_ventures/repos/midi_song_creation_tool/node_modules/jest-circus/build/run.js:71:3)
    at runAndTransformResultsToJestFormat (/home/asabaal/asabaal_ventures/repos/midi_song_creation_tool/node_modules/jest-circus/build/legacy-code-todo-rewrite/jestAdapterInit.js:122:21)
    at jestAdapter (/home/asabaal/asabaal_ventures/repos/midi_song_creation_tool/node_modules/jest-circus/build/legacy-code-todo-rewrite/jestAdapter.js:79:19)
    at runTestInternal (/home/asabaal/asabaal_ventures/repos/midi_song_creation_tool/node_modules/jest-runner/build/runTest.js:367:16)
    at runTest (/home/asabaal/asabaal_ventures/repos/midi_song_creation_tool/node_modules/jest-runner/build/runTest.js:444:34)
----
    at Test._assertHeader (/home/asabaal/asabaal_ventures/repos/midi_song_creation_tool/node_modules/supertest/lib/test.js:232:16)
    at /home/asabaal/asabaal_ventures/repos/midi_song_creation_tool/node_modules/supertest/lib/test.js:308:13
    at Test._assertFunction (/home/asabaal/asabaal_ventures/repos/midi_song_creation_tool/node_modules/supertest/lib/test.js:285:13)
    at Test.assert (/home/asabaal/asabaal_ventures/repos/midi_song_creation_tool/node_modules/supertest/lib/test.js:164:23)
    at Server.localAssert (/home/asabaal/asabaal_ventures/repos/midi_song_creation_tool/node_modules/supertest/lib/test.js:120:14)
    at Object.onceWrapper (node:events:632:28)
    at Server.emit (node:events:518:28)
    at emitCloseNT (node:net:2375:8)
    at processTicksAndRejections (node:internal/process/task_queues:89:21)</failure>
    </testcase>
    <testcase classname="Session API › GET /api/sessions/:id" name="should retrieve a session by ID" time="0.002">
      <failure>Error: expected &quot;Content-Type&quot; matching /json/, got &quot;text/html; charset=utf-8&quot;
    at Object.expect (/home/asabaal/asabaal_ventures/repos/midi_song_creation_tool/tests/integration/api/sessionApi.test.js:91:10)
    at Promise.then.completed (/home/asabaal/asabaal_ventures/repos/midi_song_creation_tool/node_modules/jest-circus/build/utils.js:298:28)
    at new Promise (&lt;anonymous&gt;)
    at callAsyncCircusFn (/home/asabaal/asabaal_ventures/repos/midi_song_creation_tool/node_modules/jest-circus/build/utils.js:231:10)
    at _callCircusTest (/home/asabaal/asabaal_ventures/repos/midi_song_creation_tool/node_modules/jest-circus/build/run.js:316:40)
    at processTicksAndRejections (node:internal/process/task_queues:105:5)
    at _runTest (/home/asabaal/asabaal_ventures/repos/midi_song_creation_tool/node_modules/jest-circus/build/run.js:252:3)
    at _runTestsForDescribeBlock (/home/asabaal/asabaal_ventures/repos/midi_song_creation_tool/node_modules/jest-circus/build/run.js:126:9)
    at _runTestsForDescribeBlock (/home/asabaal/asabaal_ventures/repos/midi_song_creation_tool/node_modules/jest-circus/build/run.js:121:9)
    at _runTestsForDescribeBlock (/home/asabaal/asabaal_ventures/repos/midi_song_creation_tool/node_modules/jest-circus/build/run.js:121:9)
    at run (/home/asabaal/asabaal_ventures/repos/midi_song_creation_tool/node_modules/jest-circus/build/run.js:71:3)
    at runAndTransformResultsToJestFormat (/home/asabaal/asabaal_ventures/repos/midi_song_creation_tool/node_modules/jest-circus/build/legacy-code-todo-rewrite/jestAdapterInit.js:122:21)
    at jestAdapter (/home/asabaal/asabaal_ventures/repos/midi_song_creation_tool/node_modules/jest-circus/build/legacy-code-todo-rewrite/jestAdapter.js:79:19)
    at runTestInternal (/home/asabaal/asabaal_ventures/repos/midi_song_creation_tool/node_modules/jest-runner/build/runTest.js:367:16)
    at runTest (/home/asabaal/asabaal_ventures/repos/midi_song_creation_tool/node_modules/jest-runner/build/runTest.js:444:34)
----
    at Test._assertHeader (/home/asabaal/asabaal_ventures/repos/midi_song_creation_tool/node_modules/supertest/lib/test.js:232:16)
    at /home/asabaal/asabaal_ventures/repos/midi_song_creation_tool/node_modules/supertest/lib/test.js:308:13
    at Test._assertFunction (/home/asabaal/asabaal_ventures/repos/midi_song_creation_tool/node_modules/supertest/lib/test.js:285:13)
    at Test.assert (/home/asabaal/asabaal_ventures/repos/midi_song_creation_tool/node_modules/supertest/lib/test.js:164:23)
    at Server.localAssert (/home/asabaal/asabaal_ventures/repos/midi_song_creation_tool/node_modules/supertest/lib/test.js:120:14)
    at Object.onceWrapper (node:events:632:28)
    at Server.emit (node:events:518:28)
    at emitCloseNT (node:net:2375:8)
    at processTicksAndRejections (node:internal/process/task_queues:89:21)</failure>
    </testcase>
    <testcase classname="Session API › GET /api/sessions/:id" name="should return 404 for non-existent session" time="0.001">
    </testcase>
    <testcase classname="Session API › PUT /api/sessions/:id" name="should update a session" time="0.001">
      <failure>Error: expected &quot;Content-Type&quot; matching /json/, got &quot;text/html; charset=utf-8&quot;
    at Object.expect (/home/asabaal/asabaal_ventures/repos/midi_song_creation_tool/tests/integration/api/sessionApi.test.js:128:10)
    at Promise.then.completed (/home/asabaal/asabaal_ventures/repos/midi_song_creation_tool/node_modules/jest-circus/build/utils.js:298:28)
    at new Promise (&lt;anonymous&gt;)
    at callAsyncCircusFn (/home/asabaal/asabaal_ventures/repos/midi_song_creation_tool/node_modules/jest-circus/build/utils.js:231:10)
    at _callCircusTest (/home/asabaal/asabaal_ventures/repos/midi_song_creation_tool/node_modules/jest-circus/build/run.js:316:40)
    at processTicksAndRejections (node:internal/process/task_queues:105:5)
    at _runTest (/home/asabaal/asabaal_ventures/repos/midi_song_creation_tool/node_modules/jest-circus/build/run.js:252:3)
    at _runTestsForDescribeBlock (/home/asabaal/asabaal_ventures/repos/midi_song_creation_tool/node_modules/jest-circus/build/run.js:126:9)
    at _runTestsForDescribeBlock (/home/asabaal/asabaal_ventures/repos/midi_song_creation_tool/node_modules/jest-circus/build/run.js:121:9)
    at _runTestsForDescribeBlock (/home/asabaal/asabaal_ventures/repos/midi_song_creation_tool/node_modules/jest-circus/build/run.js:121:9)
    at run (/home/asabaal/asabaal_ventures/repos/midi_song_creation_tool/node_modules/jest-circus/build/run.js:71:3)
    at runAndTransformResultsToJestFormat (/home/asabaal/asabaal_ventures/repos/midi_song_creation_tool/node_modules/jest-circus/build/legacy-code-todo-rewrite/jestAdapterInit.js:122:21)
    at jestAdapter (/home/asabaal/asabaal_ventures/repos/midi_song_creation_tool/node_modules/jest-circus/build/legacy-code-todo-rewrite/jestAdapter.js:79:19)
    at runTestInternal (/home/asabaal/asabaal_ventures/repos/midi_song_creation_tool/node_modules/jest-runner/build/runTest.js:367:16)
    at runTest (/home/asabaal/asabaal_ventures/repos/midi_song_creation_tool/node_modules/jest-runner/build/runTest.js:444:34)
----
    at Test._assertHeader (/home/asabaal/asabaal_ventures/repos/midi_song_creation_tool/node_modules/supertest/lib/test.js:232:16)
    at /home/asabaal/asabaal_ventures/repos/midi_song_creation_tool/node_modules/supertest/lib/test.js:308:13
    at Test._assertFunction (/home/asabaal/asabaal_ventures/repos/midi_song_creation_tool/node_modules/supertest/lib/test.js:285:13)
    at Test.assert (/home/asabaal/asabaal_ventures/repos/midi_song_creation_tool/node_modules/supertest/lib/test.js:164:23)
    at Server.localAssert (/home/asabaal/asabaal_ventures/repos/midi_song_creation_tool/node_modules/supertest/lib/test.js:120:14)
    at Object.onceWrapper (node:events:632:28)
    at Server.emit (node:events:518:28)
    at emitCloseNT (node:net:2375:8)
    at processTicksAndRejections (node:internal/process/task_queues:89:21)</failure>
    </testcase>
    <testcase classname="Session API › DELETE /api/sessions/:id" name="should delete a session" time="0.001">
      <failure>Error: expected 204 &quot;No Content&quot;, got 404 &quot;Not Found&quot;
    at Object.expect (/home/asabaal/asabaal_ventures/repos/midi_song_creation_tool/tests/integration/api/sessionApi.test.js:158:10)
    at Promise.then.completed (/home/asabaal/asabaal_ventures/repos/midi_song_creation_tool/node_modules/jest-circus/build/utils.js:298:28)
    at new Promise (&lt;anonymous&gt;)
    at callAsyncCircusFn (/home/asabaal/asabaal_ventures/repos/midi_song_creation_tool/node_modules/jest-circus/build/utils.js:231:10)
    at _callCircusTest (/home/asabaal/asabaal_ventures/repos/midi_song_creation_tool/node_modules/jest-circus/build/run.js:316:40)
    at processTicksAndRejections (node:internal/process/task_queues:105:5)
    at _runTest (/home/asabaal/asabaal_ventures/repos/midi_song_creation_tool/node_modules/jest-circus/build/run.js:252:3)
    at _runTestsForDescribeBlock (/home/asabaal/asabaal_ventures/repos/midi_song_creation_tool/node_modules/jest-circus/build/run.js:126:9)
    at _runTestsForDescribeBlock (/home/asabaal/asabaal_ventures/repos/midi_song_creation_tool/node_modules/jest-circus/build/run.js:121:9)
    at _runTestsForDescribeBlock (/home/asabaal/asabaal_ventures/repos/midi_song_creation_tool/node_modules/jest-circus/build/run.js:121:9)
    at run (/home/asabaal/asabaal_ventures/repos/midi_song_creation_tool/node_modules/jest-circus/build/run.js:71:3)
    at runAndTransformResultsToJestFormat (/home/asabaal/asabaal_ventures/repos/midi_song_creation_tool/node_modules/jest-circus/build/legacy-code-todo-rewrite/jestAdapterInit.js:122:21)
    at jestAdapter (/home/asabaal/asabaal_ventures/repos/midi_song_creation_tool/node_modules/jest-circus/build/legacy-code-todo-rewrite/jestAdapter.js:79:19)
    at runTestInternal (/home/asabaal/asabaal_ventures/repos/midi_song_creation_tool/node_modules/jest-runner/build/runTest.js:367:16)
    at runTest (/home/asabaal/asabaal_ventures/repos/midi_song_creation_tool/node_modules/jest-runner/build/runTest.js:444:34)
----
    at Test._assertStatus (/home/asabaal/asabaal_ventures/repos/midi_song_creation_tool/node_modules/supertest/lib/test.js:252:14)
    at /home/asabaal/asabaal_ventures/repos/midi_song_creation_tool/node_modules/supertest/lib/test.js:308:13
    at Test._assertFunction (/home/asabaal/asabaal_ventures/repos/midi_song_creation_tool/node_modules/supertest/lib/test.js:285:13)
    at Test.assert (/home/asabaal/asabaal_ventures/repos/midi_song_creation_tool/node_modules/supertest/lib/test.js:164:23)
    at Server.localAssert (/home/asabaal/asabaal_ventures/repos/midi_song_creation_tool/node_modules/supertest/lib/test.js:120:14)
    at Object.onceWrapper (node:events:632:28)
    at Server.emit (node:events:518:28)
    at emitCloseNT (node:net:2375:8)
    at processTicksAndRejections (node:internal/process/task_queues:89:21)</failure>
    </testcase>
  </testsuite>
  <testsuite name="tests/unit/core/patternGenerator.test.js" errors="0" failures="0" skipped="0" timestamp="2025-03-08T19:44:31" time="0.055" tests="9">
    <testcase classname="Pattern Generators › ChordGenerator" name="should generate major chord correctly" time="0">
    </testcase>
    <testcase classname="Pattern Generators › ChordGenerator" name="should generate minor chord correctly" time="0">
    </testcase>
    <testcase classname="Pattern Generators › ChordGenerator" name="should generate chord progression" time="0.001">
    </testcase>
    <testcase classname="Pattern Generators › ChordGenerator" name="should handle invalid chord type" time="0.008">
    </testcase>
    <testcase classname="Pattern Generators › BasslineGenerator" name="should generate walking bassline" time="0.001">
    </testcase>
    <testcase classname="Pattern Generators › BasslineGenerator" name="should generate pattern bassline" time="0">
    </testcase>
    <testcase classname="Pattern Generators › DrumPatternGenerator" name="should generate basic drum pattern" time="0.001">
    </testcase>
    <testcase classname="Pattern Generators › DrumPatternGenerator" name="should handle different time signatures" time="0.001">
    </testcase>
    <testcase classname="Pattern Generators › DrumPatternGenerator" name="should generate fill patterns" time="0">
    </testcase>
  </testsuite>
  <testsuite name="tests/unit/core/midiExport.test.js" errors="0" failures="0" skipped="0" timestamp="2025-03-08T19:44:31" time="0.035" tests="4">
    <testcase classname="MidiExporter" name="should convert sequence to MIDI format" time="0.001">
    </testcase>
    <testcase classname="MidiExporter" name="should save MIDI file" time="0.001">
    </testcase>
    <testcase classname="MidiExporter" name="should handle empty sequence" time="0.001">
    </testcase>
    <testcase classname="MidiExporter" name="should preserve track-specific properties" time="0">
    </testcase>
  </testsuite>
  <testsuite name="tests/unit/core/midiSequence.test.js" errors="0" failures="0" skipped="0" timestamp="2025-03-08T19:44:31" time="0.019" tests="7">
    <testcase classname="MidiSequence" name="should initialize with correct default values" time="0.001">
    </testcase>
    <testcase classname="MidiSequence" name="should add a note correctly" time="0">
    </testcase>
    <testcase classname="MidiSequence" name="should remove a note correctly" time="0.001">
    </testcase>
    <testcase classname="MidiSequence" name="should calculate sequence duration correctly" time="0">
    </testcase>
    <testcase classname="MidiSequence" name="should quantize notes correctly" time="0">
    </testcase>
    <testcase classname="MidiSequence" name="should transpose notes correctly" time="0.001">
    </testcase>
    <testcase classname="MidiSequence" name="should handle note collisions" time="0">
    </testcase>
  </testsuite>
</testsuites>