<?xml version="1.0" encoding="UTF-8"?>
<testsuites name="jest tests" tests="52" failures="3" errors="0" time="2.171">
  <testsuite name="tests/unit/server/placeholder.test.js" errors="0" failures="0" skipped="0" timestamp="2025-03-09T23:55:41" time="0.884" tests="1">
    <testcase classname="Server Placeholder" name="should pass a simple test" time="0.006">
    </testcase>
  </testsuite>
  <testsuite name="tests/unit/core/midiSequence.test.js" errors="0" failures="0" skipped="0" timestamp="2025-03-09T23:55:41" time="1.005" tests="7">
    <testcase classname="MidiSequence" name="should initialize with correct default values" time="0.006">
    </testcase>
    <testcase classname="MidiSequence" name="should add a note correctly" time="0.001">
    </testcase>
    <testcase classname="MidiSequence" name="should remove a note correctly" time="0.001">
    </testcase>
    <testcase classname="MidiSequence" name="should calculate sequence duration correctly" time="0">
    </testcase>
    <testcase classname="MidiSequence" name="should quantize notes correctly" time="0.001">
    </testcase>
    <testcase classname="MidiSequence" name="should transpose notes correctly" time="0.001">
    </testcase>
    <testcase classname="MidiSequence" name="should handle note collisions" time="0">
    </testcase>
  </testsuite>
  <testsuite name="tests/unit/core/patternGenerator.test.js" errors="0" failures="0" skipped="0" timestamp="2025-03-09T23:55:41" time="1.109" tests="9">
    <testcase classname="Pattern Generators › ChordGenerator" name="should generate major chord correctly" time="0.005">
    </testcase>
    <testcase classname="Pattern Generators › ChordGenerator" name="should generate minor chord correctly" time="0">
    </testcase>
    <testcase classname="Pattern Generators › ChordGenerator" name="should generate chord progression" time="0.002">
    </testcase>
    <testcase classname="Pattern Generators › ChordGenerator" name="should handle invalid chord type" time="0.018">
    </testcase>
    <testcase classname="Pattern Generators › BasslineGenerator" name="should generate walking bassline" time="0.001">
    </testcase>
    <testcase classname="Pattern Generators › BasslineGenerator" name="should generate pattern bassline" time="0.006">
    </testcase>
    <testcase classname="Pattern Generators › DrumPatternGenerator" name="should generate basic drum pattern" time="0.001">
    </testcase>
    <testcase classname="Pattern Generators › DrumPatternGenerator" name="should handle different time signatures" time="0.001">
    </testcase>
    <testcase classname="Pattern Generators › DrumPatternGenerator" name="should generate fill patterns" time="0.001">
    </testcase>
  </testsuite>
  <testsuite name="tests/unit/core/musicTheory.test.js" errors="0" failures="1" skipped="0" timestamp="2025-03-09T23:55:41" time="1.118" tests="24">
    <testcase classname="Music Theory Module › Note Conversion" name="should convert note names to MIDI note numbers" time="0.006">
    </testcase>
    <testcase classname="Music Theory Module › Note Conversion" name="should handle flat note names" time="0.001">
    </testcase>
    <testcase classname="Music Theory Module › Note Conversion" name="should handle different octaves" time="0.002">
    </testcase>
    <testcase classname="Music Theory Module › Note Conversion" name="should throw error for invalid note names" time="0.025">
    </testcase>
    <testcase classname="Music Theory Module › Note Conversion" name="should convert MIDI note numbers to note names" time="0.001">
    </testcase>
    <testcase classname="Music Theory Module › Note Conversion" name="should be able to convert back and forth" time="0.001">
    </testcase>
    <testcase classname="Music Theory Module › Scale Generation" name="should generate major scale correctly" time="0.001">
    </testcase>
    <testcase classname="Music Theory Module › Scale Generation" name="should generate minor scale correctly" time="0.001">
    </testcase>
    <testcase classname="Music Theory Module › Scale Generation" name="should generate pentatonic scale correctly" time="0">
    </testcase>
    <testcase classname="Music Theory Module › Scale Generation" name="should generate blues scale correctly" time="0.001">
    </testcase>
    <testcase classname="Music Theory Module › Scale Generation" name="should generate modal scales correctly" time="0">
    </testcase>
    <testcase classname="Music Theory Module › Scale Generation" name="should throw error for unknown scale type" time="0.001">
    </testcase>
    <testcase classname="Music Theory Module › Chord Generation" name="should generate major chord correctly" time="0.001">
    </testcase>
    <testcase classname="Music Theory Module › Chord Generation" name="should generate minor chord correctly" time="0">
    </testcase>
    <testcase classname="Music Theory Module › Chord Generation" name="should generate seventh chords correctly" time="0">
    </testcase>
    <testcase classname="Music Theory Module › Chord Generation" name="should generate diminished and augmented chords correctly" time="0.001">
    </testcase>
    <testcase classname="Music Theory Module › Chord Generation" name="should generate suspended chords correctly" time="0">
    </testcase>
    <testcase classname="Music Theory Module › Chord Generation" name="should throw error for unknown chord type" time="0.001">
    </testcase>
    <testcase classname="Music Theory Module › Key Signature" name="should return correct key signature for major keys" time="0.001">
    </testcase>
    <testcase classname="Music Theory Module › Key Signature" name="should return correct key signature for minor keys" time="0.005">
    </testcase>
    <testcase classname="Music Theory Module › Key Signature" name="should throw error for invalid mode" time="0.001">
    </testcase>
    <testcase classname="Music Theory Module › Chord Progression" name="should generate a I-IV-V-I progression in C major" time="0.001">
    </testcase>
    <testcase classname="Music Theory Module › Chord Progression" name="should generate a i-iv-v-i progression in A minor" time="0.001">
      <failure>Error: expect(received).toContain(expected) // indexOf

Expected value: 62
Received array: [74, 78, 81]
    at Object.toContain (/home/asabaal/asabaal_ventures/repos/midi_song_creation_tool/tests/unit/core/musicTheory.test.js:253:30)
    at Promise.then.completed (/home/asabaal/asabaal_ventures/repos/midi_song_creation_tool/node_modules/jest-circus/build/utils.js:298:28)
    at new Promise (&lt;anonymous&gt;)
    at callAsyncCircusFn (/home/asabaal/asabaal_ventures/repos/midi_song_creation_tool/node_modules/jest-circus/build/utils.js:231:10)
    at _callCircusTest (/home/asabaal/asabaal_ventures/repos/midi_song_creation_tool/node_modules/jest-circus/build/run.js:316:40)
    at processTicksAndRejections (node:internal/process/task_queues:105:5)
    at _runTest (/home/asabaal/asabaal_ventures/repos/midi_song_creation_tool/node_modules/jest-circus/build/run.js:252:3)
    at _runTestsForDescribeBlock (/home/asabaal/asabaal_ventures/repos/midi_song_creation_tool/node_modules/jest-circus/build/run.js:126:9)
    at _runTestsForDescribeBlock (/home/asabaal/asabaal_ventures/repos/midi_song_creation_tool/node_modules/jest-circus/build/run.js:121:9)
    at _runTestsForDescribeBlock (/home/asabaal/asabaal_ventures/repos/midi_song_creation_tool/node_modules/jest-circus/build/run.js:121:9)
    at run (/home/asabaal/asabaal_ventures/repos/midi_song_creation_tool/node_modules/jest-circus/build/run.js:71:3)
    at runAndTransformResultsToJestFormat (/home/asabaal/asabaal_ventures/repos/midi_song_creation_tool/node_modules/jest-circus/build/legacy-code-todo-rewrite/jestAdapterInit.js:122:21)
    at jestAdapter (/home/asabaal/asabaal_ventures/repos/midi_song_creation_tool/node_modules/jest-circus/build/legacy-code-todo-rewrite/jestAdapter.js:79:19)
    at runTestInternal (/home/asabaal/asabaal_ventures/repos/midi_song_creation_tool/node_modules/jest-runner/build/runTest.js:367:16)
    at runTest (/home/asabaal/asabaal_ventures/repos/midi_song_creation_tool/node_modules/jest-runner/build/runTest.js:444:34)
    at Object.worker (/home/asabaal/asabaal_ventures/repos/midi_song_creation_tool/node_modules/jest-runner/build/testWorker.js:106:12)</failure>
    </testcase>
    <testcase classname="Music Theory Module › Chord Progression" name="should throw error for invalid Roman numeral" time="0">
    </testcase>
  </testsuite>
  <testsuite name="tests/unit/core/midiExport.test.js" errors="0" failures="0" skipped="0" timestamp="2025-03-09T23:55:41" time="1.169" tests="4">
    <testcase classname="MidiExporter" name="should convert sequence to MIDI format" time="0.003">
    </testcase>
    <testcase classname="MidiExporter" name="should save MIDI file" time="0.001">
    </testcase>
    <testcase classname="MidiExporter" name="should handle empty sequence" time="0.001">
    </testcase>
    <testcase classname="MidiExporter" name="should preserve track-specific properties" time="0">
    </testcase>
  </testsuite>
  <testsuite name="tests/unit/core/midiFileExport.test.js" errors="0" failures="2" skipped="0" timestamp="2025-03-09T23:55:41" time="1.224" tests="7">
    <testcase classname="MIDI File Export Module › exportMidiFile" name="should export a MIDI file with a single track" time="0.007">
    </testcase>
    <testcase classname="MIDI File Export Module › exportMidiFile" name="should export a MIDI file with multiple tracks" time="0">
    </testcase>
    <testcase classname="MIDI File Export Module › exportMidiFile" name="should handle empty tracks" time="0.001">
    </testcase>
    <testcase classname="MIDI File Export Module › exportMidiFile" name="should apply tempo and time signature settings" time="0.001">
    </testcase>
    <testcase classname="MIDI File Export Module › exportMidiFile" name="should throw an error when given an invalid output path" time="0.017">
      <failure>Error: expect(received).rejects.toThrow()

Received promise resolved instead of rejected
Resolved to value: &quot;/invalid/location/test.mid&quot;
    at expect (/home/asabaal/asabaal_ventures/repos/midi_song_creation_tool/node_modules/expect/build/index.js:113:15)
    at expect (/home/asabaal/asabaal_ventures/repos/midi_song_creation_tool/tests/unit/core/midiFileExport.test.js:171:13)
    at call (/home/asabaal/asabaal_ventures/repos/midi_song_creation_tool/tests/unit/core/midiFileExport.test.js:2:1)
    at Generator.tryCatch (/home/asabaal/asabaal_ventures/repos/midi_song_creation_tool/tests/unit/core/midiFileExport.test.js:2:1)
    at Generator._invoke [as next] (/home/asabaal/asabaal_ventures/repos/midi_song_creation_tool/tests/unit/core/midiFileExport.test.js:2:1)
    at asyncGeneratorStep (/home/asabaal/asabaal_ventures/repos/midi_song_creation_tool/tests/unit/core/midiFileExport.test.js:2:1)
    at asyncGeneratorStep (/home/asabaal/asabaal_ventures/repos/midi_song_creation_tool/tests/unit/core/midiFileExport.test.js:2:1)
    at _next (/home/asabaal/asabaal_ventures/repos/midi_song_creation_tool/tests/unit/core/midiFileExport.test.js:2:1)
    at new Promise (&lt;anonymous&gt;)
    at Object.&lt;anonymous&gt; (/home/asabaal/asabaal_ventures/repos/midi_song_creation_tool/tests/unit/core/midiFileExport.test.js:2:1)
    at Promise.then.completed (/home/asabaal/asabaal_ventures/repos/midi_song_creation_tool/node_modules/jest-circus/build/utils.js:298:28)
    at new Promise (&lt;anonymous&gt;)
    at callAsyncCircusFn (/home/asabaal/asabaal_ventures/repos/midi_song_creation_tool/node_modules/jest-circus/build/utils.js:231:10)
    at _callCircusTest (/home/asabaal/asabaal_ventures/repos/midi_song_creation_tool/node_modules/jest-circus/build/run.js:316:40)
    at _runTest (/home/asabaal/asabaal_ventures/repos/midi_song_creation_tool/node_modules/jest-circus/build/run.js:252:3)
    at _runTestsForDescribeBlock (/home/asabaal/asabaal_ventures/repos/midi_song_creation_tool/node_modules/jest-circus/build/run.js:126:9)
    at _runTestsForDescribeBlock (/home/asabaal/asabaal_ventures/repos/midi_song_creation_tool/node_modules/jest-circus/build/run.js:121:9)
    at _runTestsForDescribeBlock (/home/asabaal/asabaal_ventures/repos/midi_song_creation_tool/node_modules/jest-circus/build/run.js:121:9)
    at run (/home/asabaal/asabaal_ventures/repos/midi_song_creation_tool/node_modules/jest-circus/build/run.js:71:3)
    at runAndTransformResultsToJestFormat (/home/asabaal/asabaal_ventures/repos/midi_song_creation_tool/node_modules/jest-circus/build/legacy-code-todo-rewrite/jestAdapterInit.js:122:21)
    at jestAdapter (/home/asabaal/asabaal_ventures/repos/midi_song_creation_tool/node_modules/jest-circus/build/legacy-code-todo-rewrite/jestAdapter.js:79:19)
    at runTestInternal (/home/asabaal/asabaal_ventures/repos/midi_song_creation_tool/node_modules/jest-runner/build/runTest.js:367:16)
    at runTest (/home/asabaal/asabaal_ventures/repos/midi_song_creation_tool/node_modules/jest-runner/build/runTest.js:444:34)
    at Object.worker (/home/asabaal/asabaal_ventures/repos/midi_song_creation_tool/node_modules/jest-runner/build/testWorker.js:106:12)</failure>
    </testcase>
    <testcase classname="MIDI File Export Module › createMidiBuffer" name="should create a valid MIDI buffer from a sequence" time="0">
    </testcase>
    <testcase classname="MIDI File Export Module › createMidiBuffer" name="should include all tracks in the MIDI buffer" time="0.001">
      <failure>Error: expect(received).toBeGreaterThanOrEqual(expected)

Expected: &gt;= 2
Received:    0
    at Object.toBeGreaterThanOrEqual (/home/asabaal/asabaal_ventures/repos/midi_song_creation_tool/tests/unit/core/midiFileExport.test.js:243:26)
    at Promise.then.completed (/home/asabaal/asabaal_ventures/repos/midi_song_creation_tool/node_modules/jest-circus/build/utils.js:298:28)
    at new Promise (&lt;anonymous&gt;)
    at callAsyncCircusFn (/home/asabaal/asabaal_ventures/repos/midi_song_creation_tool/node_modules/jest-circus/build/utils.js:231:10)
    at _callCircusTest (/home/asabaal/asabaal_ventures/repos/midi_song_creation_tool/node_modules/jest-circus/build/run.js:316:40)
    at _runTest (/home/asabaal/asabaal_ventures/repos/midi_song_creation_tool/node_modules/jest-circus/build/run.js:252:3)
    at _runTestsForDescribeBlock (/home/asabaal/asabaal_ventures/repos/midi_song_creation_tool/node_modules/jest-circus/build/run.js:126:9)
    at _runTestsForDescribeBlock (/home/asabaal/asabaal_ventures/repos/midi_song_creation_tool/node_modules/jest-circus/build/run.js:121:9)
    at _runTestsForDescribeBlock (/home/asabaal/asabaal_ventures/repos/midi_song_creation_tool/node_modules/jest-circus/build/run.js:121:9)
    at run (/home/asabaal/asabaal_ventures/repos/midi_song_creation_tool/node_modules/jest-circus/build/run.js:71:3)
    at runAndTransformResultsToJestFormat (/home/asabaal/asabaal_ventures/repos/midi_song_creation_tool/node_modules/jest-circus/build/legacy-code-todo-rewrite/jestAdapterInit.js:122:21)
    at jestAdapter (/home/asabaal/asabaal_ventures/repos/midi_song_creation_tool/node_modules/jest-circus/build/legacy-code-todo-rewrite/jestAdapter.js:79:19)
    at runTestInternal (/home/asabaal/asabaal_ventures/repos/midi_song_creation_tool/node_modules/jest-runner/build/runTest.js:367:16)
    at runTest (/home/asabaal/asabaal_ventures/repos/midi_song_creation_tool/node_modules/jest-runner/build/runTest.js:444:34)
    at Object.worker (/home/asabaal/asabaal_ventures/repos/midi_song_creation_tool/node_modules/jest-runner/build/testWorker.js:106:12)</failure>
    </testcase>
  </testsuite>
</testsuites>